TN:
SF:src/config/database.js
FN:15,(anonymous_0)
FN:16,(anonymous_1)
FN:17,(anonymous_2)
FN:105,(anonymous_3)
FNF:4
FNH:4
FNDA:3,(anonymous_0)
FNDA:3,(anonymous_1)
FNDA:3,(anonymous_2)
FNDA:2,(anonymous_3)
DA:1,3
DA:2,3
DA:3,3
DA:5,3
DA:6,3
DA:9,3
DA:10,0
DA:13,3
DA:15,3
DA:16,3
DA:17,3
DA:19,3
DA:31,3
DA:42,3
DA:66,3
DA:80,3
DA:88,3
DA:99,3
DA:100,3
DA:101,3
DA:102,3
DA:103,3
DA:105,3
DA:106,2
DA:107,2
DA:113,3
LF:26
LH:25
BRDA:5,0,0,3
BRDA:5,0,1,0
BRDA:9,1,0,0
BRDA:9,1,1,3
BRDA:106,2,0,0
BRDA:106,2,1,2
BRF:6
BRH:3
end_of_record
TN:
SF:src/controllers/authController.js
FN:4,(anonymous_0)
FN:10,(anonymous_1)
FN:38,(anonymous_2)
FN:70,(anonymous_3)
FN:83,(anonymous_4)
FN:98,(anonymous_5)
FNF:6
FNH:3
FNDA:2,(anonymous_0)
FNDA:3,(anonymous_1)
FNDA:3,(anonymous_2)
FNDA:0,(anonymous_3)
FNDA:0,(anonymous_4)
FNDA:0,(anonymous_5)
DA:1,3
DA:2,3
DA:4,3
DA:5,2
DA:10,3
DA:11,3
DA:12,3
DA:15,3
DA:16,3
DA:17,3
DA:21,0
DA:22,0
DA:24,0
DA:34,0
DA:38,3
DA:39,3
DA:40,3
DA:43,3
DA:44,3
DA:45,0
DA:49,3
DA:50,3
DA:51,1
DA:54,2
DA:56,2
DA:66,0
DA:70,3
DA:71,0
DA:72,0
DA:73,0
DA:74,0
DA:77,0
DA:79,0
DA:83,3
DA:84,0
DA:85,0
DA:86,0
DA:88,0
DA:89,0
DA:92,0
DA:94,0
DA:98,3
DA:99,0
DA:100,0
DA:103,0
DA:104,0
DA:105,0
DA:109,0
DA:110,0
DA:111,0
DA:112,0
DA:116,0
DA:118,0
DA:120,0
LF:54
LH:23
BRDA:5,0,0,2
BRDA:5,0,1,0
BRDA:16,1,0,3
BRDA:16,1,1,0
BRDA:44,2,0,0
BRDA:44,2,1,3
BRDA:50,3,0,1
BRDA:50,3,1,2
BRDA:73,4,0,0
BRDA:73,4,1,0
BRDA:88,5,0,0
BRDA:88,5,1,0
BRDA:104,6,0,0
BRDA:104,6,1,0
BRDA:111,7,0,0
BRDA:111,7,1,0
BRF:16
BRH:5
end_of_record
TN:
SF:src/controllers/categoryController.js
FN:3,(anonymous_0)
FN:15,(anonymous_1)
FN:21,(anonymous_2)
FN:33,(anonymous_3)
FN:49,(anonymous_4)
FN:62,(anonymous_5)
FNF:6
FNH:0
FNDA:0,(anonymous_0)
FNDA:0,(anonymous_1)
FNDA:0,(anonymous_2)
FNDA:0,(anonymous_3)
FNDA:0,(anonymous_4)
FNDA:0,(anonymous_5)
DA:1,3
DA:3,3
DA:4,0
DA:5,0
DA:6,0
DA:11,0
DA:15,3
DA:16,0
DA:17,0
DA:20,0
DA:22,0
DA:23,0
DA:27,0
DA:29,0
DA:33,3
DA:34,0
DA:35,0
DA:36,0
DA:37,0
DA:40,0
DA:41,0
DA:45,0
DA:49,3
DA:50,0
DA:51,0
DA:52,0
DA:53,0
DA:56,0
DA:58,0
DA:62,3
DA:63,0
DA:64,0
DA:65,0
DA:66,0
DA:69,0
DA:71,0
LF:36
LH:6
BRDA:36,0,0,0
BRDA:36,0,1,0
BRDA:52,1,0,0
BRDA:52,1,1,0
BRDA:65,2,0,0
BRDA:65,2,1,0
BRF:6
BRH:0
end_of_record
TN:
SF:src/controllers/recipeController.js
FN:12,(anonymous_0)
FN:27,(anonymous_1)
FN:51,(anonymous_2)
FN:73,(anonymous_3)
FN:89,(anonymous_4)
FN:102,(anonymous_5)
FN:128,(anonymous_6)
FN:141,(anonymous_7)
FN:154,(anonymous_8)
FNF:9
FNH:2
FNDA:0,(anonymous_0)
FNDA:3,(anonymous_1)
FNDA:2,(anonymous_2)
FNDA:0,(anonymous_3)
FNDA:0,(anonymous_4)
FNDA:0,(anonymous_5)
FNDA:0,(anonymous_6)
FNDA:0,(anonymous_7)
FNDA:0,(anonymous_8)
DA:1,3
DA:2,3
DA:3,3
DA:4,3
DA:5,3
DA:8,3
DA:9,3
DA:13,0
DA:14,0
DA:15,0
DA:17,0
DA:18,0
DA:20,0
DA:25,3
DA:27,3
DA:28,3
DA:30,0
DA:31,0
DA:32,0
DA:33,0
DA:36,0
DA:37,0
DA:39,0
DA:44,0
DA:45,0
DA:47,0
DA:51,3
DA:52,2
DA:53,2
DA:54,2
DA:55,0
DA:59,2
DA:60,0
DA:63,2
DA:64,0
DA:69,2
DA:73,3
DA:74,0
DA:75,0
DA:82,0
DA:83,0
DA:85,0
DA:89,3
DA:90,0
DA:91,0
DA:92,0
DA:93,0
DA:96,0
DA:98,0
DA:102,3
DA:103,0
DA:104,0
DA:105,0
DA:106,0
DA:110,0
DA:111,0
DA:114,0
DA:115,0
DA:116,0
DA:119,0
DA:124,0
DA:128,3
DA:129,0
DA:130,0
DA:131,0
DA:132,0
DA:135,0
DA:137,0
DA:141,3
DA:142,0
DA:143,0
DA:144,0
DA:145,0
DA:148,0
DA:150,0
DA:154,3
DA:155,0
DA:156,0
DA:157,0
DA:158,0
DA:161,0
DA:162,0
DA:163,0
DA:166,0
DA:168,0
LF:85
LH:23
BRDA:17,0,0,0
BRDA:17,0,1,0
BRDA:17,1,0,0
BRDA:17,1,1,0
BRDA:28,2,0,3
BRDA:28,2,1,0
BRDA:32,3,0,0
BRDA:32,3,1,0
BRDA:54,4,0,0
BRDA:54,4,1,2
BRDA:59,5,0,0
BRDA:59,5,1,2
BRDA:92,6,0,0
BRDA:92,6,1,0
BRDA:105,7,0,0
BRDA:105,7,1,0
BRDA:110,8,0,0
BRDA:110,8,1,0
BRDA:115,9,0,0
BRDA:115,9,1,0
BRDA:131,10,0,0
BRDA:131,10,1,0
BRDA:144,11,0,0
BRDA:144,11,1,0
BRDA:157,12,0,0
BRDA:157,12,1,0
BRDA:157,13,0,0
BRDA:157,13,1,0
BRDA:157,13,2,0
BRDA:162,14,0,0
BRDA:162,14,1,0
BRF:31
BRH:3
end_of_record
TN:
SF:src/middleware/auth.js
FN:3,(anonymous_0)
FNF:1
FNH:1
FNDA:6,(anonymous_0)
DA:1,3
DA:3,3
DA:4,6
DA:6,6
DA:7,3
DA:10,3
DA:11,3
DA:12,3
DA:13,3
DA:15,0
LF:10
LH:9
BRDA:6,0,0,3
BRDA:6,0,1,3
BRDA:11,1,0,3
BRDA:11,1,1,0
BRF:4
BRH:3
end_of_record
TN:
SF:src/middleware/errorHandler.js
FN:1,(anonymous_0)
FNF:1
FNH:1
FNDA:2,(anonymous_0)
DA:1,3
DA:2,2
DA:5,2
DA:6,0
DA:10,2
DA:11,2
DA:15,0
DA:16,0
DA:19,0
DA:20,0
DA:24,0
LF:11
LH:5
BRDA:5,0,0,0
BRDA:5,0,1,2
BRDA:10,1,0,2
BRDA:10,1,1,0
BRDA:15,2,0,0
BRDA:15,2,1,0
BRDA:19,3,0,0
BRDA:19,3,1,0
BRDA:24,4,0,0
BRDA:24,4,1,0
BRDA:25,5,0,0
BRDA:25,5,1,0
BRDA:26,6,0,0
BRDA:26,6,1,0
BRF:14
BRH:2
end_of_record
TN:
SF:src/middleware/validation.js
FN:3,(anonymous_0)
FNF:1
FNH:1
FNDA:11,(anonymous_0)
DA:1,3
DA:3,3
DA:4,11
DA:5,11
DA:6,3
DA:8,8
DA:11,3
DA:18,3
DA:24,3
DA:34,3
DA:40,3
LF:11
LH:11
BRDA:5,0,0,3
BRDA:5,0,1,8
BRF:2
BRH:2
end_of_record
TN:
SF:src/models/Category.js
FN:4,(anonymous_0)
FN:6,(anonymous_1)
FN:10,(anonymous_2)
FN:17,(anonymous_3)
FN:18,(anonymous_4)
FN:19,(anonymous_5)
FN:26,(anonymous_6)
FN:27,(anonymous_7)
FN:28,(anonymous_8)
FN:35,(anonymous_9)
FN:37,(anonymous_10)
FN:42,(anonymous_11)
FN:49,(anonymous_12)
FN:50,(anonymous_13)
FN:51,(anonymous_14)
FN:58,(anonymous_15)
FN:59,(anonymous_16)
FN:60,(anonymous_17)
FNF:18
FNH:0
FNDA:0,(anonymous_0)
FNDA:0,(anonymous_1)
FNDA:0,(anonymous_2)
FNDA:0,(anonymous_3)
FNDA:0,(anonymous_4)
FNDA:0,(anonymous_5)
FNDA:0,(anonymous_6)
FNDA:0,(anonymous_7)
FNDA:0,(anonymous_8)
FNDA:0,(anonymous_9)
FNDA:0,(anonymous_10)
FNDA:0,(anonymous_11)
FNDA:0,(anonymous_12)
FNDA:0,(anonymous_13)
FNDA:0,(anonymous_14)
FNDA:0,(anonymous_15)
FNDA:0,(anonymous_16)
FNDA:0,(anonymous_17)
DA:1,3
DA:5,0
DA:6,0
DA:7,0
DA:11,0
DA:12,0
DA:18,0
DA:19,0
DA:20,0
DA:21,0
DA:27,0
DA:28,0
DA:29,0
DA:30,0
DA:36,0
DA:37,0
DA:38,0
DA:43,0
DA:44,0
DA:50,0
DA:51,0
DA:52,0
DA:53,0
DA:59,0
DA:60,0
DA:61,0
DA:62,0
DA:68,3
LF:28
LH:2
BRDA:10,0,0,0
BRDA:10,0,1,0
BRDA:11,1,0,0
BRDA:11,1,1,0
BRDA:20,2,0,0
BRDA:20,2,1,0
BRDA:29,3,0,0
BRDA:29,3,1,0
BRDA:43,4,0,0
BRDA:43,4,1,0
BRDA:52,5,0,0
BRDA:52,5,1,0
BRDA:61,6,0,0
BRDA:61,6,1,0
BRF:14
BRH:0
end_of_record
TN:
SF:src/models/Recipe.js
FN:4,(anonymous_0)
FN:5,(anonymous_1)
FN:8,(anonymous_2)
FN:15,(anonymous_3)
FN:25,(anonymous_4)
FN:26,(anonymous_5)
FN:30,(anonymous_6)
FN:37,(anonymous_7)
FN:38,(anonymous_8)
FN:42,(anonymous_9)
FN:47,(anonymous_10)
FN:57,(anonymous_11)
FN:58,(anonymous_12)
FN:90,(anonymous_13)
FN:97,(anonymous_14)
FN:98,(anonymous_15)
FN:104,(anonymous_16)
FN:113,(anonymous_17)
FN:123,(anonymous_18)
FN:124,(anonymous_19)
FN:127,(anonymous_20)
FN:136,(anonymous_21)
FN:148,(anonymous_22)
FN:156,(anonymous_23)
FN:157,(anonymous_24)
FN:161,(anonymous_25)
FN:168,(anonymous_26)
FN:169,(anonymous_27)
FN:173,(anonymous_28)
FN:178,(anonymous_29)
FN:189,(anonymous_30)
FN:190,(anonymous_31)
FN:191,(anonymous_32)
FN:198,(anonymous_33)
FN:199,(anonymous_34)
FN:204,(anonymous_35)
FN:211,(anonymous_36)
FN:212,(anonymous_37)
FN:217,(anonymous_38)
FNF:39
FNH:8
FNDA:2,(anonymous_0)
FNDA:2,(anonymous_1)
FNDA:2,(anonymous_2)
FNDA:2,(anonymous_3)
FNDA:4,(anonymous_4)
FNDA:4,(anonymous_5)
FNDA:4,(anonymous_6)
FNDA:0,(anonymous_7)
FNDA:0,(anonymous_8)
FNDA:2,(anonymous_9)
FNDA:0,(anonymous_10)
FNDA:0,(anonymous_11)
FNDA:0,(anonymous_12)
FNDA:0,(anonymous_13)
FNDA:0,(anonymous_14)
FNDA:0,(anonymous_15)
FNDA:0,(anonymous_16)
FNDA:0,(anonymous_17)
FNDA:0,(anonymous_18)
FNDA:0,(anonymous_19)
FNDA:0,(anonymous_20)
FNDA:0,(anonymous_21)
FNDA:0,(anonymous_22)
FNDA:0,(anonymous_23)
FNDA:0,(anonymous_24)
FNDA:0,(anonymous_25)
FNDA:0,(anonymous_26)
FNDA:0,(anonymous_27)
FNDA:0,(anonymous_28)
FNDA:0,(anonymous_29)
FNDA:0,(anonymous_30)
FNDA:0,(anonymous_31)
FNDA:0,(anonymous_32)
FNDA:0,(anonymous_33)
FNDA:0,(anonymous_34)
FNDA:0,(anonymous_35)
FNDA:0,(anonymous_36)
FNDA:0,(anonymous_37)
FNDA:0,(anonymous_38)
DA:1,3
DA:5,2
DA:6,2
DA:8,2
DA:9,2
DA:12,2
DA:16,2
DA:17,0
DA:18,0
DA:21,2
DA:24,2
DA:25,2
DA:26,4
DA:27,4
DA:31,4
DA:32,0
DA:37,2
DA:38,0
DA:39,0
DA:40,0
DA:43,2
DA:44,2
DA:47,0
DA:48,0
DA:49,0
DA:58,0
DA:59,0
DA:65,0
DA:67,0
DA:68,0
DA:69,0
DA:72,0
DA:73,0
DA:74,0
DA:77,0
DA:78,0
DA:79,0
DA:82,0
DA:83,0
DA:84,0
DA:85,0
DA:88,0
DA:90,0
DA:91,0
DA:92,0
DA:98,0
DA:99,0
DA:105,0
DA:106,0
DA:109,0
DA:114,0
DA:116,0
DA:117,0
DA:124,0
DA:125,0
DA:127,0
DA:128,0
DA:131,0
DA:137,0
DA:138,0
DA:139,0
DA:142,0
DA:143,0
DA:144,0
DA:148,0
DA:149,0
DA:150,0
DA:151,0
DA:155,0
DA:156,0
DA:157,0
DA:158,0
DA:162,0
DA:163,0
DA:168,0
DA:169,0
DA:170,0
DA:171,0
DA:174,0
DA:175,0
DA:178,0
DA:179,0
DA:180,0
DA:190,0
DA:191,0
DA:192,0
DA:193,0
DA:199,0
DA:200,0
DA:205,0
DA:206,0
DA:212,0
DA:213,0
DA:218,0
DA:219,0
DA:225,3
LF:96
LH:17
BRDA:16,0,0,0
BRDA:16,0,1,2
BRDA:24,1,0,2
BRDA:24,1,1,0
BRDA:24,2,0,2
BRDA:24,2,1,2
BRDA:31,3,0,4
BRDA:31,3,1,0
BRDA:39,4,0,0
BRDA:39,4,1,0
BRDA:48,5,0,0
BRDA:48,5,1,0
BRDA:57,6,0,0
BRDA:67,7,0,0
BRDA:67,7,1,0
BRDA:72,8,0,0
BRDA:72,8,1,0
BRDA:77,9,0,0
BRDA:77,9,1,0
BRDA:79,10,0,0
BRDA:79,10,1,0
BRDA:82,11,0,0
BRDA:82,11,1,0
BRDA:91,12,0,0
BRDA:91,12,1,0
BRDA:105,13,0,0
BRDA:105,13,1,0
BRDA:106,14,0,0
BRDA:106,14,1,0
BRDA:114,15,0,0
BRDA:114,15,1,0
BRDA:137,16,0,0
BRDA:137,16,1,0
BRDA:142,17,0,0
BRDA:142,17,1,0
BRDA:149,18,0,0
BRDA:149,18,1,0
BRDA:155,19,0,0
BRDA:155,19,1,0
BRDA:155,20,0,0
BRDA:155,20,1,0
BRDA:162,21,0,0
BRDA:162,21,1,0
BRDA:170,22,0,0
BRDA:170,22,1,0
BRDA:179,23,0,0
BRDA:179,23,1,0
BRDA:192,24,0,0
BRDA:192,24,1,0
BRDA:205,25,0,0
BRDA:205,25,1,0
BRDA:218,26,0,0
BRDA:218,26,1,0
BRF:53
BRH:5
end_of_record
TN:
SF:src/models/User.js
FN:5,(anonymous_0)
FN:9,(anonymous_1)
FN:13,(anonymous_2)
FN:20,(anonymous_3)
FN:21,(anonymous_4)
FN:22,(anonymous_5)
FN:29,(anonymous_6)
FN:30,(anonymous_7)
FN:31,(anonymous_8)
FN:38,(anonymous_9)
FN:42,(anonymous_10)
FN:44,(anonymous_11)
FN:49,(anonymous_12)
FN:56,(anonymous_13)
FN:58,(anonymous_14)
FN:63,(anonymous_15)
FNF:16
FNH:4
FNDA:0,(anonymous_0)
FNDA:0,(anonymous_1)
FNDA:0,(anonymous_2)
FNDA:6,(anonymous_3)
FNDA:6,(anonymous_4)
FNDA:6,(anonymous_5)
FNDA:0,(anonymous_6)
FNDA:0,(anonymous_7)
FNDA:0,(anonymous_8)
FNDA:3,(anonymous_9)
FNDA:0,(anonymous_10)
FNDA:0,(anonymous_11)
FNDA:0,(anonymous_12)
FNDA:0,(anonymous_13)
FNDA:0,(anonymous_14)
FNDA:0,(anonymous_15)
DA:1,3
DA:2,3
DA:6,0
DA:7,0
DA:9,0
DA:10,0
DA:14,0
DA:15,0
DA:21,6
DA:22,6
DA:23,6
DA:24,6
DA:30,0
DA:31,0
DA:32,0
DA:33,0
DA:39,3
DA:43,0
DA:44,0
DA:45,0
DA:50,0
DA:51,0
DA:57,0
DA:58,0
DA:59,0
DA:64,0
DA:65,0
DA:71,3
LF:28
LH:8
BRDA:14,0,0,0
BRDA:14,0,1,0
BRDA:23,1,0,0
BRDA:23,1,1,6
BRDA:32,2,0,0
BRDA:32,2,1,0
BRDA:50,3,0,0
BRDA:50,3,1,0
BRDA:64,4,0,0
BRDA:64,4,1,0
BRF:10
BRH:1
end_of_record
TN:
SF:src/routes/authRoutes.js
FNF:0
FNH:0
DA:1,3
DA:2,3
DA:3,3
DA:4,3
DA:5,3
DA:7,3
DA:8,3
DA:9,3
DA:10,3
DA:11,3
DA:13,3
LF:11
LH:11
BRF:0
BRH:0
end_of_record
TN:
SF:src/routes/categoryRoutes.js
FNF:0
FNH:0
DA:1,3
DA:2,3
DA:3,3
DA:4,3
DA:5,3
DA:8,3
DA:9,3
DA:12,3
DA:13,3
DA:14,3
DA:16,3
LF:11
LH:11
BRF:0
BRH:0
end_of_record
TN:
SF:src/routes/recipeRoutes.js
FNF:0
FNH:0
DA:1,3
DA:2,3
DA:3,3
DA:4,3
DA:5,3
DA:8,3
DA:10,3
DA:11,3
DA:12,3
DA:13,3
DA:14,3
DA:15,3
DA:16,3
DA:18,3
LF:14
LH:14
BRF:0
BRH:0
end_of_record
