TN:
SF:src/config/cors.js
FN:8,(anonymous_0)
FN:119,(anonymous_1)
FN:138,(anonymous_2)
FNF:3
FNH:0
FNDA:0,(anonymous_0)
FNDA:0,(anonymous_1)
FNDA:0,(anonymous_2)
DA:6,0
DA:9,0
DA:25,0
DA:27,0
DA:28,0
DA:30,0
DA:31,0
DA:76,0
DA:90,0
DA:108,0
DA:119,0
DA:120,0
DA:121,0
DA:124,0
DA:126,0
DA:128,0
DA:130,0
DA:138,0
DA:140,0
DA:143,0
DA:146,0
DA:149,0
DA:150,0
DA:154,0
DA:157,0
DA:159,0
DA:162,0
LF:27
LH:0
BRDA:9,0,0,0
BRDA:9,0,1,0
BRDA:25,1,0,0
BRDA:25,1,1,0
BRDA:27,2,0,0
BRDA:27,2,1,0
BRDA:119,3,0,0
BRDA:119,4,0,0
BRDA:120,5,0,0
BRDA:120,5,1,0
BRDA:120,6,0,0
BRDA:120,6,1,0
BRDA:124,7,0,0
BRDA:124,7,1,0
BRDA:124,7,2,0
BRDA:149,8,0,0
BRDA:149,8,1,0
BRDA:149,9,0,0
BRDA:149,9,1,0
BRF:19
BRH:0
end_of_record
TN:
SF:src/config/database-postgresql.js
FN:9,(anonymous_0)
FN:16,(anonymous_1)
FN:61,(anonymous_2)
FN:82,(anonymous_3)
FN:86,(anonymous_4)
FN:90,(anonymous_5)
FN:110,(anonymous_6)
FN:205,(anonymous_7)
FN:238,(anonymous_8)
FN:246,(anonymous_9)
FN:256,(anonymous_10)
FN:267,(anonymous_11)
FN:279,(anonymous_12)
FN:299,(anonymous_13)
FN:300,(anonymous_14)
FN:301,(anonymous_15)
FN:302,(anonymous_16)
FN:303,(anonymous_17)
FN:304,(anonymous_18)
FNF:19
FNH:5
FNDA:5,(anonymous_0)
FNDA:0,(anonymous_1)
FNDA:0,(anonymous_2)
FNDA:0,(anonymous_3)
FNDA:0,(anonymous_4)
FNDA:0,(anonymous_5)
FNDA:0,(anonymous_6)
FNDA:0,(anonymous_7)
FNDA:0,(anonymous_8)
FNDA:367,(anonymous_9)
FNDA:25,(anonymous_10)
FNDA:0,(anonymous_11)
FNDA:0,(anonymous_12)
FNDA:0,(anonymous_13)
FNDA:0,(anonymous_14)
FNDA:367,(anonymous_15)
FNDA:25,(anonymous_16)
FNDA:0,(anonymous_17)
FNDA:0,(anonymous_18)
DA:3,5
DA:4,5
DA:5,5
DA:6,5
DA:10,5
DA:11,5
DA:12,5
DA:17,0
DA:18,0
DA:42,0
DA:45,0
DA:46,0
DA:47,0
DA:48,0
DA:51,0
DA:53,0
DA:55,0
DA:56,0
DA:62,0
DA:63,0
DA:79,0
DA:82,0
DA:83,0
DA:86,0
DA:87,0
DA:90,0
DA:91,0
DA:94,0
DA:97,0
DA:98,0
DA:100,0
DA:102,0
DA:104,0
DA:105,0
DA:111,0
DA:112,0
DA:114,0
DA:117,0
DA:129,0
DA:140,0
DA:160,0
DA:173,0
DA:182,0
DA:192,0
DA:193,0
DA:196,0
DA:197,0
DA:198,0
DA:200,0
DA:206,0
DA:207,0
DA:210,0
DA:211,0
DA:214,0
DA:219,0
DA:220,0
DA:223,0
DA:224,0
DA:227,0
DA:228,0
DA:230,0
DA:232,0
DA:233,0
DA:239,0
DA:240,0
DA:242,0
DA:247,367
DA:248,0
DA:249,0
DA:251,0
DA:252,0
DA:257,25
DA:258,0
DA:259,0
DA:260,0
DA:262,0
DA:263,0
DA:268,0
DA:269,0
DA:270,0
DA:271,0
DA:273,0
DA:274,0
DA:280,0
DA:281,0
DA:282,0
DA:283,0
DA:285,0
DA:286,0
DA:287,0
DA:290,0
DA:296,5
DA:298,5
DA:299,0
DA:300,0
DA:301,367
DA:302,25
DA:303,0
DA:304,0
LF:99
LH:13
BRDA:19,0,0,0
BRDA:19,0,1,0
BRDA:20,1,0,0
BRDA:20,1,1,0
BRDA:21,2,0,0
BRDA:21,2,1,0
BRDA:22,3,0,0
BRDA:22,3,1,0
BRDA:26,4,0,0
BRDA:26,4,1,0
BRDA:27,5,0,0
BRDA:27,5,1,0
BRDA:28,6,0,0
BRDA:28,6,1,0
BRDA:64,7,0,0
BRDA:64,7,1,0
BRDA:65,8,0,0
BRDA:65,8,1,0
BRDA:206,9,0,0
BRDA:206,9,1,0
BRDA:219,10,0,0
BRDA:219,10,1,0
BRDA:223,11,0,0
BRDA:223,11,1,0
BRDA:239,12,0,0
BRDA:239,12,1,0
BRDA:247,13,0,367
BRDA:247,13,1,0
BRDA:256,14,0,0
BRDA:257,15,0,25
BRDA:257,15,1,0
BRDA:268,16,0,0
BRDA:268,16,1,0
BRDA:281,17,0,0
BRDA:281,17,1,0
BRDA:285,18,0,0
BRDA:285,18,1,0
BRF:37
BRH:2
end_of_record
TN:
SF:src/config/database.js
FN:7,(anonymous_0)
FN:16,(anonymous_1)
FN:34,(anonymous_2)
FN:35,(anonymous_3)
FN:51,(anonymous_4)
FN:66,(anonymous_5)
FN:67,(anonymous_6)
FN:76,(anonymous_7)
FN:101,(anonymous_8)
FN:107,(anonymous_9)
FN:111,(anonymous_10)
FN:113,(anonymous_11)
FN:118,(anonymous_12)
FN:131,(anonymous_13)
FN:146,(anonymous_14)
FN:254,(anonymous_15)
FN:255,(anonymous_16)
FN:259,(anonymous_17)
FN:267,(anonymous_18)
FN:275,(anonymous_19)
FN:282,(anonymous_20)
FN:292,(anonymous_21)
FN:298,(anonymous_22)
FNF:23
FNH:15
FNDA:10,(anonymous_0)
FNDA:10,(anonymous_1)
FNDA:60,(anonymous_2)
FNDA:56,(anonymous_3)
FNDA:60,(anonymous_4)
FNDA:300,(anonymous_5)
FNDA:280,(anonymous_6)
FNDA:337,(anonymous_7)
FNDA:336,(anonymous_8)
FNDA:223,(anonymous_9)
FNDA:231,(anonymous_10)
FNDA:143,(anonymous_11)
FNDA:88,(anonymous_12)
FNDA:8,(anonymous_13)
FNDA:5,(anonymous_14)
FNDA:0,(anonymous_15)
FNDA:0,(anonymous_16)
FNDA:0,(anonymous_17)
FNDA:0,(anonymous_18)
FNDA:0,(anonymous_19)
FNDA:0,(anonymous_20)
FNDA:0,(anonymous_21)
FNDA:0,(anonymous_22)
DA:1,10
DA:2,10
DA:3,10
DA:8,10
DA:9,10
DA:10,10
DA:11,10
DA:12,10
DA:13,10
DA:18,10
DA:19,10
DA:23,0
DA:24,0
DA:27,0
DA:28,0
DA:31,0
DA:35,60
DA:36,56
DA:37,0
DA:38,0
DA:43,60
DA:46,60
DA:48,60
DA:52,60
DA:61,60
DA:62,60
DA:63,60
DA:66,60
DA:67,300
DA:68,280
DA:69,0
DA:77,337
DA:78,50
DA:79,50
DA:80,50
DA:85,50
DA:89,287
DA:90,797
DA:91,246
DA:92,246
DA:93,246
DA:98,41
DA:102,336
DA:103,295
DA:108,223
DA:109,231
DA:110,231
DA:111,231
DA:112,231
DA:113,143
DA:114,143
DA:115,131
DA:118,88
DA:119,88
DA:120,75
DA:124,206
DA:125,206
DA:127,25
DA:129,25
DA:130,8
DA:131,8
DA:132,8
DA:134,17
DA:140,10
DA:141,10
DA:144,10
DA:146,10
DA:147,5
DA:148,0
DA:151,5
DA:153,5
DA:164,5
DA:174,5
DA:197,5
DA:210,5
DA:217,5
DA:228,5
DA:239,5
DA:240,40
DA:243,5
DA:244,5
DA:245,5
DA:248,0
DA:249,0
DA:254,10
DA:255,0
DA:256,0
DA:257,0
DA:259,0
DA:260,0
DA:261,0
DA:266,0
DA:267,0
DA:268,0
DA:269,0
DA:270,0
DA:275,0
DA:276,0
DA:277,0
DA:278,0
DA:282,0
DA:283,0
DA:284,0
DA:285,0
DA:292,10
DA:293,0
DA:294,0
DA:295,0
DA:298,10
DA:299,0
DA:300,0
DA:301,0
DA:304,10
LF:113
LH:77
BRDA:18,0,0,10
BRDA:18,0,1,0
BRDA:23,1,0,0
BRDA:23,1,1,0
BRDA:27,2,0,0
BRDA:27,2,1,0
BRDA:36,3,0,0
BRDA:36,3,1,56
BRDA:61,4,0,60
BRDA:61,4,1,0
BRDA:68,5,0,0
BRDA:68,5,1,280
BRDA:68,6,0,280
BRDA:68,6,1,0
BRDA:77,7,0,50
BRDA:77,7,1,287
BRDA:90,8,0,246
BRDA:90,8,1,551
BRDA:102,9,0,295
BRDA:102,9,1,41
BRDA:107,10,0,182
BRDA:107,11,0,222
BRDA:112,12,0,143
BRDA:112,12,1,88
BRDA:114,13,0,12
BRDA:114,13,1,131
BRDA:119,14,0,13
BRDA:119,14,1,75
BRDA:129,15,0,8
BRDA:129,15,1,17
BRDA:129,16,0,25
BRDA:129,16,1,12
BRDA:147,17,0,0
BRDA:147,17,1,5
BRDA:260,18,0,0
BRDA:260,18,1,0
BRDA:268,19,0,0
BRDA:268,19,1,0
BRDA:276,20,0,0
BRDA:276,20,1,0
BRDA:283,21,0,0
BRDA:283,21,1,0
BRF:42
BRH:24
end_of_record
TN:
SF:src/config/redis.js
FN:13,(anonymous_0)
FN:77,(anonymous_1)
FN:91,(anonymous_2)
FN:141,(anonymous_3)
FN:142,(anonymous_4)
FN:146,(anonymous_5)
FN:151,(anonymous_6)
FN:157,(anonymous_7)
FN:162,(anonymous_8)
FN:166,(anonymous_9)
FN:177,(anonymous_10)
FN:240,(anonymous_11)
FN:302,(anonymous_12)
FN:312,(anonymous_13)
FN:324,(anonymous_14)
FN:334,(anonymous_15)
FN:344,(anonymous_16)
FN:353,(anonymous_17)
FN:362,(anonymous_18)
FN:375,(anonymous_19)
FN:413,(anonymous_20)
FN:444,(anonymous_21)
FN:464,(anonymous_22)
FN:483,(anonymous_23)
FN:506,(anonymous_24)
FN:537,(anonymous_25)
FN:579,(anonymous_26)
FN:613,(anonymous_27)
FN:638,(anonymous_28)
FN:662,(anonymous_29)
FN:671,(anonymous_30)
FN:699,(anonymous_31)
FNF:32
FNH:14
FNDA:1,(anonymous_0)
FNDA:2,(anonymous_1)
FNDA:0,(anonymous_2)
FNDA:1,(anonymous_3)
FNDA:0,(anonymous_4)
FNDA:0,(anonymous_5)
FNDA:0,(anonymous_6)
FNDA:0,(anonymous_7)
FNDA:0,(anonymous_8)
FNDA:0,(anonymous_9)
FNDA:21,(anonymous_10)
FNDA:0,(anonymous_11)
FNDA:0,(anonymous_12)
FNDA:0,(anonymous_13)
FNDA:0,(anonymous_14)
FNDA:0,(anonymous_15)
FNDA:0,(anonymous_16)
FNDA:0,(anonymous_17)
FNDA:0,(anonymous_18)
FNDA:126,(anonymous_19)
FNDA:24,(anonymous_20)
FNDA:0,(anonymous_21)
FNDA:1,(anonymous_22)
FNDA:1,(anonymous_23)
FNDA:0,(anonymous_24)
FNDA:1,(anonymous_25)
FNDA:0,(anonymous_26)
FNDA:31,(anonymous_27)
FNDA:4,(anonymous_28)
FNDA:20,(anonymous_29)
FNDA:2,(anonymous_30)
FNDA:2,(anonymous_31)
DA:9,1
DA:10,1
DA:14,1
DA:15,1
DA:16,1
DA:25,1
DA:51,1
DA:63,1
DA:78,2
DA:79,1
DA:80,1
DA:83,1
DA:84,1
DA:92,0
DA:93,0
DA:94,0
DA:114,1
DA:117,1
DA:120,1
DA:121,1
DA:123,1
DA:129,1
DA:132,0
DA:133,0
DA:134,0
DA:142,1
DA:143,0
DA:146,1
DA:147,0
DA:148,0
DA:151,1
DA:152,0
DA:153,0
DA:154,0
DA:157,1
DA:158,0
DA:159,0
DA:162,1
DA:163,0
DA:166,1
DA:167,0
DA:168,0
DA:178,21
DA:179,1
DA:182,20
DA:183,20
DA:185,20
DA:186,20
DA:187,20
DA:189,20
DA:191,20
DA:192,0
DA:193,0
DA:194,0
DA:197,20
DA:198,20
DA:200,20
DA:201,20
DA:202,20
DA:205,0
DA:206,0
DA:207,0
DA:208,0
DA:211,0
DA:213,20
DA:217,20
DA:218,20
DA:222,0
DA:225,0
DA:226,0
DA:230,0
DA:242,0
DA:243,0
DA:247,0
DA:248,0
DA:252,0
DA:253,0
DA:254,0
DA:258,0
DA:261,0
DA:262,0
DA:266,0
DA:267,0
DA:271,0
DA:272,0
DA:276,0
DA:277,0
DA:281,0
DA:282,0
DA:286,0
DA:287,0
DA:291,0
DA:292,0
DA:296,0
DA:303,0
DA:313,0
DA:325,0
DA:335,0
DA:345,0
DA:354,0
DA:363,0
DA:376,126
DA:377,102
DA:380,24
DA:381,24
DA:383,24
DA:384,24
DA:386,24
DA:387,24
DA:389,0
DA:392,0
DA:393,0
DA:395,0
DA:396,0
DA:399,24
DA:400,24
DA:405,24
DA:414,24
DA:415,0
DA:418,24
DA:420,24
DA:421,24
DA:422,24
DA:424,24
DA:429,24
DA:432,0
DA:433,0
DA:437,0
DA:445,0
DA:446,0
DA:449,0
DA:450,0
DA:451,0
DA:453,0
DA:457,0
DA:465,1
DA:466,0
DA:469,1
DA:470,1
DA:472,0
DA:476,0
DA:484,1
DA:485,0
DA:488,1
DA:489,1
DA:490,1
DA:492,0
DA:497,0
DA:507,0
DA:508,0
DA:512,0
DA:513,0
DA:519,0
DA:520,0
DA:522,0
DA:526,0
DA:538,1
DA:539,0
DA:542,1
DA:543,1
DA:545,1
DA:546,1
DA:548,1
DA:554,0
DA:555,0
DA:558,0
DA:563,0
DA:566,1
DA:570,1
DA:580,0
DA:581,0
DA:584,0
DA:585,0
DA:587,0
DA:588,0
DA:591,0
DA:593,0
DA:599,0
DA:602,0
DA:606,0
DA:614,31
DA:615,5
DA:618,26
DA:619,0
DA:620,0
DA:623,26
DA:624,26
DA:625,0
DA:626,0
DA:628,26
DA:631,26
DA:639,4
DA:643,4
DA:663,20
DA:664,20
DA:672,2
DA:673,2
DA:674,2
DA:675,2
DA:677,2
DA:685,0
DA:688,0
DA:700,2
DA:701,2
DA:702,2
DA:703,2
DA:704,2
DA:706,0
DA:715,1
DA:717,1
LF:210
LH:98
BRDA:26,0,0,1
BRDA:26,0,1,1
BRDA:78,1,0,1
BRDA:78,1,1,1
BRDA:78,2,0,2
BRDA:78,2,1,1
BRDA:85,3,0,1
BRDA:85,3,1,1
BRDA:86,4,0,1
BRDA:86,4,1,1
BRDA:87,5,0,1
BRDA:87,5,1,1
BRDA:88,6,0,1
BRDA:88,6,1,1
BRDA:177,7,0,21
BRDA:178,8,0,1
BRDA:178,8,1,20
BRDA:191,9,0,0
BRDA:191,9,1,20
BRDA:200,10,0,20
BRDA:200,10,1,0
BRDA:205,11,0,0
BRDA:205,11,1,0
BRDA:242,12,0,0
BRDA:242,12,1,0
BRDA:242,13,0,0
BRDA:242,13,1,0
BRDA:247,14,0,0
BRDA:247,14,1,0
BRDA:252,15,0,0
BRDA:252,15,1,0
BRDA:252,16,0,0
BRDA:252,16,1,0
BRDA:252,16,2,0
BRDA:261,17,0,0
BRDA:261,17,1,0
BRDA:266,18,0,0
BRDA:266,18,1,0
BRDA:271,19,0,0
BRDA:271,19,1,0
BRDA:276,20,0,0
BRDA:276,20,1,0
BRDA:281,21,0,0
BRDA:281,21,1,0
BRDA:286,22,0,0
BRDA:286,22,1,0
BRDA:291,23,0,0
BRDA:291,23,1,0
BRDA:303,24,0,0
BRDA:303,24,1,0
BRDA:303,24,2,0
BRDA:303,24,3,0
BRDA:313,25,0,0
BRDA:313,25,1,0
BRDA:313,25,2,0
BRDA:313,25,3,0
BRDA:313,25,4,0
BRDA:313,25,5,0
BRDA:325,26,0,0
BRDA:325,26,1,0
BRDA:325,26,2,0
BRDA:325,26,3,0
BRDA:335,27,0,0
BRDA:335,27,1,0
BRDA:335,27,2,0
BRDA:335,27,3,0
BRDA:345,28,0,0
BRDA:345,28,1,0
BRDA:345,28,2,0
BRDA:354,29,0,0
BRDA:354,29,1,0
BRDA:354,29,2,0
BRDA:363,30,0,0
BRDA:363,30,1,0
BRDA:363,30,2,0
BRDA:375,31,0,0
BRDA:375,32,0,124
BRDA:376,33,0,102
BRDA:376,33,1,24
BRDA:384,34,0,23
BRDA:384,34,1,1
BRDA:386,35,0,24
BRDA:386,35,1,0
BRDA:414,36,0,0
BRDA:414,36,1,24
BRDA:421,37,0,1
BRDA:421,37,1,23
BRDA:445,38,0,0
BRDA:445,38,1,0
BRDA:465,39,0,0
BRDA:465,39,1,1
BRDA:484,40,0,0
BRDA:484,40,1,1
BRDA:507,41,0,0
BRDA:507,41,1,0
BRDA:512,42,0,0
BRDA:512,42,1,0
BRDA:537,43,0,1
BRDA:538,44,0,0
BRDA:538,44,1,1
BRDA:580,45,0,0
BRDA:580,45,1,0
BRDA:587,46,0,0
BRDA:587,46,1,0
BRDA:614,47,0,5
BRDA:614,47,1,26
BRDA:618,48,0,0
BRDA:618,48,1,26
BRDA:639,49,0,3
BRDA:639,49,1,1
BRDA:650,50,0,4
BRDA:650,50,1,4
BRDA:651,51,0,4
BRDA:651,51,1,4
BRDA:652,52,0,4
BRDA:652,52,1,4
BRDA:700,53,0,2
BRDA:700,53,1,0
BRF:118
BRH:44
end_of_record
TN:
SF:src/context7/index.js
FN:16,(anonymous_0)
FN:82,(anonymous_1)
FN:136,(anonymous_2)
FN:161,(anonymous_3)
FN:251,(anonymous_4)
FN:268,(anonymous_5)
FN:280,(anonymous_6)
FN:344,(anonymous_7)
FN:427,(anonymous_8)
FN:455,(anonymous_9)
FN:483,(anonymous_10)
FN:513,(anonymous_11)
FN:520,(anonymous_12)
FN:559,(anonymous_13)
FNF:14
FNH:0
FNDA:0,(anonymous_0)
FNDA:0,(anonymous_1)
FNDA:0,(anonymous_2)
FNDA:0,(anonymous_3)
FNDA:0,(anonymous_4)
FNDA:0,(anonymous_5)
FNDA:0,(anonymous_6)
FNDA:0,(anonymous_7)
FNDA:0,(anonymous_8)
FNDA:0,(anonymous_9)
FNDA:0,(anonymous_10)
FNDA:0,(anonymous_11)
FNDA:0,(anonymous_12)
FNDA:0,(anonymous_13)
DA:9,0
DA:10,0
DA:11,0
DA:12,0
DA:13,0
DA:17,0
DA:19,0
DA:53,0
DA:54,0
DA:56,0
DA:75,0
DA:76,0
DA:77,0
DA:79,0
DA:83,0
DA:137,0
DA:139,0
DA:140,0
DA:143,0
DA:144,0
DA:145,0
DA:146,0
DA:149,0
DA:152,0
DA:153,0
DA:156,0
DA:157,0
DA:162,0
DA:164,0
DA:165,0
DA:168,0
DA:184,0
DA:199,0
DA:214,0
DA:227,0
DA:228,0
DA:229,0
DA:230,0
DA:231,0
DA:234,0
DA:235,0
DA:237,0
DA:239,0
DA:242,0
DA:243,0
DA:244,0
DA:246,0
DA:252,0
DA:253,0
DA:254,0
DA:256,0
DA:257,0
DA:259,0
DA:261,0
DA:269,0
DA:270,0
DA:271,0
DA:273,0
DA:274,0
DA:276,0
DA:281,0
DA:283,0
DA:284,0
DA:285,0
DA:286,0
DA:290,0
DA:291,0
DA:292,0
DA:296,0
DA:299,0
DA:300,0
DA:301,0
DA:307,0
DA:310,0
DA:311,0
DA:312,0
DA:313,0
DA:325,0
DA:330,0
DA:331,0
DA:333,0
DA:334,0
DA:336,0
DA:339,0
DA:340,0
DA:345,0
DA:347,0
DA:348,0
DA:349,0
DA:350,0
DA:353,0
DA:356,0
DA:357,0
DA:358,0
DA:360,0
DA:361,0
DA:371,0
DA:372,0
DA:373,0
DA:374,0
DA:380,0
DA:381,0
DA:382,0
DA:392,0
DA:393,0
DA:394,0
DA:400,0
DA:404,0
DA:409,0
DA:410,0
DA:412,0
DA:413,0
DA:414,0
DA:416,0
DA:417,0
DA:421,0
DA:422,0
DA:428,0
DA:429,0
DA:438,0
DA:441,0
DA:443,0
DA:444,0
DA:446,0
DA:449,0
DA:450,0
DA:456,0
DA:458,0
DA:459,0
DA:467,0
DA:473,0
DA:474,0
DA:478,0
DA:484,0
DA:486,0
DA:488,0
DA:489,0
DA:491,0
DA:492,0
DA:493,0
DA:501,0
DA:502,0
DA:505,0
DA:506,0
DA:508,0
DA:514,0
DA:515,0
DA:516,0
DA:521,0
DA:527,0
DA:529,0
DA:530,0
DA:531,0
DA:536,0
DA:537,0
DA:540,0
DA:542,0
DA:543,0
DA:544,0
DA:545,0
DA:546,0
DA:551,0
DA:552,0
DA:555,0
DA:560,0
DA:562,0
DA:564,0
DA:567,0
DA:568,0
DA:570,0
DA:571,0
DA:574,0
DA:579,0
LF:173
LH:0
BRDA:16,0,0,0
BRDA:21,1,0,0
BRDA:21,1,1,0
BRDA:22,2,0,0
BRDA:22,2,1,0
BRDA:31,3,0,0
BRDA:31,3,1,0
BRDA:32,4,0,0
BRDA:32,4,1,0
BRDA:33,5,0,0
BRDA:33,5,1,0
BRDA:34,6,0,0
BRDA:34,6,1,0
BRDA:41,7,0,0
BRDA:41,7,1,0
BRDA:280,8,0,0
BRDA:285,9,0,0
BRDA:285,9,1,0
BRDA:291,10,0,0
BRDA:291,10,1,0
BRDA:299,11,0,0
BRDA:299,11,1,0
BRDA:310,12,0,0
BRDA:310,12,1,0
BRDA:344,13,0,0
BRDA:349,14,0,0
BRDA:349,14,1,0
BRDA:356,15,0,0
BRDA:356,15,1,0
BRDA:360,16,0,0
BRDA:360,16,1,0
BRDA:360,17,0,0
BRDA:360,17,1,0
BRDA:363,18,0,0
BRDA:363,18,1,0
BRDA:371,19,0,0
BRDA:371,19,1,0
BRDA:371,20,0,0
BRDA:371,20,1,0
BRDA:380,21,0,0
BRDA:380,21,1,0
BRDA:392,22,0,0
BRDA:392,22,1,0
BRDA:412,23,0,0
BRDA:412,23,1,0
BRDA:427,24,0,0
BRDA:427,25,0,0
BRDA:455,26,0,0
BRDA:455,27,0,0
BRDA:473,28,0,0
BRDA:473,28,1,0
BRDA:484,29,0,0
BRDA:484,29,1,0
BRDA:492,30,0,0
BRDA:492,30,1,0
BRDA:516,31,0,0
BRDA:516,31,1,0
BRF:57
BRH:0
end_of_record
TN:
SF:src/context7/integration-tests.js
FN:18,(anonymous_0)
FN:25,(anonymous_1)
FN:49,(anonymous_2)
FN:57,(anonymous_3)
FN:75,(anonymous_4)
FN:76,(anonymous_5)
FN:87,(anonymous_6)
FN:102,(anonymous_7)
FN:114,(anonymous_8)
FN:128,(anonymous_9)
FN:145,(anonymous_10)
FN:156,(anonymous_11)
FN:160,(anonymous_12)
FN:194,(anonymous_13)
FN:204,(anonymous_14)
FN:214,(anonymous_15)
FN:224,(anonymous_16)
FN:249,(anonymous_17)
FN:264,(anonymous_18)
FN:280,(anonymous_19)
FN:289,(anonymous_20)
FN:290,(anonymous_21)
FN:308,(anonymous_22)
FN:332,(anonymous_23)
FN:355,(anonymous_24)
FN:371,(anonymous_25)
FN:389,(anonymous_26)
FN:395,(anonymous_27)
FN:405,(anonymous_28)
FN:406,(anonymous_29)
FN:445,(anonymous_30)
FN:468,(anonymous_31)
FN:486,(anonymous_32)
FN:507,(anonymous_33)
FN:532,(anonymous_34)
FN:545,(anonymous_35)
FN:546,(anonymous_36)
FN:547,(anonymous_37)
FN:551,(anonymous_38)
FN:555,(anonymous_39)
FN:559,(anonymous_40)
FNF:41
FNH:0
FNDA:0,(anonymous_0)
FNDA:0,(anonymous_1)
FNDA:0,(anonymous_2)
FNDA:0,(anonymous_3)
FNDA:0,(anonymous_4)
FNDA:0,(anonymous_5)
FNDA:0,(anonymous_6)
FNDA:0,(anonymous_7)
FNDA:0,(anonymous_8)
FNDA:0,(anonymous_9)
FNDA:0,(anonymous_10)
FNDA:0,(anonymous_11)
FNDA:0,(anonymous_12)
FNDA:0,(anonymous_13)
FNDA:0,(anonymous_14)
FNDA:0,(anonymous_15)
FNDA:0,(anonymous_16)
FNDA:0,(anonymous_17)
FNDA:0,(anonymous_18)
FNDA:0,(anonymous_19)
FNDA:0,(anonymous_20)
FNDA:0,(anonymous_21)
FNDA:0,(anonymous_22)
FNDA:0,(anonymous_23)
FNDA:0,(anonymous_24)
FNDA:0,(anonymous_25)
FNDA:0,(anonymous_26)
FNDA:0,(anonymous_27)
FNDA:0,(anonymous_28)
FNDA:0,(anonymous_29)
FNDA:0,(anonymous_30)
FNDA:0,(anonymous_31)
FNDA:0,(anonymous_32)
FNDA:0,(anonymous_33)
FNDA:0,(anonymous_34)
FNDA:0,(anonymous_35)
FNDA:0,(anonymous_36)
FNDA:0,(anonymous_37)
FNDA:0,(anonymous_38)
FNDA:0,(anonymous_39)
FNDA:0,(anonymous_40)
DA:9,0
DA:10,0
DA:11,0
DA:12,0
DA:13,0
DA:14,0
DA:15,0
DA:16,0
DA:18,0
DA:25,0
DA:27,0
DA:44,0
DA:45,0
DA:46,0
DA:49,0
DA:50,0
DA:53,0
DA:54,0
DA:57,0
DA:59,0
DA:60,0
DA:63,0
DA:64,0
DA:65,0
DA:67,0
DA:69,0
DA:72,0
DA:75,0
DA:76,0
DA:77,0
DA:78,0
DA:80,0
DA:81,0
DA:82,0
DA:83,0
DA:87,0
DA:88,0
DA:94,0
DA:95,0
DA:97,0
DA:98,0
DA:99,0
DA:102,0
DA:103,0
DA:105,0
DA:106,0
DA:107,0
DA:108,0
DA:110,0
DA:111,0
DA:114,0
DA:115,0
DA:116,0
DA:117,0
DA:119,0
DA:121,0
DA:123,0
DA:124,0
DA:125,0
DA:128,0
DA:129,0
DA:130,0
DA:131,0
DA:133,0
DA:136,0
DA:137,0
DA:138,0
DA:140,0
DA:141,0
DA:142,0
DA:145,0
DA:146,0
DA:148,0
DA:149,0
DA:150,0
DA:151,0
DA:152,0
DA:156,0
DA:157,0
DA:158,0
DA:160,0
DA:162,0
DA:165,0
DA:173,0
DA:176,0
DA:191,0
DA:194,0
DA:196,0
DA:197,0
DA:198,0
DA:204,0
DA:205,0
DA:209,0
DA:214,0
DA:215,0
DA:217,0
DA:218,0
DA:219,0
DA:220,0
DA:221,0
DA:224,0
DA:225,0
DA:245,0
DA:246,0
DA:249,0
DA:250,0
DA:258,0
DA:259,0
DA:260,0
DA:261,0
DA:264,0
DA:265,0
DA:266,0
DA:270,0
DA:275,0
DA:276,0
DA:277,0
DA:280,0
DA:281,0
DA:283,0
DA:284,0
DA:285,0
DA:289,0
DA:290,0
DA:291,0
DA:293,0
DA:295,0
DA:302,0
DA:304,0
DA:308,0
DA:309,0
DA:310,0
DA:316,0
DA:318,0
DA:319,0
DA:320,0
DA:325,0
DA:326,0
DA:328,0
DA:332,0
DA:333,0
DA:343,0
DA:344,0
DA:346,0
DA:351,0
DA:352,0
DA:355,0
DA:356,0
DA:357,0
DA:360,0
DA:361,0
DA:362,0
DA:365,0
DA:366,0
DA:367,0
DA:368,0
DA:371,0
DA:372,0
DA:374,0
DA:375,0
DA:376,0
DA:381,0
DA:382,0
DA:383,0
DA:385,0
DA:389,0
DA:390,0
DA:391,0
DA:392,0
DA:395,0
DA:396,0
DA:398,0
DA:399,0
DA:400,0
DA:401,0
DA:405,0
DA:406,0
DA:408,0
DA:416,0
DA:422,0
DA:429,0
DA:434,0
DA:437,0
DA:438,0
DA:441,0
DA:442,0
DA:445,0
DA:446,0
DA:449,0
DA:450,0
DA:459,0
DA:462,0
DA:463,0
DA:464,0
DA:468,0
DA:470,0
DA:475,0
DA:476,0
DA:481,0
DA:486,0
DA:487,0
DA:494,0
DA:497,0
DA:500,0
DA:503,0
DA:504,0
DA:507,0
DA:508,0
DA:511,0
DA:512,0
DA:513,0
DA:514,0
DA:517,0
DA:518,0
DA:519,0
DA:522,0
DA:523,0
DA:524,0
DA:525,0
DA:533,0
DA:535,0
DA:536,0
DA:537,0
DA:538,0
DA:539,0
DA:542,0
DA:545,0
DA:546,0
DA:547,0
DA:552,0
DA:555,0
DA:556,0
DA:559,0
DA:560,0
DA:563,0
DA:564,0
DA:566,0
DA:570,0
LF:238
LH:0
BRDA:29,0,0,0
BRDA:29,0,1,0
BRDA:30,1,0,0
BRDA:30,1,1,0
BRDA:35,2,0,0
BRDA:35,2,1,0
BRDA:36,3,0,0
BRDA:36,3,1,0
BRDA:37,4,0,0
BRDA:37,4,1,0
BRDA:38,5,0,0
BRDA:38,5,1,0
BRDA:39,6,0,0
BRDA:39,6,1,0
BRDA:532,7,0,0
BRF:15
BRH:0
end_of_record
TN:
SF:src/context7/multimodal-processor.js
FN:17,(anonymous_0)
FN:80,(anonymous_1)
FN:96,(anonymous_2)
FN:163,(anonymous_3)
FN:222,(anonymous_4)
FN:282,(anonymous_5)
FN:314,(anonymous_6)
FN:349,(anonymous_7)
FN:375,(anonymous_8)
FN:386,(anonymous_9)
FN:399,(anonymous_10)
FN:434,(anonymous_11)
FN:443,(anonymous_12)
FN:451,(anonymous_13)
FN:464,(anonymous_14)
FN:483,(anonymous_15)
FN:505,(anonymous_16)
FN:528,(anonymous_17)
FN:536,(anonymous_18)
FN:547,(anonymous_19)
FN:548,(anonymous_20)
FN:549,(anonymous_21)
FN:550,(anonymous_22)
FN:551,(anonymous_23)
FN:552,(anonymous_24)
FN:553,(anonymous_25)
FN:554,(anonymous_26)
FN:555,(anonymous_27)
FN:556,(anonymous_28)
FN:557,(anonymous_29)
FN:558,(anonymous_30)
FN:559,(anonymous_31)
FN:560,(anonymous_32)
FN:561,(anonymous_33)
FN:562,(anonymous_34)
FN:563,(anonymous_35)
FN:564,(anonymous_36)
FN:565,(anonymous_37)
FN:566,(anonymous_38)
FN:567,(anonymous_39)
FN:568,(anonymous_40)
FN:569,(anonymous_41)
FN:572,(anonymous_42)
FNF:43
FNH:0
FNDA:0,(anonymous_0)
FNDA:0,(anonymous_1)
FNDA:0,(anonymous_2)
FNDA:0,(anonymous_3)
FNDA:0,(anonymous_4)
FNDA:0,(anonymous_5)
FNDA:0,(anonymous_6)
FNDA:0,(anonymous_7)
FNDA:0,(anonymous_8)
FNDA:0,(anonymous_9)
FNDA:0,(anonymous_10)
FNDA:0,(anonymous_11)
FNDA:0,(anonymous_12)
FNDA:0,(anonymous_13)
FNDA:0,(anonymous_14)
FNDA:0,(anonymous_15)
FNDA:0,(anonymous_16)
FNDA:0,(anonymous_17)
FNDA:0,(anonymous_18)
FNDA:0,(anonymous_19)
FNDA:0,(anonymous_20)
FNDA:0,(anonymous_21)
FNDA:0,(anonymous_22)
FNDA:0,(anonymous_23)
FNDA:0,(anonymous_24)
FNDA:0,(anonymous_25)
FNDA:0,(anonymous_26)
FNDA:0,(anonymous_27)
FNDA:0,(anonymous_28)
FNDA:0,(anonymous_29)
FNDA:0,(anonymous_30)
FNDA:0,(anonymous_31)
FNDA:0,(anonymous_32)
FNDA:0,(anonymous_33)
FNDA:0,(anonymous_34)
FNDA:0,(anonymous_35)
FNDA:0,(anonymous_36)
FNDA:0,(anonymous_37)
FNDA:0,(anonymous_38)
FNDA:0,(anonymous_39)
FNDA:0,(anonymous_40)
FNDA:0,(anonymous_41)
FNDA:0,(anonymous_42)
DA:9,0
DA:10,0
DA:11,0
DA:12,0
DA:13,0
DA:14,0
DA:18,0
DA:20,0
DA:21,0
DA:56,0
DA:74,0
DA:75,0
DA:77,0
DA:81,0
DA:83,0
DA:84,0
DA:86,0
DA:87,0
DA:90,0
DA:91,0
DA:97,0
DA:98,0
DA:100,0
DA:101,0
DA:104,0
DA:108,0
DA:110,0
DA:111,0
DA:113,0
DA:114,0
DA:116,0
DA:117,0
DA:119,0
DA:120,0
DA:122,0
DA:126,0
DA:137,0
DA:140,0
DA:146,0
DA:147,0
DA:149,0
DA:156,0
DA:157,0
DA:158,0
DA:164,0
DA:166,0
DA:168,0
DA:171,0
DA:177,0
DA:186,0
DA:189,0
DA:192,0
DA:195,0
DA:197,0
DA:216,0
DA:217,0
DA:223,0
DA:225,0
DA:226,0
DA:227,0
DA:230,0
DA:232,0
DA:235,0
DA:236,0
DA:238,0
DA:239,0
DA:241,0
DA:242,0
DA:244,0
DA:245,0
DA:247,0
DA:248,0
DA:250,0
DA:254,0
DA:257,0
DA:259,0
DA:276,0
DA:277,0
DA:283,0
DA:285,0
DA:287,0
DA:290,0
DA:293,0
DA:300,0
DA:308,0
DA:309,0
DA:315,0
DA:317,0
DA:319,0
DA:322,0
DA:325,0
DA:328,0
DA:334,0
DA:343,0
DA:344,0
DA:350,0
DA:351,0
DA:354,0
DA:355,0
DA:356,0
DA:360,0
DA:361,0
DA:362,0
DA:363,0
DA:366,0
DA:369,0
DA:370,0
DA:377,0
DA:387,0
DA:400,0
DA:401,0
DA:403,0
DA:404,0
DA:421,0
DA:424,0
DA:428,0
DA:429,0
DA:435,0
DA:444,0
DA:453,0
DA:454,0
DA:456,0
DA:457,0
DA:458,0
DA:461,0
DA:465,0
DA:472,0
DA:473,0
DA:474,0
DA:475,0
DA:476,0
DA:480,0
DA:484,0
DA:486,0
DA:487,0
DA:494,0
DA:495,0
DA:502,0
DA:506,0
DA:508,0
DA:509,0
DA:516,0
DA:517,0
DA:524,0
DA:530,0
DA:531,0
DA:532,0
DA:533,0
DA:537,0
DA:539,0
DA:540,0
DA:541,0
DA:543,0
DA:547,0
DA:548,0
DA:549,0
DA:550,0
DA:551,0
DA:552,0
DA:553,0
DA:554,0
DA:555,0
DA:556,0
DA:557,0
DA:558,0
DA:559,0
DA:560,0
DA:561,0
DA:562,0
DA:563,0
DA:564,0
DA:565,0
DA:566,0
DA:567,0
DA:568,0
DA:569,0
DA:573,0
DA:582,0
LF:178
LH:0
BRDA:17,0,0,0
BRDA:35,1,0,0
BRDA:35,1,1,0
BRDA:36,2,0,0
BRDA:36,2,1,0
BRDA:96,3,0,0
BRDA:108,4,0,0
BRDA:108,4,1,0
BRDA:108,4,2,0
BRDA:108,4,3,0
BRDA:108,4,4,0
BRDA:163,5,0,0
BRDA:222,6,0,0
BRDA:232,7,0,0
BRDA:232,7,1,0
BRDA:232,7,2,0
BRDA:232,7,3,0
BRDA:232,7,4,0
BRDA:232,7,5,0
BRDA:232,7,6,0
BRDA:282,8,0,0
BRDA:314,9,0,0
BRDA:322,10,0,0
BRDA:322,10,1,0
BRDA:355,11,0,0
BRDA:355,11,1,0
BRDA:362,12,0,0
BRDA:362,12,1,0
BRDA:375,13,0,0
BRDA:388,14,0,0
BRDA:388,14,1,0
BRDA:413,15,0,0
BRDA:413,15,1,0
BRDA:458,16,0,0
BRDA:458,16,1,0
BRDA:475,17,0,0
BRDA:475,17,1,0
BRDA:486,18,0,0
BRDA:486,18,1,0
BRDA:494,19,0,0
BRDA:494,19,1,0
BRDA:508,20,0,0
BRDA:508,20,1,0
BRDA:516,21,0,0
BRDA:516,21,1,0
BRDA:531,22,0,0
BRDA:531,22,1,0
BRDA:532,23,0,0
BRDA:532,23,1,0
BRDA:539,24,0,0
BRDA:539,24,1,0
BRDA:540,25,0,0
BRDA:540,25,1,0
BRDA:541,26,0,0
BRDA:541,26,1,0
BRF:55
BRH:0
end_of_record
TN:
SF:src/context7/recipe-specialization.js
FN:18,(anonymous_0)
FN:100,(anonymous_1)
FN:119,(anonymous_2)
FN:202,(anonymous_3)
FN:209,(anonymous_4)
FN:219,(anonymous_5)
FN:259,(anonymous_6)
FN:301,(anonymous_7)
FN:315,(anonymous_8)
FN:360,(anonymous_9)
FN:402,(anonymous_10)
FN:437,(anonymous_11)
FN:458,(anonymous_12)
FN:501,(anonymous_13)
FN:531,(anonymous_14)
FN:551,(anonymous_15)
FN:579,(anonymous_16)
FN:595,(anonymous_17)
FN:601,(anonymous_18)
FN:615,(anonymous_19)
FN:631,(anonymous_20)
FN:636,(anonymous_21)
FN:651,(anonymous_22)
FN:665,(anonymous_23)
FNF:24
FNH:0
FNDA:0,(anonymous_0)
FNDA:0,(anonymous_1)
FNDA:0,(anonymous_2)
FNDA:0,(anonymous_3)
FNDA:0,(anonymous_4)
FNDA:0,(anonymous_5)
FNDA:0,(anonymous_6)
FNDA:0,(anonymous_7)
FNDA:0,(anonymous_8)
FNDA:0,(anonymous_9)
FNDA:0,(anonymous_10)
FNDA:0,(anonymous_11)
FNDA:0,(anonymous_12)
FNDA:0,(anonymous_13)
FNDA:0,(anonymous_14)
FNDA:0,(anonymous_15)
FNDA:0,(anonymous_16)
FNDA:0,(anonymous_17)
FNDA:0,(anonymous_18)
FNDA:0,(anonymous_19)
FNDA:0,(anonymous_20)
FNDA:0,(anonymous_21)
FNDA:0,(anonymous_22)
FNDA:0,(anonymous_23)
DA:12,0
DA:13,0
DA:14,0
DA:15,0
DA:19,0
DA:20,0
DA:80,0
DA:94,0
DA:95,0
DA:97,0
DA:101,0
DA:103,0
DA:106,0
DA:109,0
DA:111,0
DA:114,0
DA:115,0
DA:120,0
DA:122,0
DA:123,0
DA:126,0
DA:139,0
DA:158,0
DA:173,0
DA:185,0
DA:186,0
DA:187,0
DA:188,0
DA:190,0
DA:192,0
DA:195,0
DA:196,0
DA:198,0
DA:203,0
DA:205,0
DA:208,0
DA:209,0
DA:210,0
DA:213,0
DA:215,0
DA:221,0
DA:230,0
DA:242,0
DA:260,0
DA:262,0
DA:264,0
DA:266,0
DA:268,0
DA:270,0
DA:272,0
DA:279,0
DA:280,0
DA:286,0
DA:289,0
DA:296,0
DA:297,0
DA:302,0
DA:304,0
DA:306,0
DA:307,0
DA:308,0
DA:310,0
DA:316,0
DA:318,0
DA:320,0
DA:323,0
DA:326,0
DA:329,0
DA:344,0
DA:345,0
DA:349,0
DA:351,0
DA:354,0
DA:355,0
DA:361,0
DA:363,0
DA:365,0
DA:369,0
DA:370,0
DA:373,0
DA:376,0
DA:377,0
DA:379,0
DA:382,0
DA:389,0
DA:390,0
DA:392,0
DA:394,0
DA:403,0
DA:405,0
DA:406,0
DA:412,0
DA:417,0
DA:418,0
DA:420,0
DA:422,0
DA:428,0
DA:429,0
DA:431,0
DA:432,0
DA:438,0
DA:439,0
DA:450,0
DA:453,0
DA:454,0
DA:459,0
DA:460,0
DA:477,0
DA:492,0
DA:495,0
DA:496,0
DA:502,0
DA:505,0
DA:506,0
DA:510,0
DA:511,0
DA:515,0
DA:516,0
DA:520,0
DA:521,0
DA:522,0
DA:523,0
DA:524,0
DA:525,0
DA:527,0
DA:532,0
DA:534,0
DA:535,0
DA:547,0
DA:552,0
DA:554,0
DA:555,0
DA:575,0
DA:580,0
DA:582,0
DA:583,0
DA:590,0
DA:596,0
DA:597,0
DA:598,0
DA:602,0
DA:604,0
DA:605,0
DA:609,0
DA:611,0
DA:616,0
DA:618,0
DA:619,0
DA:626,0
DA:633,0
DA:638,0
DA:639,0
DA:648,0
DA:653,0
DA:666,0
DA:676,0
LF:156
LH:0
BRDA:18,0,0,0
BRDA:270,1,0,0
BRDA:270,1,1,0
BRDA:279,2,0,0
BRDA:279,2,1,0
BRDA:302,3,0,0
BRDA:302,3,1,0
BRDA:337,4,0,0
BRDA:337,4,1,0
BRDA:338,5,0,0
BRDA:338,5,1,0
BRDA:339,6,0,0
BRDA:339,6,1,0
BRDA:340,7,0,0
BRDA:340,7,1,0
BRDA:344,8,0,0
BRDA:344,8,1,0
BRDA:376,9,0,0
BRDA:376,9,1,0
BRDA:402,10,0,0
BRDA:437,11,0,0
BRDA:450,12,0,0
BRDA:450,12,1,0
BRDA:505,13,0,0
BRDA:505,13,1,0
BRDA:505,14,0,0
BRDA:505,14,1,0
BRDA:510,15,0,0
BRDA:510,15,1,0
BRDA:510,16,0,0
BRDA:510,16,1,0
BRDA:515,17,0,0
BRDA:515,17,1,0
BRDA:515,18,0,0
BRDA:515,18,1,0
BRDA:521,19,0,0
BRDA:521,19,1,0
BRDA:522,20,0,0
BRDA:522,20,1,0
BRDA:523,21,0,0
BRDA:523,21,1,0
BRDA:524,22,0,0
BRDA:524,22,1,0
BRDA:524,23,0,0
BRDA:524,23,1,0
BRDA:579,24,0,0
BRDA:598,25,0,0
BRDA:598,25,1,0
BRDA:615,26,0,0
BRDA:615,27,0,0
BRDA:654,28,0,0
BRDA:654,28,1,0
BRDA:655,29,0,0
BRDA:655,29,1,0
BRDA:656,30,0,0
BRDA:656,30,1,0
BRDA:659,31,0,0
BRDA:659,31,1,0
BRDA:660,32,0,0
BRDA:660,32,1,0
BRF:60
BRH:0
end_of_record
TN:
SF:src/controllers/authController-enhanced.js
FN:18,(anonymous_0)
FN:77,(anonymous_1)
FN:152,(anonymous_2)
FN:219,(anonymous_3)
FN:272,(anonymous_4)
FN:321,(anonymous_5)
FN:352,(anonymous_6)
FN:383,(anonymous_7)
FNF:8
FNH:0
FNDA:0,(anonymous_0)
FNDA:0,(anonymous_1)
FNDA:0,(anonymous_2)
FNDA:0,(anonymous_3)
FNDA:0,(anonymous_4)
FNDA:0,(anonymous_5)
FNDA:0,(anonymous_6)
FNDA:0,(anonymous_7)
DA:9,0
DA:10,0
DA:11,0
DA:12,0
DA:18,0
DA:19,0
DA:20,0
DA:23,0
DA:24,0
DA:25,0
DA:31,0
DA:34,0
DA:39,0
DA:40,0
DA:43,0
DA:46,0
DA:52,0
DA:65,0
DA:66,0
DA:77,0
DA:78,0
DA:80,0
DA:81,0
DA:84,0
DA:85,0
DA:86,0
DA:92,0
DA:93,0
DA:94,0
DA:100,0
DA:105,0
DA:106,0
DA:109,0
DA:112,0
DA:118,0
DA:119,0
DA:121,0
DA:122,0
DA:123,0
DA:140,0
DA:141,0
DA:152,0
DA:153,0
DA:155,0
DA:156,0
DA:159,0
DA:160,0
DA:162,0
DA:164,0
DA:165,0
DA:168,0
DA:170,0
DA:171,0
DA:177,0
DA:185,0
DA:188,0
DA:190,0
DA:191,0
DA:208,0
DA:209,0
DA:219,0
DA:220,0
DA:221,0
DA:222,0
DA:225,0
DA:227,0
DA:228,0
DA:234,0
DA:235,0
DA:236,0
DA:239,0
DA:240,0
DA:248,0
DA:250,0
DA:261,0
DA:262,0
DA:272,0
DA:273,0
DA:274,0
DA:275,0
DA:278,0
DA:279,0
DA:280,0
DA:286,0
DA:287,0
DA:288,0
DA:289,0
DA:298,0
DA:301,0
DA:303,0
DA:305,0
DA:310,0
DA:311,0
DA:321,0
DA:322,0
DA:323,0
DA:324,0
DA:327,0
DA:328,0
DA:331,0
DA:334,0
DA:336,0
DA:341,0
DA:342,0
DA:352,0
DA:353,0
DA:354,0
DA:356,0
DA:357,0
DA:365,0
DA:373,0
DA:374,0
DA:383,0
DA:384,0
DA:385,0
DA:387,0
DA:394,0
DA:395,0
LF:118
LH:0
BRDA:24,0,0,0
BRDA:24,0,1,0
BRDA:85,1,0,0
BRDA:85,1,1,0
BRDA:93,2,0,0
BRDA:93,2,1,0
BRDA:162,3,0,0
BRDA:162,3,1,0
BRDA:170,4,0,0
BRDA:170,4,1,0
BRDA:190,5,0,0
BRDA:190,5,1,0
BRDA:227,6,0,0
BRDA:227,6,1,0
BRDA:279,7,0,0
BRDA:279,7,1,0
BRDA:288,8,0,0
BRDA:288,8,1,0
BRDA:327,9,0,0
BRDA:327,9,1,0
BRDA:356,10,0,0
BRDA:356,10,1,0
BRF:22
BRH:0
end_of_record
TN:
SF:src/controllers/authController.js
FN:7,(anonymous_0)
FN:50,(anonymous_1)
FN:103,(anonymous_2)
FN:131,(anonymous_3)
FN:153,(anonymous_4)
FN:192,(anonymous_5)
FN:210,(anonymous_6)
FNF:7
FNH:7
FNDA:66,(anonymous_0)
FNDA:115,(anonymous_1)
FNDA:2,(anonymous_2)
FNDA:2,(anonymous_3)
FNDA:3,(anonymous_4)
FNDA:2,(anonymous_5)
FNDA:2,(anonymous_6)
DA:1,4
DA:2,4
DA:3,4
DA:7,4
DA:8,66
DA:9,66
DA:12,66
DA:13,66
DA:14,1
DA:20,65
DA:23,57
DA:28,57
DA:29,57
DA:31,57
DA:43,8
DA:44,8
DA:50,4
DA:51,115
DA:53,115
DA:54,115
DA:57,115
DA:58,115
DA:59,112
DA:65,3
DA:66,3
DA:67,1
DA:73,2
DA:78,2
DA:79,2
DA:81,2
DA:82,2
DA:84,2
DA:96,0
DA:97,0
DA:103,4
DA:104,2
DA:105,2
DA:106,2
DA:107,1
DA:112,1
DA:124,0
DA:125,0
DA:131,4
DA:132,2
DA:133,2
DA:134,2
DA:136,2
DA:137,1
DA:142,1
DA:146,0
DA:147,0
DA:153,4
DA:154,3
DA:155,3
DA:158,3
DA:159,3
DA:160,1
DA:166,2
DA:167,2
DA:168,2
DA:169,1
DA:178,1
DA:180,1
DA:184,0
DA:185,0
DA:192,4
DA:193,2
DA:195,2
DA:196,1
DA:199,2
DA:203,0
DA:204,0
DA:210,4
DA:211,2
DA:212,2
DA:214,2
DA:215,1
DA:223,1
DA:230,0
DA:231,0
LF:80
LH:68
BRDA:13,0,0,1
BRDA:13,0,1,65
BRDA:58,1,0,112
BRDA:58,1,1,3
BRDA:66,2,0,1
BRDA:66,2,1,2
BRDA:106,3,0,1
BRDA:106,3,1,1
BRDA:136,4,0,1
BRDA:136,4,1,1
BRDA:159,5,0,1
BRDA:159,5,1,2
BRDA:168,6,0,1
BRDA:168,6,1,1
BRDA:195,7,0,1
BRDA:195,7,1,1
BRDA:214,8,0,1
BRDA:214,8,1,1
BRF:18
BRH:18
end_of_record
TN:
SF:src/controllers/categoryController.js
FN:3,(anonymous_0)
FN:15,(anonymous_1)
FN:21,(anonymous_2)
FN:33,(anonymous_3)
FN:49,(anonymous_4)
FN:62,(anonymous_5)
FNF:6
FNH:6
FNDA:67,(anonymous_0)
FNDA:5,(anonymous_1)
FNDA:104,(anonymous_2)
FNDA:7,(anonymous_3)
FNDA:4,(anonymous_4)
FNDA:4,(anonymous_5)
DA:1,2
DA:3,2
DA:4,67
DA:5,67
DA:6,64
DA:11,3
DA:15,2
DA:16,5
DA:17,5
DA:20,4
DA:22,104
DA:23,103
DA:27,3
DA:29,2
DA:33,2
DA:34,7
DA:35,7
DA:36,6
DA:37,2
DA:40,4
DA:41,3
DA:45,2
DA:49,2
DA:50,4
DA:51,4
DA:52,2
DA:53,1
DA:56,1
DA:58,2
DA:62,2
DA:63,4
DA:64,4
DA:65,2
DA:66,1
DA:69,1
DA:71,2
LF:36
LH:36
BRDA:36,0,0,2
BRDA:36,0,1,4
BRDA:52,1,0,1
BRDA:52,1,1,1
BRDA:65,2,0,1
BRDA:65,2,1,1
BRF:6
BRH:6
end_of_record
TN:
SF:src/controllers/recipeController-enhanced.js
FN:21,(anonymous_0)
FN:39,(anonymous_1)
FN:67,(anonymous_2)
FN:112,(anonymous_3)
FN:183,(anonymous_4)
FN:240,(anonymous_5)
FN:290,(anonymous_6)
FN:326,(anonymous_7)
FN:363,(anonymous_8)
FN:405,(anonymous_9)
FN:469,(anonymous_10)
FN:480,(anonymous_11)
FNF:12
FNH:0
FNDA:0,(anonymous_0)
FNDA:0,(anonymous_1)
FNDA:0,(anonymous_2)
FNDA:0,(anonymous_3)
FNDA:0,(anonymous_4)
FNDA:0,(anonymous_5)
FNDA:0,(anonymous_6)
FNDA:0,(anonymous_7)
FNDA:0,(anonymous_8)
FNDA:0,(anonymous_9)
FNDA:0,(anonymous_10)
FNDA:0,(anonymous_11)
DA:9,0
DA:10,0
DA:11,0
DA:12,0
DA:13,0
DA:14,0
DA:17,0
DA:18,0
DA:22,0
DA:23,0
DA:24,0
DA:26,0
DA:27,0
DA:29,0
DA:34,0
DA:39,0
DA:40,0
DA:42,0
DA:43,0
DA:44,0
DA:45,0
DA:48,0
DA:49,0
DA:51,0
DA:56,0
DA:57,0
DA:59,0
DA:67,0
DA:68,0
DA:70,0
DA:71,0
DA:72,0
DA:73,0
DA:77,0
DA:78,0
DA:82,0
DA:85,0
DA:88,0
DA:90,0
DA:91,0
DA:93,0
DA:103,0
DA:112,0
DA:113,0
DA:115,0
DA:116,0
DA:123,0
DA:128,0
DA:131,0
DA:132,0
DA:134,0
DA:136,0
DA:137,0
DA:140,0
DA:141,0
DA:142,0
DA:145,0
DA:146,0
DA:150,0
DA:152,0
DA:155,0
DA:157,0
DA:158,0
DA:159,0
DA:174,0
DA:183,0
DA:184,0
DA:186,0
DA:187,0
DA:190,0
DA:191,0
DA:193,0
DA:195,0
DA:196,0
DA:199,0
DA:200,0
DA:201,0
DA:203,0
DA:204,0
DA:208,0
DA:209,0
DA:213,0
DA:215,0
DA:218,0
DA:220,0
DA:221,0
DA:222,0
DA:232,0
DA:240,0
DA:241,0
DA:243,0
DA:244,0
DA:245,0
DA:247,0
DA:248,0
DA:252,0
DA:253,0
DA:257,0
DA:259,0
DA:260,0
DA:264,0
DA:267,0
DA:269,0
DA:270,0
DA:272,0
DA:282,0
DA:290,0
DA:291,0
DA:293,0
DA:294,0
DA:297,0
DA:299,0
DA:300,0
DA:304,0
DA:305,0
DA:307,0
DA:308,0
DA:310,0
DA:318,0
DA:326,0
DA:327,0
DA:329,0
DA:330,0
DA:333,0
DA:335,0
DA:336,0
DA:340,0
DA:341,0
DA:343,0
DA:344,0
DA:346,0
DA:355,0
DA:363,0
DA:364,0
DA:366,0
DA:367,0
DA:368,0
DA:370,0
DA:371,0
DA:375,0
DA:377,0
DA:378,0
DA:382,0
DA:384,0
DA:385,0
DA:387,0
DA:396,0
DA:405,0
DA:406,0
DA:408,0
DA:409,0
DA:410,0
DA:416,0
DA:417,0
DA:421,0
DA:422,0
DA:424,0
DA:426,0
DA:427,0
DA:430,0
DA:433,0
DA:435,0
DA:438,0
DA:440,0
DA:443,0
DA:445,0
DA:446,0
DA:447,0
DA:460,0
DA:469,0
DA:470,0
DA:472,0
DA:473,0
DA:475,0
DA:476,0
DA:480,0
DA:482,0
DA:488,0
DA:500,0
DA:501,0
DA:503,0
DA:505,0
DA:506,0
DA:509,0
DA:512,0
DA:514,0
DA:517,0
DA:519,0
DA:520,0
DA:521,0
DA:531,0
LF:191
LH:0
BRDA:26,0,0,0
BRDA:26,0,1,0
BRDA:26,1,0,0
BRDA:26,1,1,0
BRDA:40,2,0,0
BRDA:40,2,1,0
BRDA:44,3,0,0
BRDA:44,3,1,0
BRDA:72,4,0,0
BRDA:72,4,1,0
BRDA:77,5,0,0
BRDA:77,5,1,0
BRDA:124,6,0,0
BRDA:124,6,1,0
BRDA:125,7,0,0
BRDA:125,7,1,0
BRDA:128,8,0,0
BRDA:128,8,1,0
BRDA:134,9,0,0
BRDA:134,9,1,0
BRDA:145,10,0,0
BRDA:145,10,1,0
BRDA:157,11,0,0
BRDA:157,11,1,0
BRDA:193,12,0,0
BRDA:193,12,1,0
BRDA:203,13,0,0
BRDA:203,13,1,0
BRDA:208,14,0,0
BRDA:208,14,1,0
BRDA:220,15,0,0
BRDA:220,15,1,0
BRDA:247,16,0,0
BRDA:247,16,1,0
BRDA:252,17,0,0
BRDA:252,17,1,0
BRDA:259,18,0,0
BRDA:259,18,1,0
BRDA:299,19,0,0
BRDA:299,19,1,0
BRDA:335,20,0,0
BRDA:335,20,1,0
BRDA:370,21,0,0
BRDA:370,21,1,0
BRDA:370,22,0,0
BRDA:370,22,1,0
BRDA:370,22,2,0
BRDA:377,23,0,0
BRDA:377,23,1,0
BRDA:409,24,0,0
BRDA:409,24,1,0
BRDA:409,24,2,0
BRDA:416,25,0,0
BRDA:416,25,1,0
BRDA:424,26,0,0
BRDA:424,26,1,0
BRDA:445,27,0,0
BRDA:445,27,1,0
BRDA:475,28,0,0
BRDA:475,28,1,0
BRDA:503,29,0,0
BRDA:503,29,1,0
BRDA:519,30,0,0
BRDA:519,30,1,0
BRF:64
BRH:0
end_of_record
TN:
SF:src/controllers/recipeController.js
FN:13,(anonymous_0)
FN:28,(anonymous_1)
FN:52,(anonymous_2)
FN:74,(anonymous_3)
FN:138,(anonymous_4)
FN:178,(anonymous_5)
FN:204,(anonymous_6)
FN:217,(anonymous_7)
FN:230,(anonymous_8)
FNF:9
FNH:7
FNDA:0,(anonymous_0)
FNDA:0,(anonymous_1)
FNDA:56,(anonymous_2)
FNDA:190,(anonymous_3)
FNDA:5,(anonymous_4)
FNDA:4,(anonymous_5)
FNDA:3,(anonymous_6)
FNDA:2,(anonymous_7)
FNDA:5,(anonymous_8)
DA:1,4
DA:2,4
DA:3,4
DA:4,4
DA:5,4
DA:6,4
DA:9,4
DA:10,4
DA:14,0
DA:15,0
DA:16,0
DA:18,0
DA:19,0
DA:21,0
DA:26,4
DA:28,4
DA:29,0
DA:31,0
DA:32,0
DA:33,0
DA:34,0
DA:37,0
DA:38,0
DA:40,0
DA:45,0
DA:46,0
DA:48,0
DA:52,4
DA:53,56
DA:54,56
DA:55,56
DA:56,1
DA:60,56
DA:61,1
DA:64,56
DA:65,55
DA:70,1
DA:74,4
DA:75,190
DA:76,190
DA:83,190
DA:91,190
DA:93,8
DA:96,182
DA:99,190
DA:101,189
DA:102,189
DA:103,8
DA:106,8
DA:107,1
DA:111,8
DA:112,7
DA:114,1
DA:117,8
DA:119,1
DA:122,9
DA:134,181
DA:138,4
DA:139,5
DA:140,5
DA:143,5
DA:145,5
DA:147,4
DA:148,4
DA:149,3
DA:151,3
DA:152,1
DA:156,2
DA:157,1
DA:161,2
DA:162,2
DA:164,1
DA:167,3
DA:174,1
DA:178,4
DA:179,4
DA:180,4
DA:181,4
DA:182,1
DA:186,4
DA:187,1
DA:190,4
DA:191,4
DA:192,1
DA:195,3
DA:200,0
DA:204,4
DA:205,3
DA:206,3
DA:207,2
DA:208,1
DA:211,1
DA:213,1
DA:217,4
DA:218,2
DA:219,2
DA:220,2
DA:221,1
DA:224,1
DA:226,0
DA:230,4
DA:231,5
DA:232,5
DA:233,5
DA:234,3
DA:237,2
DA:238,2
DA:239,1
DA:242,1
DA:244,0
LF:110
LH:90
BRDA:18,0,0,0
BRDA:18,0,1,0
BRDA:18,1,0,0
BRDA:18,1,1,0
BRDA:29,2,0,0
BRDA:29,2,1,0
BRDA:33,3,0,0
BRDA:33,3,1,0
BRDA:55,4,0,1
BRDA:55,4,1,55
BRDA:60,5,0,1
BRDA:60,5,1,55
BRDA:84,6,0,190
BRDA:84,6,1,188
BRDA:85,7,0,190
BRDA:85,7,1,188
BRDA:91,8,0,8
BRDA:91,8,1,182
BRDA:99,9,0,189
BRDA:99,9,1,1
BRDA:106,10,0,1
BRDA:106,10,1,7
BRDA:111,11,0,7
BRDA:111,11,1,1
BRDA:145,12,0,4
BRDA:145,12,1,1
BRDA:151,13,0,1
BRDA:151,13,1,2
BRDA:156,14,0,1
BRDA:156,14,1,1
BRDA:181,15,0,1
BRDA:181,15,1,3
BRDA:186,16,0,1
BRDA:186,16,1,3
BRDA:191,17,0,1
BRDA:191,17,1,3
BRDA:207,18,0,1
BRDA:207,18,1,1
BRDA:220,19,0,1
BRDA:220,19,1,1
BRDA:233,20,0,3
BRDA:233,20,1,2
BRDA:233,21,0,5
BRDA:233,21,1,3
BRDA:233,21,2,3
BRDA:238,22,0,1
BRDA:238,22,1,1
BRF:47
BRH:39
end_of_record
TN:
SF:src/middleware/auth-optimized.js
FN:7,(anonymous_0)
FN:22,(anonymous_1)
FN:57,(anonymous_2)
FN:108,(anonymous_3)
FN:140,(anonymous_4)
FN:162,(anonymous_5)
FN:209,(anonymous_6)
FN:232,(anonymous_7)
FN:235,(anonymous_8)
FN:252,(anonymous_9)
FN:253,(anonymous_10)
FN:254,(anonymous_11)
FNF:12
FNH:0
FNDA:0,(anonymous_0)
FNDA:0,(anonymous_1)
FNDA:0,(anonymous_2)
FNDA:0,(anonymous_3)
FNDA:0,(anonymous_4)
FNDA:0,(anonymous_5)
FNDA:0,(anonymous_6)
FNDA:0,(anonymous_7)
FNDA:0,(anonymous_8)
FNDA:0,(anonymous_9)
FNDA:0,(anonymous_10)
FNDA:0,(anonymous_11)
DA:3,0
DA:4,0
DA:8,0
DA:9,0
DA:10,0
DA:11,0
DA:13,0
DA:14,0
DA:17,0
DA:18,0
DA:23,0
DA:25,0
DA:26,0
DA:34,0
DA:40,0
DA:41,0
DA:42,0
DA:43,0
DA:46,0
DA:47,0
DA:49,0
DA:51,0
DA:52,0
DA:58,0
DA:60,0
DA:61,0
DA:64,0
DA:66,0
DA:67,0
DA:68,0
DA:69,0
DA:71,0
DA:72,0
DA:73,0
DA:74,0
DA:79,0
DA:84,0
DA:85,0
DA:86,0
DA:89,0
DA:90,0
DA:92,0
DA:94,0
DA:95,0
DA:97,0
DA:98,0
DA:99,0
DA:100,0
DA:102,0
DA:109,0
DA:110,0
DA:114,0
DA:115,0
DA:116,0
DA:118,0
DA:119,0
DA:122,0
DA:127,0
DA:128,0
DA:132,0
DA:134,0
DA:135,0
DA:141,0
DA:143,0
DA:144,0
DA:145,0
DA:146,0
DA:147,0
DA:148,0
DA:150,0
DA:152,0
DA:153,0
DA:159,0
DA:162,0
DA:163,0
DA:165,0
DA:166,0
DA:168,0
DA:169,0
DA:176,0
DA:177,0
DA:180,0
DA:186,0
DA:189,0
DA:190,0
DA:193,0
DA:194,0
DA:197,0
DA:198,0
DA:200,0
DA:209,0
DA:210,0
DA:211,0
DA:213,0
DA:214,0
DA:215,0
DA:216,0
DA:223,0
DA:226,0
DA:227,0
DA:232,0
DA:233,0
DA:235,0
DA:236,0
DA:237,0
DA:240,0
DA:241,0
DA:245,0
DA:248,0
DA:252,0
DA:253,0
DA:254,0
LF:112
LH:0
BRDA:9,0,0,0
BRDA:9,0,1,0
BRDA:11,1,0,0
BRDA:11,1,1,0
BRDA:13,2,0,0
BRDA:13,2,1,0
BRDA:18,3,0,0
BRDA:18,3,1,0
BRDA:40,4,0,0
BRDA:40,4,1,0
BRDA:60,5,0,0
BRDA:60,5,1,0
BRDA:66,6,0,0
BRDA:66,6,1,0
BRDA:71,7,0,0
BRDA:71,7,1,0
BRDA:84,8,0,0
BRDA:84,8,1,0
BRDA:84,9,0,0
BRDA:84,9,1,0
BRDA:97,10,0,0
BRDA:97,10,1,0
BRDA:99,11,0,0
BRDA:99,11,1,0
BRDA:118,12,0,0
BRDA:118,12,1,0
BRDA:127,13,0,0
BRDA:127,13,1,0
BRDA:141,14,0,0
BRDA:141,14,1,0
BRDA:145,15,0,0
BRDA:145,15,1,0
BRDA:168,16,0,0
BRDA:168,16,1,0
BRDA:168,17,0,0
BRDA:168,17,1,0
BRDA:189,18,0,0
BRDA:189,18,1,0
BRDA:213,19,0,0
BRDA:213,19,1,0
BRDA:213,20,0,0
BRDA:213,20,1,0
BRDA:240,21,0,0
BRDA:240,21,1,0
BRF:44
BRH:0
end_of_record
TN:
SF:src/middleware/auth.js
FN:4,(anonymous_0)
FNF:1
FNH:1
FNDA:4,(anonymous_0)
DA:1,1
DA:2,1
DA:4,1
DA:5,4
DA:7,4
DA:8,1
DA:11,3
DA:14,3
DA:16,3
DA:17,0
DA:18,0
DA:21,3
DA:22,3
DA:23,1
DA:26,1
DA:27,1
DA:28,0
DA:32,1
DA:33,1
DA:36,1
DA:37,1
DA:38,1
DA:40,2
LF:23
LH:20
BRDA:7,0,0,1
BRDA:7,0,1,3
BRDA:16,1,0,0
BRDA:16,1,1,3
BRDA:22,2,0,3
BRDA:22,2,1,0
BRDA:27,3,0,0
BRDA:27,3,1,1
BRF:8
BRH:5
end_of_record
TN:
SF:src/middleware/cache-enhanced.js
FN:23,(anonymous_0)
FN:24,(anonymous_1)
FN:49,(anonymous_2)
FN:51,(anonymous_3)
FN:78,generateDefaultCacheKey
FN:97,(anonymous_5)
FN:98,(anonymous_6)
FN:139,(anonymous_7)
FN:140,(anonymous_8)
FN:166,(anonymous_9)
FN:169,(anonymous_10)
FN:196,(anonymous_11)
FN:197,(anonymous_12)
FN:230,(anonymous_13)
FN:233,(anonymous_14)
FN:268,(anonymous_15)
FN:269,(anonymous_16)
FN:298,(anonymous_17)
FN:300,(anonymous_18)
FN:333,(anonymous_19)
FN:334,(anonymous_20)
FN:366,(anonymous_21)
FN:369,(anonymous_22)
FN:403,(anonymous_23)
FN:404,(anonymous_24)
FN:423,(anonymous_25)
FN:426,(anonymous_26)
FN:459,(anonymous_27)
FN:460,(anonymous_28)
FN:464,(anonymous_29)
FN:483,(anonymous_30)
FN:484,(anonymous_31)
FN:488,(anonymous_32)
FN:514,(anonymous_33)
FN:515,(anonymous_34)
FNF:35
FNH:0
FNDA:0,(anonymous_0)
FNDA:0,(anonymous_1)
FNDA:0,(anonymous_2)
FNDA:0,(anonymous_3)
FNDA:0,generateDefaultCacheKey
FNDA:0,(anonymous_5)
FNDA:0,(anonymous_6)
FNDA:0,(anonymous_7)
FNDA:0,(anonymous_8)
FNDA:0,(anonymous_9)
FNDA:0,(anonymous_10)
FNDA:0,(anonymous_11)
FNDA:0,(anonymous_12)
FNDA:0,(anonymous_13)
FNDA:0,(anonymous_14)
FNDA:0,(anonymous_15)
FNDA:0,(anonymous_16)
FNDA:0,(anonymous_17)
FNDA:0,(anonymous_18)
FNDA:0,(anonymous_19)
FNDA:0,(anonymous_20)
FNDA:0,(anonymous_21)
FNDA:0,(anonymous_22)
FNDA:0,(anonymous_23)
FNDA:0,(anonymous_24)
FNDA:0,(anonymous_25)
FNDA:0,(anonymous_26)
FNDA:0,(anonymous_27)
FNDA:0,(anonymous_28)
FNDA:0,(anonymous_29)
FNDA:0,(anonymous_30)
FNDA:0,(anonymous_31)
FNDA:0,(anonymous_32)
FNDA:0,(anonymous_33)
FNDA:0,(anonymous_34)
DA:9,0
DA:23,0
DA:24,0
DA:26,0
DA:27,0
DA:28,0
DA:31,0
DA:33,0
DA:38,0
DA:40,0
DA:41,0
DA:42,0
DA:43,0
DA:47,0
DA:49,0
DA:51,0
DA:52,0
DA:53,0
DA:54,0
DA:56,0
DA:60,0
DA:61,0
DA:62,0
DA:65,0
DA:68,0
DA:69,0
DA:70,0
DA:79,0
DA:80,0
DA:81,0
DA:82,0
DA:84,0
DA:97,0
DA:98,0
DA:99,0
DA:101,0
DA:102,0
DA:105,0
DA:107,0
DA:110,0
DA:112,0
DA:113,0
DA:114,0
DA:115,0
DA:116,0
DA:118,0
DA:121,0
DA:124,0
DA:125,0
DA:139,0
DA:140,0
DA:141,0
DA:143,0
DA:144,0
DA:147,0
DA:149,0
DA:151,0
DA:152,0
DA:153,0
DA:154,0
DA:164,0
DA:166,0
DA:168,0
DA:169,0
DA:170,0
DA:171,0
DA:172,0
DA:174,0
DA:179,0
DA:180,0
DA:181,0
DA:184,0
DA:187,0
DA:188,0
DA:196,0
DA:197,0
DA:198,0
DA:199,0
DA:200,0
DA:206,0
DA:212,0
DA:214,0
DA:215,0
DA:216,0
DA:217,0
DA:228,0
DA:230,0
DA:232,0
DA:233,0
DA:234,0
DA:235,0
DA:236,0
DA:238,0
DA:243,0
DA:244,0
DA:245,0
DA:248,0
DA:251,0
DA:252,0
DA:268,0
DA:269,0
DA:270,0
DA:272,0
DA:273,0
DA:276,0
DA:278,0
DA:281,0
DA:283,0
DA:284,0
DA:285,0
DA:286,0
DA:296,0
DA:298,0
DA:300,0
DA:301,0
DA:302,0
DA:303,0
DA:305,0
DA:309,0
DA:310,0
DA:311,0
DA:314,0
DA:317,0
DA:318,0
DA:333,0
DA:334,0
DA:335,0
DA:336,0
DA:337,0
DA:343,0
DA:344,0
DA:348,0
DA:350,0
DA:351,0
DA:352,0
DA:353,0
DA:364,0
DA:366,0
DA:368,0
DA:369,0
DA:370,0
DA:371,0
DA:372,0
DA:374,0
DA:379,0
DA:380,0
DA:381,0
DA:384,0
DA:387,0
DA:388,0
DA:403,0
DA:404,0
DA:405,0
DA:407,0
DA:409,0
DA:410,0
DA:411,0
DA:412,0
DA:421,0
DA:423,0
DA:425,0
DA:426,0
DA:427,0
DA:428,0
DA:429,0
DA:431,0
DA:436,0
DA:437,0
DA:438,0
DA:441,0
DA:444,0
DA:445,0
DA:459,0
DA:460,0
DA:461,0
DA:464,0
DA:465,0
DA:466,0
DA:467,0
DA:468,0
DA:469,0
DA:471,0
DA:476,0
DA:483,0
DA:484,0
DA:485,0
DA:488,0
DA:489,0
DA:490,0
DA:491,0
DA:492,0
DA:493,0
DA:494,0
DA:496,0
DA:501,0
DA:514,0
DA:515,0
DA:516,0
DA:517,0
DA:518,0
DA:519,0
DA:524,0
DA:528,0
LF:203
LH:0
BRDA:23,0,0,0
BRDA:23,1,0,0
BRDA:26,2,0,0
BRDA:26,2,1,0
BRDA:26,3,0,0
BRDA:26,3,1,0
BRDA:33,4,0,0
BRDA:33,4,1,0
BRDA:40,5,0,0
BRDA:40,5,1,0
BRDA:79,6,0,0
BRDA:79,6,1,0
BRDA:81,7,0,0
BRDA:81,7,1,0
BRDA:101,8,0,0
BRDA:101,8,1,0
BRDA:107,9,0,0
BRDA:107,9,1,0
BRDA:112,10,0,0
BRDA:112,10,1,0
BRDA:143,11,0,0
BRDA:143,11,1,0
BRDA:151,12,0,0
BRDA:151,12,1,0
BRDA:168,13,0,0
BRDA:168,13,1,0
BRDA:199,14,0,0
BRDA:199,14,1,0
BRDA:207,15,0,0
BRDA:207,15,1,0
BRDA:208,16,0,0
BRDA:208,16,1,0
BRDA:214,17,0,0
BRDA:214,17,1,0
BRDA:232,18,0,0
BRDA:232,18,1,0
BRDA:268,19,0,0
BRDA:272,20,0,0
BRDA:272,20,1,0
BRDA:278,21,0,0
BRDA:278,21,1,0
BRDA:283,22,0,0
BRDA:283,22,1,0
BRDA:336,23,0,0
BRDA:336,23,1,0
BRDA:336,23,2,0
BRDA:343,24,0,0
BRDA:343,24,1,0
BRDA:350,25,0,0
BRDA:350,25,1,0
BRDA:368,26,0,0
BRDA:368,26,1,0
BRDA:409,27,0,0
BRDA:409,27,1,0
BRDA:425,28,0,0
BRDA:425,28,1,0
BRDA:465,29,0,0
BRDA:465,29,1,0
BRDA:465,30,0,0
BRDA:465,30,1,0
BRDA:489,31,0,0
BRDA:489,31,1,0
BRDA:489,32,0,0
BRDA:489,32,1,0
BRDA:518,33,0,0
BRDA:518,33,1,0
BRDA:519,34,0,0
BRDA:519,34,1,0
BRF:68
BRH:0
end_of_record
TN:
SF:src/middleware/cache.js
FN:9,(anonymous_0)
FN:21,(anonymous_1)
FN:31,(anonymous_2)
FN:45,(anonymous_3)
FN:50,(anonymous_4)
FN:56,(anonymous_5)
FN:61,(anonymous_6)
FN:68,(anonymous_7)
FN:73,(anonymous_8)
FN:80,(anonymous_9)
FN:85,(anonymous_10)
FN:92,(anonymous_11)
FN:99,(anonymous_12)
FN:110,(anonymous_13)
FN:116,(anonymous_14)
FN:120,(anonymous_15)
FN:135,(anonymous_16)
FN:136,(anonymous_17)
FN:152,(anonymous_18)
FN:153,(anonymous_19)
FN:165,(anonymous_20)
FN:166,(anonymous_21)
FNF:22
FNH:21
FNDA:5,(anonymous_0)
FNDA:2,(anonymous_1)
FNDA:7,(anonymous_2)
FNDA:1054,(anonymous_3)
FNDA:54,(anonymous_4)
FNDA:1,(anonymous_5)
FNDA:1,(anonymous_6)
FNDA:4,(anonymous_7)
FNDA:1,(anonymous_8)
FNDA:1,(anonymous_9)
FNDA:1,(anonymous_10)
FNDA:2,(anonymous_11)
FNDA:6,(anonymous_12)
FNDA:1,(anonymous_13)
FNDA:2,(anonymous_14)
FNDA:1,(anonymous_15)
FNDA:10,(anonymous_16)
FNDA:186,(anonymous_17)
FNDA:25,(anonymous_18)
FNDA:0,(anonymous_19)
FNDA:2,(anonymous_20)
FNDA:2,(anonymous_21)
DA:6,5
DA:10,5
DA:22,2
DA:23,2
DA:28,2
DA:32,7
DA:33,7
DA:34,7
DA:35,3
DA:37,3
DA:38,2
DA:41,5
DA:46,1054
DA:47,1054
DA:51,54
DA:52,54
DA:53,53
DA:57,1
DA:58,1
DA:62,1
DA:63,1
DA:64,1
DA:69,4
DA:70,4
DA:74,1
DA:75,1
DA:76,1
DA:81,1
DA:82,1
DA:86,1
DA:87,1
DA:88,1
DA:93,2
DA:99,2
DA:100,6
DA:102,4
DA:104,2
DA:107,2
DA:111,1
DA:116,2
DA:121,1
DA:130,5
DA:133,5
DA:136,10
DA:137,186
DA:139,186
DA:140,186
DA:141,186
DA:142,1
DA:143,1
DA:144,1
DA:147,0
DA:151,185
DA:152,185
DA:153,25
DA:154,0
DA:156,25
DA:157,25
DA:160,185
DA:166,2
DA:167,2
DA:168,2
DA:170,1
DA:171,1
DA:172,1
DA:173,1
DA:174,1
DA:175,1
DA:178,0
DA:181,0
DA:186,5
LF:71
LH:67
BRDA:34,0,0,3
BRDA:34,0,1,4
BRDA:37,1,0,2
BRDA:37,1,1,1
BRDA:53,2,0,53
BRDA:53,2,1,0
BRDA:64,3,0,1
BRDA:64,3,1,0
BRDA:76,4,0,1
BRDA:76,4,1,0
BRDA:88,5,0,1
BRDA:88,5,1,0
BRDA:100,6,0,4
BRDA:100,6,1,2
BRDA:135,7,0,0
BRDA:141,8,0,1
BRDA:141,8,1,185
BRDA:168,9,0,1
BRDA:168,9,1,1
BRDA:172,10,0,1
BRDA:172,10,1,0
BRF:21
BRH:15
end_of_record
TN:
SF:src/middleware/compression.js
FN:21,(anonymous_0)
FN:42,(anonymous_1)
FN:50,(anonymous_2)
FN:71,(anonymous_3)
FN:75,(anonymous_4)
FN:92,(anonymous_5)
FN:95,(anonymous_6)
FN:116,(anonymous_7)
FN:119,(anonymous_8)
FNF:9
FNH:9
FNDA:182,(anonymous_0)
FNDA:110,(anonymous_1)
FNDA:4,(anonymous_2)
FNDA:186,(anonymous_3)
FNDA:185,(anonymous_4)
FNDA:240,(anonymous_5)
FNDA:1308,(anonymous_6)
FNDA:9,(anonymous_7)
FNDA:9,(anonymous_8)
DA:6,4
DA:7,4
DA:10,4
DA:23,182
DA:24,182
DA:29,0
DA:33,182
DA:34,0
DA:37,182
DA:42,4
DA:43,110
DA:46,110
DA:47,107
DA:49,107
DA:50,107
DA:51,4
DA:52,3
DA:59,3
DA:60,3
DA:62,1
DA:67,110
DA:71,4
DA:72,186
DA:75,186
DA:76,185
DA:77,185
DA:80,185
DA:83,3
DA:84,1
DA:88,186
DA:92,4
DA:93,240
DA:95,240
DA:96,1308
DA:101,1308
DA:104,1308
DA:105,1308
DA:106,1
DA:109,1307
DA:112,240
DA:116,4
DA:117,9
DA:119,9
DA:121,9
DA:123,9
DA:124,9
DA:126,8
DA:129,9
DA:132,4
LF:49
LH:47
BRDA:24,0,0,0
BRDA:24,0,1,182
BRDA:24,1,0,182
BRDA:24,1,1,182
BRDA:24,1,2,182
BRDA:24,1,3,182
BRDA:33,2,0,0
BRDA:33,2,1,182
BRDA:43,3,0,110
BRDA:43,3,1,2
BRDA:46,4,0,107
BRDA:46,4,1,3
BRDA:51,5,0,3
BRDA:51,5,1,1
BRDA:51,6,0,4
BRDA:51,6,1,2
BRDA:83,7,0,1
BRDA:83,7,1,2
BRDA:105,8,0,1
BRDA:105,8,1,1307
BRF:20
BRH:18
end_of_record
TN:
SF:src/middleware/errorDetectionMiddleware.js
FN:14,(anonymous_0)
FN:56,(anonymous_1)
FN:123,(anonymous_2)
FN:124,(anonymous_3)
FN:135,(anonymous_4)
FN:138,(anonymous_5)
FN:145,(anonymous_6)
FN:159,(anonymous_7)
FN:175,(anonymous_8)
FN:180,(anonymous_9)
FN:186,(anonymous_10)
FN:200,(anonymous_11)
FN:230,(anonymous_12)
FN:233,(anonymous_13)
FN:240,(anonymous_14)
FN:242,(anonymous_15)
FN:245,(anonymous_16)
FN:250,(anonymous_17)
FN:275,(anonymous_18)
FN:277,(anonymous_19)
FN:280,(anonymous_20)
FN:311,(anonymous_21)
FN:312,(anonymous_22)
FN:329,(anonymous_23)
FN:330,(anonymous_24)
FN:347,(anonymous_25)
FN:360,(anonymous_26)
FN:379,(anonymous_27)
FN:410,(anonymous_28)
FN:435,(anonymous_29)
FN:453,(anonymous_30)
FNF:31
FNH:0
FNDA:0,(anonymous_0)
FNDA:0,(anonymous_1)
FNDA:0,(anonymous_2)
FNDA:0,(anonymous_3)
FNDA:0,(anonymous_4)
FNDA:0,(anonymous_5)
FNDA:0,(anonymous_6)
FNDA:0,(anonymous_7)
FNDA:0,(anonymous_8)
FNDA:0,(anonymous_9)
FNDA:0,(anonymous_10)
FNDA:0,(anonymous_11)
FNDA:0,(anonymous_12)
FNDA:0,(anonymous_13)
FNDA:0,(anonymous_14)
FNDA:0,(anonymous_15)
FNDA:0,(anonymous_16)
FNDA:0,(anonymous_17)
FNDA:0,(anonymous_18)
FNDA:0,(anonymous_19)
FNDA:0,(anonymous_20)
FNDA:0,(anonymous_21)
FNDA:0,(anonymous_22)
FNDA:0,(anonymous_23)
FNDA:0,(anonymous_24)
FNDA:0,(anonymous_25)
FNDA:0,(anonymous_26)
FNDA:0,(anonymous_27)
FNDA:0,(anonymous_28)
FNDA:0,(anonymous_29)
FNDA:0,(anonymous_30)
DA:6,0
DA:7,0
DA:8,0
DA:9,0
DA:10,0
DA:11,0
DA:15,0
DA:47,0
DA:48,0
DA:49,0
DA:57,0
DA:59,0
DA:61,0
DA:63,0
DA:64,0
DA:67,0
DA:78,0
DA:79,0
DA:80,0
DA:83,0
DA:84,0
DA:85,0
DA:88,0
DA:89,0
DA:94,0
DA:97,0
DA:98,0
DA:106,0
DA:110,0
DA:112,0
DA:113,0
DA:116,0
DA:123,0
DA:124,0
DA:130,0
DA:131,0
DA:137,0
DA:138,0
DA:139,0
DA:144,0
DA:145,0
DA:146,0
DA:159,0
DA:160,0
DA:175,0
DA:176,0
DA:177,0
DA:180,0
DA:181,0
DA:182,0
DA:187,0
DA:188,0
DA:190,0
DA:201,0
DA:224,0
DA:231,0
DA:232,0
DA:233,0
DA:234,0
DA:241,0
DA:242,0
DA:245,0
DA:246,0
DA:247,0
DA:250,0
DA:251,0
DA:252,0
DA:255,0
DA:256,0
DA:265,0
DA:266,0
DA:270,0
DA:276,0
DA:277,0
DA:280,0
DA:282,0
DA:294,0
DA:306,0
DA:312,0
DA:313,0
DA:314,0
DA:316,0
DA:319,0
DA:330,0
DA:331,0
DA:332,0
DA:333,0
DA:335,0
DA:336,0
DA:339,0
DA:348,0
DA:361,0
DA:380,0
DA:389,0
DA:390,0
DA:391,0
DA:392,0
DA:393,0
DA:394,0
DA:397,0
DA:401,0
DA:406,0
DA:411,0
DA:412,0
DA:413,0
DA:416,0
DA:419,0
DA:422,0
DA:425,0
DA:428,0
DA:430,0
DA:431,0
DA:432,0
DA:436,0
DA:438,0
DA:439,0
DA:440,0
DA:441,0
DA:442,0
DA:444,0
DA:449,0
DA:454,0
DA:464,0
DA:465,0
DA:466,0
DA:467,0
DA:469,0
DA:474,0
DA:478,0
LF:129
LH:0
BRDA:14,0,0,0
BRDA:18,1,0,0
BRDA:18,1,1,0
BRDA:19,2,0,0
BRDA:19,2,1,0
BRDA:57,3,0,0
BRDA:57,3,1,0
BRDA:78,4,0,0
BRDA:78,4,1,0
BRDA:83,5,0,0
BRDA:83,5,1,0
BRDA:88,6,0,0
BRDA:88,6,1,0
BRDA:97,7,0,0
BRDA:97,7,1,0
BRDA:99,8,0,0
BRDA:99,8,1,0
BRDA:137,9,0,0
BRDA:137,9,1,0
BRDA:144,10,0,0
BRDA:144,10,1,0
BRDA:193,11,0,0
BRDA:193,11,1,0
BRDA:224,12,0,0
BRDA:224,12,1,0
BRDA:232,13,0,0
BRDA:232,13,1,0
BRDA:241,14,0,0
BRDA:241,14,1,0
BRDA:255,15,0,0
BRDA:255,15,1,0
BRDA:265,16,0,0
BRDA:265,16,1,0
BRDA:265,17,0,0
BRDA:265,17,1,0
BRDA:276,18,0,0
BRDA:276,18,1,0
BRDA:316,19,0,0
BRDA:316,19,1,0
BRDA:351,20,0,0
BRDA:351,20,1,0
BRDA:390,21,0,0
BRDA:390,21,1,0
BRDA:390,22,0,0
BRDA:390,22,1,0
BRDA:393,23,0,0
BRDA:393,23,1,0
BRDA:411,24,0,0
BRDA:411,24,1,0
BRDA:439,25,0,0
BRDA:439,25,1,0
BRDA:439,26,0,0
BRDA:439,26,1,0
BRDA:465,27,0,0
BRDA:465,27,1,0
BRDA:465,28,0,0
BRDA:465,28,1,0
BRF:57
BRH:0
end_of_record
TN:
SF:src/middleware/errorHandler.js
FN:5,(anonymous_0)
FNF:1
FNH:1
FNDA:1068,(anonymous_0)
DA:5,2
DA:7,1068
DA:8,2
DA:12,1068
DA:15,1068
DA:16,1
DA:20,1067
DA:21,3
DA:25,1064
DA:26,2
DA:29,1062
DA:30,1
DA:34,1061
LF:13
LH:13
BRDA:7,0,0,2
BRDA:7,0,1,1066
BRDA:12,1,0,1068
BRDA:12,1,1,3
BRDA:12,1,2,3
BRDA:15,2,0,1
BRDA:15,2,1,1067
BRDA:20,3,0,3
BRDA:20,3,1,1064
BRDA:25,4,0,2
BRDA:25,4,1,1062
BRDA:29,5,0,1
BRDA:29,5,1,1061
BRDA:34,6,0,1061
BRDA:34,6,1,42
BRDA:35,7,0,1061
BRDA:35,7,1,4
BRDA:36,8,0,1061
BRDA:36,8,1,1
BRF:19
BRH:19
end_of_record
TN:
SF:src/middleware/unifiedAuth.js
FN:32,(anonymous_0)
FN:75,(anonymous_1)
FN:110,(anonymous_2)
FN:158,(anonymous_3)
FN:160,(anonymous_4)
FN:180,(anonymous_5)
FN:181,(anonymous_6)
FN:183,(anonymous_7)
FN:201,(anonymous_8)
FN:215,(anonymous_9)
FN:226,(anonymous_10)
FN:242,(anonymous_11)
FN:252,(anonymous_12)
FNF:13
FNH:5
FNDA:207,(anonymous_0)
FNDA:182,(anonymous_1)
FNDA:27,(anonymous_2)
FNDA:0,(anonymous_3)
FNDA:0,(anonymous_4)
FNDA:0,(anonymous_5)
FNDA:0,(anonymous_6)
FNDA:0,(anonymous_7)
FNDA:10,(anonymous_8)
FNDA:5,(anonymous_9)
FNDA:0,(anonymous_10)
FNDA:0,(anonymous_11)
FNDA:0,(anonymous_12)
DA:6,4
DA:7,4
DA:8,4
DA:11,4
DA:14,4
DA:19,4
DA:32,4
DA:34,207
DA:35,0
DA:36,0
DA:37,0
DA:41,207
DA:42,207
DA:43,0
DA:46,207
DA:48,207
DA:53,0
DA:54,0
DA:58,0
DA:59,0
DA:60,0
DA:63,0
DA:66,207
DA:67,207
DA:75,4
DA:76,182
DA:77,182
DA:79,182
DA:80,181
DA:81,181
DA:82,0
DA:87,0
DA:88,0
DA:90,181
DA:91,181
DA:92,181
DA:95,181
DA:98,1
DA:99,1
DA:100,1
DA:103,182
DA:110,4
DA:111,27
DA:112,27
DA:114,27
DA:115,1
DA:120,26
DA:121,26
DA:122,0
DA:127,0
DA:128,0
DA:130,0
DA:132,26
DA:134,26
DA:136,0
DA:137,0
DA:139,0
DA:140,0
DA:143,26
DA:144,26
DA:146,0
DA:149,26
DA:158,4
DA:160,0
DA:161,0
DA:162,0
DA:166,0
DA:167,0
DA:172,0
DA:180,4
DA:181,0
DA:183,0
DA:184,0
DA:185,0
DA:189,0
DA:190,0
DA:201,4
DA:202,10
DA:215,4
DA:216,5
DA:226,4
DA:227,0
DA:228,0
DA:229,0
DA:230,0
DA:231,0
DA:232,0
DA:235,0
DA:242,4
DA:252,4
DA:253,0
DA:254,0
DA:255,0
DA:258,4
LF:94
LH:50
BRDA:20,0,0,4
BRDA:20,0,1,0
BRDA:34,1,0,0
BRDA:34,1,1,207
BRDA:42,2,0,0
BRDA:42,2,1,207
BRDA:42,3,0,207
BRDA:42,3,1,0
BRDA:53,4,0,0
BRDA:53,4,1,0
BRDA:53,5,0,0
BRDA:53,5,1,0
BRDA:59,6,0,0
BRDA:59,6,1,0
BRDA:77,7,0,181
BRDA:77,7,1,1
BRDA:79,8,0,181
BRDA:79,8,1,1
BRDA:112,9,0,26
BRDA:112,9,1,1
BRDA:114,10,0,1
BRDA:114,10,1,26
BRDA:134,11,0,0
BRDA:134,11,1,0
BRDA:134,11,2,26
BRDA:134,11,3,26
BRDA:134,11,4,0
BRDA:161,12,0,0
BRDA:161,12,1,0
BRDA:166,13,0,0
BRDA:166,13,1,0
BRDA:180,14,0,0
BRDA:184,15,0,0
BRDA:184,15,1,0
BRDA:201,16,0,5
BRDA:229,17,0,0
BRDA:229,17,1,0
BRDA:229,18,0,0
BRDA:229,18,1,0
BRF:39
BRH:15
end_of_record
TN:
SF:src/middleware/validation.js
FN:3,(anonymous_0)
FNF:1
FNH:1
FNDA:38,(anonymous_0)
DA:1,4
DA:3,4
DA:4,38
DA:5,38
DA:6,9
DA:8,29
DA:11,4
DA:18,4
DA:24,4
DA:34,4
DA:40,4
LF:11
LH:11
BRDA:5,0,0,9
BRDA:5,0,1,29
BRF:2
BRH:2
end_of_record
TN:
SF:src/models/Category.js
FN:4,(anonymous_0)
FN:6,(anonymous_1)
FN:10,(anonymous_2)
FN:17,(anonymous_3)
FN:18,(anonymous_4)
FN:19,(anonymous_5)
FN:26,(anonymous_6)
FN:27,(anonymous_7)
FN:28,(anonymous_8)
FN:35,(anonymous_9)
FN:37,(anonymous_10)
FN:42,(anonymous_11)
FN:49,(anonymous_12)
FN:50,(anonymous_13)
FN:51,(anonymous_14)
FN:58,(anonymous_15)
FN:59,(anonymous_16)
FN:60,(anonymous_17)
FNF:18
FNH:0
FNDA:0,(anonymous_0)
FNDA:0,(anonymous_1)
FNDA:0,(anonymous_2)
FNDA:0,(anonymous_3)
FNDA:0,(anonymous_4)
FNDA:0,(anonymous_5)
FNDA:0,(anonymous_6)
FNDA:0,(anonymous_7)
FNDA:0,(anonymous_8)
FNDA:0,(anonymous_9)
FNDA:0,(anonymous_10)
FNDA:0,(anonymous_11)
FNDA:0,(anonymous_12)
FNDA:0,(anonymous_13)
FNDA:0,(anonymous_14)
FNDA:0,(anonymous_15)
FNDA:0,(anonymous_16)
FNDA:0,(anonymous_17)
DA:1,2
DA:5,0
DA:6,0
DA:7,0
DA:11,0
DA:12,0
DA:18,0
DA:19,0
DA:20,0
DA:21,0
DA:27,0
DA:28,0
DA:29,0
DA:30,0
DA:36,0
DA:37,0
DA:38,0
DA:43,0
DA:44,0
DA:50,0
DA:51,0
DA:52,0
DA:53,0
DA:59,0
DA:60,0
DA:61,0
DA:62,0
DA:68,2
LF:28
LH:2
BRDA:10,0,0,0
BRDA:10,0,1,0
BRDA:11,1,0,0
BRDA:11,1,1,0
BRDA:20,2,0,0
BRDA:20,2,1,0
BRDA:29,3,0,0
BRDA:29,3,1,0
BRDA:43,4,0,0
BRDA:43,4,1,0
BRDA:52,5,0,0
BRDA:52,5,1,0
BRDA:61,6,0,0
BRDA:61,6,1,0
BRF:14
BRH:0
end_of_record
TN:
SF:src/models/Recipe.js
FN:4,(anonymous_0)
FN:48,(anonymous_1)
FN:69,(anonymous_2)
FN:120,(anonymous_3)
FN:155,(anonymous_4)
FN:205,(anonymous_5)
FN:214,(anonymous_6)
FN:228,(anonymous_7)
FN:247,(anonymous_8)
FN:269,(anonymous_9)
FN:285,(anonymous_10)
FN:288,(anonymous_11)
FN:300,(anonymous_12)
FN:325,(anonymous_13)
FN:344,(anonymous_14)
FNF:15
FNH:13
FNDA:9,(anonymous_0)
FNDA:0,(anonymous_1)
FNDA:192,(anonymous_2)
FNDA:5,(anonymous_3)
FNDA:5,(anonymous_4)
FNDA:0,(anonymous_5)
FNDA:4,(anonymous_6)
FNDA:4,(anonymous_7)
FNDA:10,(anonymous_8)
FNDA:1,(anonymous_9)
FNDA:1,(anonymous_10)
FNDA:2,(anonymous_11)
FNDA:1,(anonymous_12)
FNDA:1,(anonymous_13)
FNDA:1,(anonymous_14)
DA:1,6
DA:5,9
DA:8,9
DA:9,2
DA:12,7
DA:13,1
DA:16,6
DA:17,6
DA:20,6
DA:25,4
DA:28,4
DA:29,3
DA:30,4
DA:33,4
DA:34,2
DA:37,2
DA:44,2
DA:45,2
DA:48,4
DA:49,0
DA:53,0
DA:54,0
DA:55,0
DA:57,0
DA:58,0
DA:60,0
DA:61,0
DA:65,0
DA:70,192
DA:71,182
DA:74,10
DA:75,10
DA:81,10
DA:83,10
DA:84,2
DA:85,2
DA:88,10
DA:89,2
DA:90,2
DA:93,10
DA:94,2
DA:95,2
DA:98,10
DA:99,3
DA:100,3
DA:101,3
DA:104,10
DA:106,10
DA:107,2
DA:108,2
DA:111,10
DA:112,10
DA:115,0
DA:116,0
DA:121,5
DA:122,3
DA:125,2
DA:126,2
DA:133,2
DA:134,1
DA:137,1
DA:140,1
DA:146,1
DA:147,1
DA:150,0
DA:151,0
DA:156,5
DA:158,5
DA:159,2
DA:162,3
DA:163,1
DA:166,2
DA:167,2
DA:170,2
DA:177,2
DA:178,1
DA:179,1
DA:183,1
DA:186,1
DA:187,1
DA:188,1
DA:190,1
DA:191,0
DA:194,1
DA:201,1
DA:202,1
DA:205,0
DA:206,0
DA:209,0
DA:210,0
DA:215,4
DA:216,2
DA:219,2
DA:220,2
DA:221,2
DA:223,0
DA:224,0
DA:229,4
DA:230,2
DA:233,2
DA:234,2
DA:240,2
DA:242,0
DA:243,0
DA:248,10
DA:249,2
DA:252,8
DA:253,2
DA:256,6
DA:257,6
DA:262,6
DA:264,0
DA:265,0
DA:270,1
DA:271,0
DA:274,1
DA:275,1
DA:285,1
DA:289,2
DA:290,2
DA:295,0
DA:296,0
DA:301,1
DA:302,0
DA:305,1
DA:306,1
DA:307,1
DA:308,0
DA:311,1
DA:312,1
DA:317,1
DA:318,1
DA:320,0
DA:321,0
DA:326,1
DA:327,0
DA:330,1
DA:331,1
DA:337,1
DA:339,0
DA:340,0
DA:345,1
DA:346,0
DA:349,1
DA:350,1
DA:356,1
DA:358,0
DA:359,0
DA:364,6
LF:149
LH:112
BRDA:8,0,0,2
BRDA:8,0,1,7
BRDA:8,1,0,9
BRDA:8,1,1,8
BRDA:12,2,0,1
BRDA:12,2,1,6
BRDA:23,3,0,6
BRDA:23,3,1,4
BRDA:23,4,0,6
BRDA:23,4,1,5
BRDA:23,5,0,6
BRDA:23,5,1,5
BRDA:23,6,0,6
BRDA:23,6,1,5
BRDA:23,7,0,6
BRDA:23,7,1,5
BRDA:23,8,0,6
BRDA:23,8,1,5
BRDA:23,9,0,6
BRDA:23,9,1,5
BRDA:28,10,0,3
BRDA:28,10,1,1
BRDA:28,11,0,4
BRDA:28,11,1,4
BRDA:28,11,2,4
BRDA:33,12,0,2
BRDA:33,12,1,2
BRDA:33,13,0,4
BRDA:33,13,1,3
BRDA:40,14,0,2
BRDA:40,14,1,0
BRDA:40,15,0,2
BRDA:40,15,1,2
BRDA:53,16,0,0
BRDA:53,16,1,0
BRDA:54,17,0,0
BRDA:54,17,1,0
BRDA:57,18,0,0
BRDA:57,18,1,0
BRDA:60,19,0,0
BRDA:60,19,1,0
BRDA:69,20,0,4
BRDA:70,21,0,182
BRDA:70,21,1,10
BRDA:83,22,0,2
BRDA:83,22,1,8
BRDA:88,23,0,2
BRDA:88,23,1,8
BRDA:93,24,0,2
BRDA:93,24,1,8
BRDA:95,25,0,2
BRDA:95,25,1,0
BRDA:98,26,0,3
BRDA:98,26,1,7
BRDA:106,27,0,2
BRDA:106,27,1,8
BRDA:112,28,0,10
BRDA:112,28,1,0
BRDA:121,29,0,3
BRDA:121,29,1,2
BRDA:121,30,0,5
BRDA:121,30,1,4
BRDA:133,31,0,1
BRDA:133,31,1,1
BRDA:133,32,0,2
BRDA:133,32,1,2
BRDA:146,33,0,1
BRDA:146,33,1,0
BRDA:158,34,0,2
BRDA:158,34,1,3
BRDA:158,35,0,5
BRDA:158,35,1,4
BRDA:162,36,0,1
BRDA:162,36,1,2
BRDA:162,37,0,3
BRDA:162,37,1,2
BRDA:175,38,0,2
BRDA:175,38,1,1
BRDA:175,39,0,2
BRDA:175,39,1,2
BRDA:175,40,0,2
BRDA:175,40,1,2
BRDA:175,41,0,2
BRDA:175,41,1,2
BRDA:175,42,0,2
BRDA:175,42,1,2
BRDA:175,43,0,2
BRDA:175,43,1,2
BRDA:175,44,0,2
BRDA:175,44,1,2
BRDA:177,45,0,1
BRDA:177,45,1,1
BRDA:186,46,0,1
BRDA:186,46,1,0
BRDA:186,47,0,1
BRDA:186,47,1,1
BRDA:186,47,2,1
BRDA:190,48,0,0
BRDA:190,48,1,1
BRDA:190,49,0,1
BRDA:190,49,1,1
BRDA:197,50,0,1
BRDA:197,50,1,0
BRDA:197,51,0,1
BRDA:197,51,1,1
BRDA:215,52,0,2
BRDA:215,52,1,2
BRDA:215,53,0,4
BRDA:215,53,1,3
BRDA:229,54,0,2
BRDA:229,54,1,2
BRDA:229,55,0,4
BRDA:229,55,1,3
BRDA:248,56,0,2
BRDA:248,56,1,8
BRDA:248,57,0,10
BRDA:248,57,1,9
BRDA:252,58,0,2
BRDA:252,58,1,6
BRDA:252,59,0,8
BRDA:252,59,1,7
BRDA:270,60,0,0
BRDA:270,60,1,1
BRDA:287,61,0,1
BRDA:287,61,1,0
BRDA:290,62,0,2
BRDA:290,62,1,0
BRDA:301,63,0,0
BRDA:301,63,1,1
BRDA:307,64,0,0
BRDA:307,64,1,1
BRDA:307,65,0,1
BRDA:307,65,1,1
BRDA:317,66,0,1
BRDA:317,66,1,0
BRDA:326,67,0,0
BRDA:326,67,1,1
BRDA:337,68,0,1
BRDA:337,68,1,0
BRDA:345,69,0,0
BRDA:345,69,1,1
BRDA:356,70,0,1
BRDA:356,70,1,0
BRF:143
BRH:118
end_of_record
TN:
SF:src/models/User.js
FN:5,(anonymous_0)
FN:43,(anonymous_1)
FN:57,(anonymous_2)
FN:71,(anonymous_3)
FN:75,(anonymous_4)
FN:112,(anonymous_5)
FNF:6
FNH:6
FNDA:75,(anonymous_0)
FNDA:31,(anonymous_1)
FNDA:5,(anonymous_2)
FNDA:2,(anonymous_3)
FNDA:10,(anonymous_4)
FNDA:6,(anonymous_5)
DA:1,6
DA:2,6
DA:6,75
DA:9,75
DA:10,3
DA:13,72
DA:14,1
DA:17,71
DA:18,1
DA:21,70
DA:22,70
DA:24,70
DA:29,60
DA:31,10
DA:32,2
DA:33,1
DA:35,1
DA:36,1
DA:39,8
DA:44,31
DA:45,3
DA:48,28
DA:49,28
DA:50,27
DA:52,1
DA:53,1
DA:58,5
DA:59,2
DA:62,3
DA:63,3
DA:64,2
DA:66,1
DA:67,1
DA:72,2
DA:76,10
DA:78,10
DA:79,1
DA:82,9
DA:83,2
DA:86,7
DA:87,1
DA:90,6
DA:91,6
DA:97,4
DA:99,2
DA:100,2
DA:101,1
DA:103,1
DA:104,1
DA:107,0
DA:108,0
DA:113,6
DA:114,2
DA:117,4
DA:118,1
DA:121,3
DA:122,3
DA:124,3
DA:130,2
DA:132,1
DA:133,1
DA:138,6
LF:62
LH:60
BRDA:9,0,0,3
BRDA:9,0,1,72
BRDA:9,1,0,75
BRDA:9,1,1,74
BRDA:9,1,2,73
BRDA:13,2,0,1
BRDA:13,2,1,71
BRDA:17,3,0,1
BRDA:17,3,1,70
BRDA:31,4,0,2
BRDA:31,4,1,8
BRDA:31,5,0,10
BRDA:31,5,1,2
BRDA:32,6,0,1
BRDA:32,6,1,1
BRDA:35,7,0,1
BRDA:35,7,1,0
BRDA:44,8,0,3
BRDA:44,8,1,28
BRDA:50,9,0,1
BRDA:50,9,1,26
BRDA:50,10,0,27
BRDA:50,10,1,27
BRDA:58,11,0,2
BRDA:58,11,1,3
BRDA:64,12,0,1
BRDA:64,12,1,1
BRDA:64,13,0,2
BRDA:64,13,1,2
BRDA:78,14,0,1
BRDA:78,14,1,9
BRDA:82,15,0,2
BRDA:82,15,1,7
BRDA:82,16,0,9
BRDA:82,16,1,8
BRDA:86,17,0,1
BRDA:86,17,1,6
BRDA:99,18,0,2
BRDA:99,18,1,0
BRDA:99,19,0,2
BRDA:99,19,1,2
BRDA:100,20,0,1
BRDA:100,20,1,1
BRDA:103,21,0,1
BRDA:103,21,1,0
BRDA:113,22,0,2
BRDA:113,22,1,4
BRDA:113,23,0,6
BRDA:113,23,1,5
BRDA:117,24,0,1
BRDA:117,24,1,3
BRF:51
BRH:48
end_of_record
TN:
SF:src/monitoring/AlertSystem.js
FN:11,(anonymous_0)
FN:113,(anonymous_1)
FN:128,(anonymous_2)
FN:151,(anonymous_3)
FN:202,(anonymous_4)
FN:204,(anonymous_5)
FN:210,(anonymous_6)
FN:216,(anonymous_7)
FN:253,(anonymous_8)
FN:254,(anonymous_9)
FN:270,(anonymous_10)
FN:284,(anonymous_11)
FN:288,(anonymous_12)
FN:295,(anonymous_13)
FN:306,(anonymous_14)
FN:314,(anonymous_15)
FN:319,(anonymous_16)
FN:332,(anonymous_17)
FN:358,(anonymous_18)
FN:388,(anonymous_19)
FN:402,(anonymous_20)
FN:426,(anonymous_21)
FN:438,(anonymous_22)
FN:457,(anonymous_23)
FN:464,(anonymous_24)
FN:468,(anonymous_25)
FN:488,(anonymous_26)
FN:512,(anonymous_27)
FN:516,(anonymous_28)
FN:524,(anonymous_29)
FN:532,(anonymous_30)
FN:543,(anonymous_31)
FN:545,(anonymous_32)
FN:551,(anonymous_33)
FN:565,(anonymous_34)
FNF:35
FNH:0
FNDA:0,(anonymous_0)
FNDA:0,(anonymous_1)
FNDA:0,(anonymous_2)
FNDA:0,(anonymous_3)
FNDA:0,(anonymous_4)
FNDA:0,(anonymous_5)
FNDA:0,(anonymous_6)
FNDA:0,(anonymous_7)
FNDA:0,(anonymous_8)
FNDA:0,(anonymous_9)
FNDA:0,(anonymous_10)
FNDA:0,(anonymous_11)
FNDA:0,(anonymous_12)
FNDA:0,(anonymous_13)
FNDA:0,(anonymous_14)
FNDA:0,(anonymous_15)
FNDA:0,(anonymous_16)
FNDA:0,(anonymous_17)
FNDA:0,(anonymous_18)
FNDA:0,(anonymous_19)
FNDA:0,(anonymous_20)
FNDA:0,(anonymous_21)
FNDA:0,(anonymous_22)
FNDA:0,(anonymous_23)
FNDA:0,(anonymous_24)
FNDA:0,(anonymous_25)
FNDA:0,(anonymous_26)
FNDA:0,(anonymous_27)
FNDA:0,(anonymous_28)
FNDA:0,(anonymous_29)
FNDA:0,(anonymous_30)
FNDA:0,(anonymous_31)
FNDA:0,(anonymous_32)
FNDA:0,(anonymous_33)
FNDA:0,(anonymous_34)
DA:6,0
DA:7,0
DA:8,0
DA:12,0
DA:14,0
DA:73,0
DA:84,0
DA:90,0
DA:108,0
DA:110,0
DA:114,0
DA:117,0
DA:120,0
DA:123,0
DA:125,0
DA:130,0
DA:131,0
DA:132,0
DA:133,0
DA:134,0
DA:136,0
DA:137,0
DA:142,0
DA:143,0
DA:146,0
DA:147,0
DA:153,0
DA:204,0
DA:205,0
DA:206,0
DA:210,0
DA:211,0
DA:212,0
DA:217,0
DA:219,0
DA:222,0
DA:223,0
DA:224,0
DA:228,0
DA:229,0
DA:230,0
DA:234,0
DA:235,0
DA:236,0
DA:240,0
DA:243,0
DA:246,0
DA:249,0
DA:252,0
DA:253,0
DA:254,0
DA:256,0
DA:262,0
DA:265,0
DA:266,0
DA:271,0
DA:285,0
DA:289,0
DA:291,0
DA:296,0
DA:297,0
DA:299,0
DA:300,0
DA:303,0
DA:307,0
DA:308,0
DA:309,0
DA:310,0
DA:315,0
DA:316,0
DA:320,0
DA:326,0
DA:327,0
DA:328,0
DA:333,0
DA:336,0
DA:337,0
DA:341,0
DA:342,0
DA:346,0
DA:347,0
DA:351,0
DA:352,0
DA:355,0
DA:359,0
DA:360,0
DA:367,0
DA:368,0
DA:370,0
DA:373,0
DA:377,0
DA:378,0
DA:379,0
DA:381,0
DA:382,0
DA:383,0
DA:386,0
DA:387,0
DA:388,0
DA:389,0
DA:393,0
DA:395,0
DA:398,0
DA:403,0
DA:404,0
DA:405,0
DA:407,0
DA:408,0
DA:410,0
DA:417,0
DA:419,0
DA:422,0
DA:427,0
DA:428,0
DA:429,0
DA:431,0
DA:438,0
DA:447,0
DA:448,0
DA:450,0
DA:453,0
DA:458,0
DA:459,0
DA:460,0
DA:462,0
DA:464,0
DA:468,0
DA:478,0
DA:479,0
DA:481,0
DA:484,0
DA:489,0
DA:496,0
DA:503,0
DA:513,0
DA:516,0
DA:517,0
DA:518,0
DA:520,0
DA:524,0
DA:525,0
DA:528,0
DA:533,0
DA:544,0
DA:545,0
DA:548,0
DA:552,0
DA:566,0
DA:568,0
DA:569,0
DA:572,0
DA:576,0
LF:152
LH:0
BRDA:11,0,0,0
BRDA:17,1,0,0
BRDA:17,1,1,0
BRDA:19,2,0,0
BRDA:19,2,1,0
BRDA:20,3,0,0
BRDA:20,3,1,0
BRDA:21,4,0,0
BRDA:21,4,1,0
BRDA:23,5,0,0
BRDA:23,5,1,0
BRDA:24,6,0,0
BRDA:24,6,1,0
BRDA:27,7,0,0
BRDA:27,7,1,0
BRDA:27,7,2,0
BRDA:28,8,0,0
BRDA:28,8,1,0
BRDA:28,8,2,0
BRDA:32,9,0,0
BRDA:32,9,1,0
BRDA:33,10,0,0
BRDA:33,10,1,0
BRDA:34,11,0,0
BRDA:34,11,1,0
BRDA:35,12,0,0
BRDA:35,12,1,0
BRDA:39,13,0,0
BRDA:39,13,1,0
BRDA:40,14,0,0
BRDA:40,14,1,0
BRDA:41,15,0,0
BRDA:41,15,1,0
BRDA:59,16,0,0
BRDA:59,16,1,0
BRDA:60,17,0,0
BRDA:60,17,1,0
BRDA:65,18,0,0
BRDA:65,18,1,0
BRDA:66,19,0,0
BRDA:66,19,1,0
BRDA:67,20,0,0
BRDA:67,20,1,0
BRDA:130,21,0,0
BRDA:130,21,1,0
BRDA:130,22,0,0
BRDA:130,22,1,0
BRDA:142,23,0,0
BRDA:142,23,1,0
BRDA:142,24,0,0
BRDA:142,24,1,0
BRDA:146,25,0,0
BRDA:146,25,1,0
BRDA:146,26,0,0
BRDA:146,26,1,0
BRDA:222,27,0,0
BRDA:222,27,1,0
BRDA:228,28,0,0
BRDA:228,28,1,0
BRDA:234,29,0,0
BRDA:234,29,1,0
BRDA:272,30,0,0
BRDA:272,30,1,0
BRDA:273,31,0,0
BRDA:273,31,1,0
BRDA:274,32,0,0
BRDA:274,32,1,0
BRDA:275,33,0,0
BRDA:275,33,1,0
BRDA:276,34,0,0
BRDA:276,34,1,0
BRDA:277,35,0,0
BRDA:277,35,1,0
BRDA:278,36,0,0
BRDA:278,36,1,0
BRDA:279,37,0,0
BRDA:279,37,1,0
BRDA:280,38,0,0
BRDA:280,38,1,0
BRDA:291,39,0,0
BRDA:291,39,1,0
BRDA:299,40,0,0
BRDA:299,40,1,0
BRDA:299,41,0,0
BRDA:299,41,1,0
BRDA:307,42,0,0
BRDA:307,42,1,0
BRDA:308,43,0,0
BRDA:308,43,1,0
BRDA:326,44,0,0
BRDA:326,44,1,0
BRDA:336,45,0,0
BRDA:336,45,1,0
BRDA:341,46,0,0
BRDA:341,46,1,0
BRDA:341,47,0,0
BRDA:341,47,1,0
BRDA:346,48,0,0
BRDA:346,48,1,0
BRDA:346,49,0,0
BRDA:346,49,1,0
BRDA:351,50,0,0
BRDA:351,50,1,0
BRDA:351,51,0,0
BRDA:351,51,1,0
BRDA:370,52,0,0
BRDA:370,52,1,0
BRDA:371,53,0,0
BRDA:371,53,1,0
BRDA:373,54,0,0
BRDA:373,54,1,0
BRDA:374,55,0,0
BRDA:374,55,1,0
BRDA:375,56,0,0
BRDA:375,56,1,0
BRDA:381,57,0,0
BRDA:381,57,1,0
BRDA:386,58,0,0
BRDA:386,58,1,0
BRDA:386,59,0,0
BRDA:386,59,1,0
BRDA:505,60,0,0
BRDA:505,60,1,0
BRDA:506,61,0,0
BRDA:506,61,1,0
BRDA:508,62,0,0
BRDA:508,62,1,0
BRDA:518,63,0,0
BRDA:518,63,1,0
BRDA:518,64,0,0
BRDA:518,64,1,0
BRDA:525,65,0,0
BRDA:525,65,1,0
BRDA:532,66,0,0
BRDA:543,67,0,0
BRDA:555,68,0,0
BRDA:555,68,1,0
BRDA:556,69,0,0
BRDA:556,69,1,0
BRDA:557,70,0,0
BRDA:557,70,1,0
BRDA:568,71,0,0
BRDA:568,71,1,0
BRF:143
BRH:0
end_of_record
TN:
SF:src/monitoring/ApiHealthMonitor.js
FN:11,(anonymous_0)
FN:96,(anonymous_1)
FN:100,(anonymous_2)
FN:121,(anonymous_3)
FN:126,(anonymous_4)
FN:133,(anonymous_5)
FN:138,(anonymous_6)
FN:145,(anonymous_7)
FN:198,(anonymous_8)
FN:208,(anonymous_9)
FN:267,(anonymous_10)
FN:301,(anonymous_11)
FN:320,(anonymous_12)
FN:321,(anonymous_13)
FN:327,(anonymous_14)
FN:348,(anonymous_15)
FN:363,(anonymous_16)
FN:367,(anonymous_17)
FN:369,(anonymous_18)
FN:380,(anonymous_19)
FN:386,(anonymous_20)
FN:405,(anonymous_21)
FN:408,(anonymous_22)
FN:409,(anonymous_23)
FN:421,(anonymous_24)
FN:426,(anonymous_25)
FN:444,(anonymous_26)
FN:455,(anonymous_27)
FN:512,(anonymous_28)
FN:520,(anonymous_29)
FN:530,(anonymous_30)
FNF:31
FNH:0
FNDA:0,(anonymous_0)
FNDA:0,(anonymous_1)
FNDA:0,(anonymous_2)
FNDA:0,(anonymous_3)
FNDA:0,(anonymous_4)
FNDA:0,(anonymous_5)
FNDA:0,(anonymous_6)
FNDA:0,(anonymous_7)
FNDA:0,(anonymous_8)
FNDA:0,(anonymous_9)
FNDA:0,(anonymous_10)
FNDA:0,(anonymous_11)
FNDA:0,(anonymous_12)
FNDA:0,(anonymous_13)
FNDA:0,(anonymous_14)
FNDA:0,(anonymous_15)
FNDA:0,(anonymous_16)
FNDA:0,(anonymous_17)
FNDA:0,(anonymous_18)
FNDA:0,(anonymous_19)
FNDA:0,(anonymous_20)
FNDA:0,(anonymous_21)
FNDA:0,(anonymous_22)
FNDA:0,(anonymous_23)
FNDA:0,(anonymous_24)
FNDA:0,(anonymous_25)
FNDA:0,(anonymous_26)
FNDA:0,(anonymous_27)
FNDA:0,(anonymous_28)
FNDA:0,(anonymous_29)
FNDA:0,(anonymous_30)
DA:6,0
DA:7,0
DA:8,0
DA:12,0
DA:34,0
DA:42,0
DA:50,0
DA:52,0
DA:71,0
DA:93,0
DA:97,0
DA:100,0
DA:101,0
DA:113,0
DA:116,0
DA:118,0
DA:122,0
DA:123,0
DA:126,0
DA:127,0
DA:130,0
DA:134,0
DA:135,0
DA:137,0
DA:138,0
DA:141,0
DA:142,0
DA:143,0
DA:145,0
DA:146,0
DA:147,0
DA:149,0
DA:150,0
DA:151,0
DA:152,0
DA:153,0
DA:155,0
DA:156,0
DA:157,0
DA:158,0
DA:160,0
DA:161,0
DA:164,0
DA:167,0
DA:171,0
DA:172,0
DA:174,0
DA:175,0
DA:176,0
DA:178,0
DA:179,0
DA:183,0
DA:184,0
DA:185,0
DA:188,0
DA:191,0
DA:199,0
DA:200,0
DA:201,0
DA:203,0
DA:204,0
DA:208,0
DA:211,0
DA:214,0
DA:215,0
DA:216,0
DA:220,0
DA:224,0
DA:229,0
DA:231,0
DA:232,0
DA:239,0
DA:247,0
DA:249,0
DA:253,0
DA:258,0
DA:268,0
DA:278,0
DA:279,0
DA:290,0
DA:291,0
DA:292,0
DA:294,0
DA:298,0
DA:302,0
DA:303,0
DA:306,0
DA:307,0
DA:310,0
DA:311,0
DA:314,0
DA:315,0
DA:317,0
DA:320,0
DA:321,0
DA:328,0
DA:329,0
DA:330,0
DA:331,0
DA:333,0
DA:340,0
DA:349,0
DA:350,0
DA:352,0
DA:353,0
DA:354,0
DA:355,0
DA:356,0
DA:358,0
DA:362,0
DA:363,0
DA:367,0
DA:368,0
DA:369,0
DA:371,0
DA:381,0
DA:382,0
DA:383,0
DA:385,0
DA:386,0
DA:388,0
DA:397,0
DA:406,0
DA:408,0
DA:409,0
DA:411,0
DA:422,0
DA:423,0
DA:427,0
DA:428,0
DA:429,0
DA:440,0
DA:445,0
DA:456,0
DA:458,0
DA:461,0
DA:462,0
DA:463,0
DA:464,0
DA:465,0
DA:468,0
DA:472,0
DA:473,0
DA:474,0
DA:475,0
DA:476,0
DA:477,0
DA:479,0
DA:486,0
DA:496,0
DA:497,0
DA:499,0
DA:500,0
DA:503,0
DA:513,0
DA:520,0
DA:531,0
DA:533,0
DA:534,0
DA:535,0
DA:538,0
DA:542,0
LF:162
LH:0
BRDA:11,0,0,0
BRDA:14,1,0,0
BRDA:14,1,1,0
BRDA:14,2,0,0
BRDA:14,2,1,0
BRDA:15,3,0,0
BRDA:15,3,1,0
BRDA:16,4,0,0
BRDA:16,4,1,0
BRDA:17,5,0,0
BRDA:17,5,1,0
BRDA:18,6,0,0
BRDA:18,6,1,0
BRDA:21,7,0,0
BRDA:21,7,1,0
BRDA:28,8,0,0
BRDA:28,8,1,0
BRDA:29,9,0,0
BRDA:29,9,1,0
BRDA:122,10,0,0
BRDA:122,10,1,0
BRDA:149,11,0,0
BRDA:149,11,1,0
BRDA:149,12,0,0
BRDA:149,12,1,0
BRDA:160,13,0,0
BRDA:160,13,1,0
BRDA:171,14,0,0
BRDA:171,14,1,0
BRDA:174,15,0,0
BRDA:174,15,1,0
BRDA:184,16,0,0
BRDA:184,16,1,0
BRDA:215,17,0,0
BRDA:215,17,1,0
BRDA:229,18,0,0
BRDA:229,18,1,0
BRDA:231,19,0,0
BRDA:231,19,1,0
BRDA:362,20,0,0
BRDA:362,20,1,0
BRDA:368,21,0,0
BRDA:368,21,1,0
BRDA:372,22,0,0
BRDA:372,22,1,0
BRDA:392,23,0,0
BRDA:392,23,1,0
BRDA:406,24,0,0
BRDA:406,24,1,0
BRDA:423,25,0,0
BRDA:423,25,1,0
BRDA:447,26,0,0
BRDA:447,26,1,0
BRDA:463,27,0,0
BRDA:463,27,1,0
BRDA:476,28,0,0
BRDA:476,28,1,0
BRDA:497,29,0,0
BRDA:497,29,1,0
BRDA:499,30,0,0
BRDA:499,30,1,0
BRDA:533,31,0,0
BRDA:533,31,1,0
BRF:63
BRH:0
end_of_record
TN:
SF:src/monitoring/ApplicationMetrics.js
FN:18,(anonymous_0)
FN:100,(anonymous_1)
FN:101,(anonymous_2)
FN:120,(anonymous_3)
FN:147,(anonymous_4)
FN:205,(anonymous_5)
FN:269,(anonymous_6)
FN:284,(anonymous_7)
FN:357,(anonymous_8)
FN:359,(anonymous_9)
FN:360,(anonymous_10)
FN:366,(anonymous_11)
FN:381,(anonymous_12)
FN:389,(anonymous_13)
FN:398,(anonymous_14)
FN:437,(anonymous_15)
FN:439,(anonymous_16)
FN:448,(anonymous_17)
FN:455,(anonymous_18)
FN:457,(anonymous_19)
FN:464,(anonymous_20)
FN:500,(anonymous_21)
FN:502,(anonymous_22)
FN:509,(anonymous_23)
FN:511,(anonymous_24)
FN:518,(anonymous_25)
FN:520,(anonymous_26)
FN:527,(anonymous_27)
FN:534,(anonymous_28)
FNF:29
FNH:0
FNDA:0,(anonymous_0)
FNDA:0,(anonymous_1)
FNDA:0,(anonymous_2)
FNDA:0,(anonymous_3)
FNDA:0,(anonymous_4)
FNDA:0,(anonymous_5)
FNDA:0,(anonymous_6)
FNDA:0,(anonymous_7)
FNDA:0,(anonymous_8)
FNDA:0,(anonymous_9)
FNDA:0,(anonymous_10)
FNDA:0,(anonymous_11)
FNDA:0,(anonymous_12)
FNDA:0,(anonymous_13)
FNDA:0,(anonymous_14)
FNDA:0,(anonymous_15)
FNDA:0,(anonymous_16)
FNDA:0,(anonymous_17)
FNDA:0,(anonymous_18)
FNDA:0,(anonymous_19)
FNDA:0,(anonymous_20)
FNDA:0,(anonymous_21)
FNDA:0,(anonymous_22)
FNDA:0,(anonymous_23)
FNDA:0,(anonymous_24)
FNDA:0,(anonymous_25)
FNDA:0,(anonymous_26)
FNDA:0,(anonymous_27)
FNDA:0,(anonymous_28)
DA:14,0
DA:15,0
DA:19,0
DA:21,0
DA:37,0
DA:58,0
DA:94,0
DA:101,0
DA:102,0
DA:103,0
DA:106,0
DA:109,0
DA:119,0
DA:120,0
DA:121,0
DA:122,0
DA:125,0
DA:134,0
DA:137,0
DA:140,0
DA:149,0
DA:150,0
DA:151,0
DA:155,0
DA:158,0
DA:159,0
DA:162,0
DA:165,0
DA:166,0
DA:167,0
DA:175,0
DA:176,0
DA:177,0
DA:178,0
DA:179,0
DA:182,0
DA:183,0
DA:184,0
DA:188,0
DA:189,0
DA:198,0
DA:199,0
DA:206,0
DA:217,0
DA:218,0
DA:219,0
DA:223,0
DA:226,0
DA:227,0
DA:228,0
DA:235,0
DA:236,0
DA:237,0
DA:238,0
DA:241,0
DA:242,0
DA:243,0
DA:247,0
DA:248,0
DA:249,0
DA:250,0
DA:253,0
DA:262,0
DA:263,0
DA:270,0
DA:278,0
DA:285,0
DA:297,0
DA:298,0
DA:299,0
DA:303,0
DA:306,0
DA:307,0
DA:308,0
DA:315,0
DA:316,0
DA:317,0
DA:318,0
DA:321,0
DA:322,0
DA:323,0
DA:324,0
DA:328,0
DA:329,0
DA:330,0
DA:334,0
DA:335,0
DA:336,0
DA:340,0
DA:341,0
DA:350,0
DA:351,0
DA:358,0
DA:359,0
DA:360,0
DA:362,0
DA:363,0
DA:366,0
DA:367,0
DA:368,0
DA:371,0
DA:382,0
DA:383,0
DA:390,0
DA:391,0
DA:392,0
DA:399,0
DA:400,0
DA:401,0
DA:403,0
DA:438,0
DA:439,0
DA:448,0
DA:456,0
DA:457,0
DA:465,0
DA:466,0
DA:467,0
DA:469,0
DA:501,0
DA:502,0
DA:503,0
DA:510,0
DA:511,0
DA:512,0
DA:519,0
DA:520,0
DA:521,0
DA:528,0
DA:535,0
DA:571,0
DA:575,0
LF:132
LH:0
BRDA:18,0,0,0
BRDA:25,1,0,0
BRDA:25,1,1,0
BRDA:26,2,0,0
BRDA:26,2,1,0
BRDA:28,3,0,0
BRDA:28,3,1,0
BRDA:29,4,0,0
BRDA:29,4,1,0
BRDA:30,5,0,0
BRDA:30,5,1,0
BRDA:31,6,0,0
BRDA:31,6,1,0
BRDA:112,7,0,0
BRDA:112,7,1,0
BRDA:115,8,0,0
BRDA:115,8,1,0
BRDA:150,9,0,0
BRDA:150,9,1,0
BRDA:159,10,0,0
BRDA:159,10,1,0
BRDA:162,11,0,0
BRDA:162,11,1,0
BRDA:165,12,0,0
BRDA:165,12,1,0
BRDA:166,13,0,0
BRDA:166,13,1,0
BRDA:182,14,0,0
BRDA:182,14,1,0
BRDA:188,15,0,0
BRDA:188,15,1,0
BRDA:208,16,0,0
BRDA:208,16,1,0
BRDA:209,17,0,0
BRDA:209,17,1,0
BRDA:212,18,0,0
BRDA:212,18,1,0
BRDA:218,19,0,0
BRDA:218,19,1,0
BRDA:227,20,0,0
BRDA:227,20,1,0
BRDA:241,21,0,0
BRDA:241,21,1,0
BRDA:247,22,0,0
BRDA:247,22,1,0
BRDA:249,23,0,0
BRDA:249,23,1,0
BRDA:271,24,0,0
BRDA:271,24,1,0
BRDA:272,25,0,0
BRDA:272,25,1,0
BRDA:273,26,0,0
BRDA:273,26,1,0
BRDA:274,27,0,0
BRDA:274,27,1,0
BRDA:287,28,0,0
BRDA:287,28,1,0
BRDA:291,29,0,0
BRDA:291,29,1,0
BRDA:292,30,0,0
BRDA:292,30,1,0
BRDA:298,31,0,0
BRDA:298,31,1,0
BRDA:307,32,0,0
BRDA:307,32,1,0
BRDA:321,33,0,0
BRDA:321,33,1,0
BRDA:323,34,0,0
BRDA:323,34,1,0
BRDA:323,35,0,0
BRDA:323,35,1,0
BRDA:329,36,0,0
BRDA:329,36,1,0
BRDA:334,37,0,0
BRDA:334,37,1,0
BRDA:340,38,0,0
BRDA:340,38,1,0
BRDA:340,39,0,0
BRDA:340,39,1,0
BRDA:362,40,0,0
BRDA:362,40,1,0
BRDA:368,41,0,0
BRDA:368,41,1,0
BRDA:382,42,0,0
BRDA:382,42,1,0
BRDA:391,43,0,0
BRDA:391,43,1,0
BRDA:437,44,0,0
BRDA:446,45,0,0
BRDA:446,45,1,0
BRDA:455,46,0,0
BRDA:483,47,0,0
BRDA:483,47,1,0
BRDA:501,48,0,0
BRDA:501,48,1,0
BRDA:510,49,0,0
BRDA:510,49,1,0
BRDA:519,50,0,0
BRDA:519,50,1,0
BRF:99
BRH:0
end_of_record
TN:
SF:src/monitoring/BusinessMetrics.js
FN:17,(anonymous_0)
FN:109,(anonymous_1)
FN:149,(anonymous_2)
FN:197,(anonymous_3)
FN:235,(anonymous_4)
FN:254,(anonymous_5)
FN:316,(anonymous_6)
FN:331,(anonymous_7)
FN:346,(anonymous_8)
FN:360,(anonymous_9)
FN:371,(anonymous_10)
FN:375,(anonymous_11)
FN:384,(anonymous_12)
FN:395,(anonymous_13)
FN:434,(anonymous_14)
FN:436,(anonymous_15)
FN:448,(anonymous_16)
FN:450,(anonymous_17)
FN:465,(anonymous_18)
FN:510,(anonymous_19)
FN:513,(anonymous_20)
FN:519,(anonymous_21)
FN:521,(anonymous_22)
FN:523,(anonymous_23)
FN:529,(anonymous_24)
FN:569,(anonymous_25)
FN:576,(anonymous_26)
FN:585,(anonymous_27)
FNF:28
FNH:0
FNDA:0,(anonymous_0)
FNDA:0,(anonymous_1)
FNDA:0,(anonymous_2)
FNDA:0,(anonymous_3)
FNDA:0,(anonymous_4)
FNDA:0,(anonymous_5)
FNDA:0,(anonymous_6)
FNDA:0,(anonymous_7)
FNDA:0,(anonymous_8)
FNDA:0,(anonymous_9)
FNDA:0,(anonymous_10)
FNDA:0,(anonymous_11)
FNDA:0,(anonymous_12)
FNDA:0,(anonymous_13)
FNDA:0,(anonymous_14)
FNDA:0,(anonymous_15)
FNDA:0,(anonymous_16)
FNDA:0,(anonymous_17)
FNDA:0,(anonymous_18)
FNDA:0,(anonymous_19)
FNDA:0,(anonymous_20)
FNDA:0,(anonymous_21)
FNDA:0,(anonymous_22)
FNDA:0,(anonymous_23)
FNDA:0,(anonymous_24)
FNDA:0,(anonymous_25)
FNDA:0,(anonymous_26)
FNDA:0,(anonymous_27)
DA:13,0
DA:14,0
DA:18,0
DA:20,0
DA:31,0
DA:52,0
DA:101,0
DA:103,0
DA:110,0
DA:120,0
DA:121,0
DA:122,0
DA:126,0
DA:127,0
DA:130,0
DA:131,0
DA:134,0
DA:136,0
DA:137,0
DA:139,0
DA:150,0
DA:161,0
DA:162,0
DA:163,0
DA:167,0
DA:168,0
DA:171,0
DA:172,0
DA:175,0
DA:176,0
DA:177,0
DA:178,0
DA:182,0
DA:184,0
DA:185,0
DA:187,0
DA:198,0
DA:211,0
DA:212,0
DA:213,0
DA:217,0
DA:218,0
DA:221,0
DA:222,0
DA:225,0
DA:226,0
DA:230,0
DA:231,0
DA:235,0
DA:236,0
DA:239,0
DA:241,0
DA:242,0
DA:244,0
DA:255,0
DA:267,0
DA:268,0
DA:269,0
DA:273,0
DA:276,0
DA:277,0
DA:280,0
DA:281,0
DA:285,0
DA:286,0
DA:289,0
DA:290,0
DA:291,0
DA:299,0
DA:300,0
DA:301,0
DA:302,0
DA:307,0
DA:309,0
DA:310,0
DA:317,0
DA:318,0
DA:332,0
DA:333,0
DA:348,0
DA:351,0
DA:352,0
DA:362,0
DA:363,0
DA:373,0
DA:374,0
DA:375,0
DA:376,0
DA:386,0
DA:387,0
DA:396,0
DA:399,0
DA:416,0
DA:419,0
DA:420,0
DA:421,0
DA:422,0
DA:423,0
DA:424,0
DA:425,0
DA:426,0
DA:428,0
DA:436,0
DA:437,0
DA:438,0
DA:439,0
DA:441,0
DA:442,0
DA:445,0
DA:448,0
DA:449,0
DA:450,0
DA:451,0
DA:452,0
DA:456,0
DA:457,0
DA:466,0
DA:511,0
DA:512,0
DA:513,0
DA:520,0
DA:521,0
DA:523,0
DA:530,0
DA:570,0
DA:577,0
DA:578,0
DA:579,0
DA:586,0
DA:590,0
LF:130
LH:0
BRDA:17,0,0,0
BRDA:25,1,0,0
BRDA:25,1,1,0
BRDA:26,2,0,0
BRDA:26,2,1,0
BRDA:113,3,0,0
BRDA:113,3,1,0
BRDA:114,4,0,0
BRDA:114,4,1,0
BRDA:115,5,0,0
BRDA:115,5,1,0
BRDA:116,6,0,0
BRDA:116,6,1,0
BRDA:121,7,0,0
BRDA:121,7,1,0
BRDA:131,8,0,0
BRDA:131,8,1,0
BRDA:154,9,0,0
BRDA:154,9,1,0
BRDA:155,10,0,0
BRDA:155,10,1,0
BRDA:156,11,0,0
BRDA:156,11,1,0
BRDA:157,12,0,0
BRDA:157,12,1,0
BRDA:162,13,0,0
BRDA:162,13,1,0
BRDA:172,14,0,0
BRDA:172,14,1,0
BRDA:175,15,0,0
BRDA:175,15,1,0
BRDA:177,16,0,0
BRDA:177,16,1,0
BRDA:202,17,0,0
BRDA:202,17,1,0
BRDA:204,18,0,0
BRDA:204,18,1,0
BRDA:205,19,0,0
BRDA:205,19,1,0
BRDA:206,20,0,0
BRDA:206,20,1,0
BRDA:207,21,0,0
BRDA:207,21,1,0
BRDA:212,22,0,0
BRDA:212,22,1,0
BRDA:222,23,0,0
BRDA:222,23,1,0
BRDA:225,24,0,0
BRDA:225,24,1,0
BRDA:226,25,0,0
BRDA:226,25,1,0
BRDA:230,26,0,0
BRDA:230,26,1,0
BRDA:262,27,0,0
BRDA:262,27,1,0
BRDA:263,28,0,0
BRDA:263,28,1,0
BRDA:268,29,0,0
BRDA:268,29,1,0
BRDA:277,30,0,0
BRDA:277,30,1,0
BRDA:280,31,0,0
BRDA:280,31,1,0
BRDA:286,32,0,0
BRDA:286,32,1,0
BRDA:289,33,0,0
BRDA:289,33,1,0
BRDA:290,34,0,0
BRDA:290,34,1,0
BRDA:301,35,0,0
BRDA:301,35,1,0
BRDA:351,36,0,0
BRDA:351,36,1,0
BRDA:362,37,0,0
BRDA:362,37,1,0
BRDA:364,38,0,0
BRDA:364,38,1,0
BRDA:373,39,0,0
BRDA:373,39,1,0
BRDA:386,40,0,0
BRDA:386,40,1,0
BRDA:441,41,0,0
BRDA:441,41,1,0
BRDA:488,42,0,0
BRDA:488,42,1,0
BRDA:512,43,0,0
BRDA:512,43,1,0
BRDA:513,44,0,0
BRDA:513,44,1,0
BRDA:519,45,0,0
BRDA:543,46,0,0
BRDA:543,46,1,0
BRDA:546,47,0,0
BRDA:546,47,1,0
BRDA:553,48,0,0
BRDA:553,48,1,0
BRF:96
BRH:0
end_of_record
TN:
SF:src/monitoring/ClaudeFlowIntegration.js
FN:10,(anonymous_0)
FN:63,(anonymous_1)
FN:82,(anonymous_2)
FN:83,(anonymous_3)
FN:89,(anonymous_4)
FN:93,(anonymous_5)
FN:102,(anonymous_6)
FN:108,(anonymous_7)
FN:160,(anonymous_8)
FN:206,(anonymous_9)
FN:217,(anonymous_10)
FN:220,(anonymous_11)
FN:236,(anonymous_12)
FN:240,(anonymous_13)
FN:244,(anonymous_14)
FN:257,(anonymous_15)
FN:263,(anonymous_16)
FN:290,(anonymous_17)
FN:330,(anonymous_18)
FN:341,(anonymous_19)
FN:345,(anonymous_20)
FN:362,(anonymous_21)
FN:393,(anonymous_22)
FN:415,(anonymous_23)
FN:417,(anonymous_24)
FN:429,(anonymous_25)
FN:430,(anonymous_26)
FN:444,(anonymous_27)
FN:448,(anonymous_28)
FN:452,(anonymous_29)
FN:456,(anonymous_30)
FN:461,(anonymous_31)
FN:472,(anonymous_32)
FN:476,(anonymous_33)
FN:486,(anonymous_34)
FNF:35
FNH:0
FNDA:0,(anonymous_0)
FNDA:0,(anonymous_1)
FNDA:0,(anonymous_2)
FNDA:0,(anonymous_3)
FNDA:0,(anonymous_4)
FNDA:0,(anonymous_5)
FNDA:0,(anonymous_6)
FNDA:0,(anonymous_7)
FNDA:0,(anonymous_8)
FNDA:0,(anonymous_9)
FNDA:0,(anonymous_10)
FNDA:0,(anonymous_11)
FNDA:0,(anonymous_12)
FNDA:0,(anonymous_13)
FNDA:0,(anonymous_14)
FNDA:0,(anonymous_15)
FNDA:0,(anonymous_16)
FNDA:0,(anonymous_17)
FNDA:0,(anonymous_18)
FNDA:0,(anonymous_19)
FNDA:0,(anonymous_20)
FNDA:0,(anonymous_21)
FNDA:0,(anonymous_22)
FNDA:0,(anonymous_23)
FNDA:0,(anonymous_24)
FNDA:0,(anonymous_25)
FNDA:0,(anonymous_26)
FNDA:0,(anonymous_27)
FNDA:0,(anonymous_28)
FNDA:0,(anonymous_29)
FNDA:0,(anonymous_30)
FNDA:0,(anonymous_31)
FNDA:0,(anonymous_32)
FNDA:0,(anonymous_33)
FNDA:0,(anonymous_34)
DA:6,0
DA:7,0
DA:11,0
DA:35,0
DA:42,0
DA:60,0
DA:64,0
DA:65,0
DA:66,0
DA:69,0
DA:71,0
DA:73,0
DA:75,0
DA:77,0
DA:78,0
DA:83,0
DA:84,0
DA:88,0
DA:89,0
DA:90,0
DA:93,0
DA:94,0
DA:95,0
DA:96,0
DA:98,0
DA:102,0
DA:103,0
DA:109,0
DA:110,0
DA:113,0
DA:114,0
DA:115,0
DA:117,0
DA:122,0
DA:123,0
DA:124,0
DA:126,0
DA:135,0
DA:136,0
DA:139,0
DA:140,0
DA:143,0
DA:148,0
DA:151,0
DA:152,0
DA:161,0
DA:192,0
DA:193,0
DA:203,0
DA:204,0
DA:206,0
DA:214,0
DA:218,0
DA:220,0
DA:221,0
DA:229,0
DA:233,0
DA:234,0
DA:236,0
DA:237,0
DA:240,0
DA:241,0
DA:244,0
DA:245,0
DA:246,0
DA:247,0
DA:248,0
DA:250,0
DA:253,0
DA:257,0
DA:258,0
DA:264,0
DA:291,0
DA:327,0
DA:332,0
DA:334,0
DA:335,0
DA:336,0
DA:338,0
DA:342,0
DA:344,0
DA:345,0
DA:346,0
DA:359,0
DA:363,0
DA:364,0
DA:367,0
DA:372,0
DA:373,0
DA:374,0
DA:376,0
DA:388,0
DA:389,0
DA:394,0
DA:417,0
DA:418,0
DA:426,0
DA:427,0
DA:429,0
DA:430,0
DA:431,0
DA:432,0
DA:433,0
DA:435,0
DA:438,0
DA:445,0
DA:449,0
DA:453,0
DA:457,0
DA:462,0
DA:472,0
DA:477,0
DA:487,0
DA:490,0
DA:492,0
DA:496,0
LF:116
LH:0
BRDA:10,0,0,0
BRDA:14,1,0,0
BRDA:14,1,1,0
BRDA:15,2,0,0
BRDA:15,2,1,0
BRDA:20,3,0,0
BRDA:20,3,1,0
BRDA:23,4,0,0
BRDA:23,4,1,0
BRDA:25,5,0,0
BRDA:25,5,1,0
BRDA:64,6,0,0
BRDA:64,6,1,0
BRDA:94,7,0,0
BRDA:94,7,1,0
BRDA:108,8,0,0
BRDA:109,9,0,0
BRDA:109,9,1,0
BRDA:109,10,0,0
BRDA:109,10,1,0
BRDA:139,11,0,0
BRDA:139,11,1,0
BRDA:177,12,0,0
BRDA:177,12,1,0
BRDA:192,13,0,0
BRDA:192,13,1,0
BRDA:203,14,0,0
BRDA:203,14,1,0
BRDA:203,15,0,0
BRDA:203,15,1,0
BRDA:210,16,0,0
BRDA:210,16,1,0
BRDA:245,17,0,0
BRDA:245,17,1,0
BRDA:281,18,0,0
BRDA:281,18,1,0
BRDA:288,19,0,0
BRDA:288,19,1,0
BRDA:334,20,0,0
BRDA:334,20,1,0
BRDA:335,21,0,0
BRDA:335,21,1,0
BRDA:336,22,0,0
BRDA:336,22,1,0
BRDA:344,23,0,0
BRDA:344,23,1,0
BRDA:347,24,0,0
BRDA:347,24,1,0
BRDA:349,25,0,0
BRDA:349,25,1,0
BRDA:350,26,0,0
BRDA:350,26,1,0
BRDA:354,27,0,0
BRDA:354,27,1,0
BRDA:362,28,0,0
BRDA:363,29,0,0
BRDA:363,29,1,0
BRDA:363,30,0,0
BRDA:363,30,1,0
BRDA:431,31,0,0
BRDA:431,31,1,0
BRDA:445,32,0,0
BRDA:445,32,1,0
BRDA:449,33,0,0
BRDA:449,33,1,0
[...]
DA:143,0
DA:148,0
DA:153,0
DA:157,0
DA:160,0
DA:161,0
DA:163,0
DA:164,0
DA:165,0
DA:168,0
DA:173,0
DA:179,0
DA:180,0
DA:187,0
DA:192,0
DA:200,0
DA:201,0
DA:204,0
DA:205,0
DA:210,0
DA:217,0
DA:222,0
DA:233,0
DA:238,0
DA:246,0
DA:247,0
DA:250,0
DA:255,0
DA:261,0
DA:262,0
DA:263,0
DA:269,0
DA:273,0
DA:274,0
DA:275,0
DA:278,0
DA:279,0
DA:280,0
DA:281,0
DA:282,0
DA:287,0
DA:288,0
DA:289,0
DA:292,0
DA:299,0
DA:300,0
DA:305,0
DA:306,0
DA:307,0
DA:310,0
DA:311,0
DA:312,0
DA:315,0
DA:316,0
DA:321,0
DA:322,0
DA:323,0
DA:326,0
DA:327,0
DA:328,0
DA:330,0
DA:337,0
DA:342,0
DA:346,0
DA:347,0
DA:350,0
DA:351,0
DA:357,0
DA:358,0
DA:359,0
DA:360,0
DA:361,0
DA:363,0
DA:365,0
DA:366,0
DA:369,0
DA:370,0
DA:373,0
DA:374,0
DA:375,0
DA:378,0
DA:379,0
DA:380,0
DA:383,0
DA:386,0
DA:387,0
DA:390,0
DA:393,0
DA:396,0
DA:397,0
DA:400,0
DA:401,0
DA:403,0
DA:404,0
DA:409,0
DA:410,0
DA:411,0
DA:412,0
DA:413,0
DA:414,0
DA:415,0
DA:416,0
DA:417,0
DA:419,0
DA:420,0
DA:421,0
DA:422,0
DA:423,0
DA:424,0
DA:425,0
DA:426,0
DA:427,0
DA:428,0
DA:429,0
DA:431,0
DA:432,0
DA:433,0
DA:434,0
DA:435,0
DA:440,0
DA:441,0
DA:442,0
DA:443,0
LF:169
LH:0
BRDA:59,0,0,0
BRDA:59,0,1,0
BRDA:81,1,0,0
BRDA:81,1,1,0
BRDA:82,2,0,0
BRDA:82,2,1,0
BRDA:83,3,0,0
BRDA:83,3,1,0
BRDA:84,4,0,0
BRDA:84,4,1,0
BRDA:102,5,0,0
BRDA:102,5,1,0
BRDA:103,6,0,0
BRDA:103,6,1,0
BRDA:112,7,0,0
BRDA:112,7,1,0
BRDA:139,8,0,0
BRDA:139,8,1,0
BRDA:163,9,0,0
BRDA:163,9,1,0
BRDA:200,10,0,0
BRDA:200,10,1,0
BRDA:246,11,0,0
BRDA:246,11,1,0
BRDA:261,12,0,0
BRDA:261,12,1,0
BRDA:273,13,0,0
BRDA:273,13,1,0
BRDA:287,14,0,0
BRDA:287,14,1,0
BRDA:305,15,0,0
BRDA:305,15,1,0
BRDA:311,16,0,0
BRDA:311,16,1,0
BRDA:326,17,0,0
BRDA:326,17,1,0
BRDA:350,18,0,0
BRDA:350,18,1,0
BRDA:400,19,0,0
BRDA:400,19,1,0
BRDA:403,20,0,0
BRDA:403,20,1,0
BRDA:419,21,0,0
BRDA:419,21,1,0
BRF:44
BRH:0
end_of_record
TN:
SF:src/monitoring/test-sqlite-monitoring.js
FN:11,testSQLiteAdapter
FN:82,testMetricsCollector
FN:102,(anonymous_2)
FN:128,main
FNF:4
FNH:0
FNDA:0,testSQLiteAdapter
FNDA:0,testMetricsCollector
FNDA:0,(anonymous_2)
FNDA:0,main
DA:7,0
DA:8,0
DA:9,0
DA:12,0
DA:14,0
DA:18,0
DA:20,0
DA:21,0
DA:22,0
DA:25,0
DA:26,0
DA:27,0
DA:30,0
DA:31,0
DA:32,0
DA:33,0
DA:34,0
DA:37,0
DA:38,0
DA:39,0
DA:40,0
DA:43,0
DA:44,0
DA:45,0
DA:46,0
DA:49,0
DA:50,0
DA:57,0
DA:60,0
DA:61,0
DA:62,0
DA:63,0
DA:66,0
DA:67,0
DA:68,0
DA:69,0
DA:72,0
DA:73,0
DA:76,0
DA:77,0
DA:78,0
DA:83,0
DA:85,0
DA:94,0
DA:96,0
DA:97,0
DA:98,0
DA:101,0
DA:102,0
DA:103,0
DA:106,0
DA:107,0
DA:108,0
DA:109,0
DA:112,0
DA:113,0
DA:114,0
DA:115,0
DA:118,0
DA:119,0
DA:122,0
DA:123,0
DA:124,0
DA:129,0
DA:131,0
DA:132,0
DA:133,0
DA:134,0
DA:136,0
DA:137,0
DA:138,0
DA:139,0
DA:143,0
LF:73
LH:0
BRDA:129,0,0,0
BRDA:129,0,1,0
BRDA:131,1,0,0
BRDA:131,1,1,0
BRDA:133,2,0,0
BRDA:133,2,1,0
BRF:6
BRH:0
end_of_record
TN:
SF:src/monitoring/dashboard/routes.js
FN:15,initializeDashboardService
FN:23,(anonymous_1)
FN:43,(anonymous_2)
FN:58,(anonymous_3)
FN:73,(anonymous_4)
FN:88,(anonymous_5)
FN:103,(anonymous_6)
FN:115,(anonymous_7)
FN:128,(anonymous_8)
FN:141,(anonymous_9)
FN:155,(anonymous_10)
FN:167,(anonymous_11)
FNF:12
FNH:0
FNDA:0,initializeDashboardService
FNDA:0,(anonymous_1)
FNDA:0,(anonymous_2)
FNDA:0,(anonymous_3)
FNDA:0,(anonymous_4)
FNDA:0,(anonymous_5)
FNDA:0,(anonymous_6)
FNDA:0,(anonymous_7)
FNDA:0,(anonymous_8)
FNDA:0,(anonymous_9)
FNDA:0,(anonymous_10)
FNDA:0,(anonymous_11)
DA:6,0
DA:7,0
DA:8,0
DA:13,0
DA:16,0
DA:17,0
DA:23,0
DA:24,0
DA:25,0
DA:26,0
DA:29,0
DA:30,0
DA:35,0
DA:36,0
DA:43,0
DA:44,0
DA:45,0
DA:46,0
DA:51,0
DA:58,0
DA:59,0
DA:60,0
DA:61,0
DA:66,0
DA:73,0
DA:74,0
DA:75,0
DA:76,0
DA:81,0
DA:88,0
DA:89,0
DA:90,0
DA:91,0
DA:96,0
DA:103,0
DA:104,0
DA:105,0
DA:106,0
DA:108,0
DA:115,0
DA:116,0
DA:117,0
DA:118,0
DA:119,0
DA:121,0
DA:128,0
DA:129,0
DA:130,0
DA:131,0
DA:132,0
DA:134,0
DA:141,0
DA:142,0
DA:143,0
DA:144,0
DA:145,0
DA:146,0
DA:148,0
DA:155,0
DA:156,0
DA:157,0
DA:158,0
DA:160,0
DA:167,0
DA:168,0
DA:169,0
DA:170,0
DA:171,0
DA:173,0
DA:177,0
LF:70
LH:0
BRDA:25,0,0,0
BRDA:25,0,1,0
BRDA:117,1,0,0
BRDA:117,1,1,0
BRDA:130,2,0,0
BRDA:130,2,1,0
BRDA:143,3,0,0
BRDA:143,3,1,0
BRF:8
BRH:0
end_of_record
TN:
SF:src/monitoring/dashboard/services/DashboardService.js
FN:7,(anonymous_0)
FN:22,(anonymous_1)
FN:42,(anonymous_2)
FN:58,(anonymous_3)
FN:74,(anonymous_4)
FN:88,(anonymous_5)
FN:102,(anonymous_6)
FN:113,(anonymous_7)
FN:120,(anonymous_8)
FN:130,(anonymous_9)
FN:137,(anonymous_10)
FN:144,(anonymous_11)
FN:151,(anonymous_12)
FNF:13
FNH:0
FNDA:0,(anonymous_0)
FNDA:0,(anonymous_1)
FNDA:0,(anonymous_2)
FNDA:0,(anonymous_3)
FNDA:0,(anonymous_4)
FNDA:0,(anonymous_5)
FNDA:0,(anonymous_6)
FNDA:0,(anonymous_7)
FNDA:0,(anonymous_8)
FNDA:0,(anonymous_9)
FNDA:0,(anonymous_10)
FNDA:0,(anonymous_11)
FNDA:0,(anonymous_12)
DA:8,0
DA:9,0
DA:12,0
DA:13,0
DA:14,0
DA:15,0
DA:16,0
DA:23,0
DA:30,0
DA:43,0
DA:44,0
DA:45,0
DA:47,0
DA:59,0
DA:60,0
DA:61,0
DA:63,0
DA:75,0
DA:76,0
DA:78,0
DA:89,0
DA:90,0
DA:92,0
DA:103,0
DA:114,0
DA:122,0
DA:131,0
DA:138,0
DA:145,0
DA:152,0
DA:153,0
DA:156,0
DA:157,0
DA:158,0
DA:159,0
DA:160,0
DA:161,0
DA:163,0
DA:164,0
DA:165,0
DA:166,0
DA:171,0
DA:172,0
DA:173,0
DA:174,0
DA:175,0
DA:177,0
DA:178,0
DA:179,0
DA:183,0
DA:184,0
DA:185,0
DA:186,0
DA:187,0
DA:190,0
DA:194,0
LF:56
LH:0
BRDA:8,0,0,0
BRDA:8,0,1,0
BRDA:113,1,0,0
BRDA:120,2,0,0
BRDA:130,3,0,0
BRDA:130,4,0,0
BRDA:137,5,0,0
BRDA:156,6,0,0
BRDA:156,6,1,0
BRDA:158,7,0,0
BRDA:158,7,1,0
BRDA:161,8,0,0
BRDA:161,8,1,0
BRDA:163,9,0,0
BRDA:163,9,1,0
BRDA:166,10,0,0
BRDA:166,10,1,0
BRDA:171,11,0,0
BRDA:171,11,1,0
BRDA:171,12,0,0
BRDA:171,12,1,0
BRDA:175,13,0,0
BRDA:175,13,1,0
BRDA:179,14,0,0
BRDA:179,14,1,0
BRDA:183,15,0,0
BRDA:183,15,1,0
BRDA:183,16,0,0
BRDA:183,16,1,0
BRDA:187,17,0,0
BRDA:187,17,1,0
BRF:31
BRH:0
end_of_record
TN:
SF:src/routes/authRoutes.js
FNF:0
FNH:0
DA:1,3
DA:2,3
DA:3,3
DA:4,3
DA:5,3
DA:8,3
DA:9,3
DA:12,3
DA:13,3
DA:14,3
DA:17,3
DA:20,3
DA:22,3
LF:13
LH:13
BRF:0
BRH:0
end_of_record
TN:
SF:src/routes/categoryRoutes.js
FNF:0
FNH:0
DA:1,1
DA:2,1
DA:3,1
DA:4,1
DA:5,1
DA:8,1
DA:9,1
DA:12,1
DA:13,1
DA:14,1
DA:16,1
LF:11
LH:11
BRF:0
BRH:0
end_of_record
TN:
SF:src/routes/recipeRoutes.js
FNF:0
FNH:0
DA:1,3
DA:2,3
DA:3,3
DA:4,3
DA:5,3
DA:6,3
DA:7,3
DA:11,3
DA:21,3
DA:32,3
DA:34,3
DA:36,3
DA:38,3
DA:40,3
DA:43,3
LF:15
LH:15
BRF:0
BRH:0
end_of_record
TN:
SF:src/services/cacheService.js
FN:19,(anonymous_0)
FN:33,(anonymous_1)
FN:59,(anonymous_2)
FN:74,(anonymous_3)
FN:94,(anonymous_4)
FN:102,(anonymous_5)
FN:116,(anonymous_6)
FN:131,(anonymous_7)
FN:144,(anonymous_8)
FN:152,(anonymous_9)
FN:167,(anonymous_10)
FN:181,(anonymous_11)
FN:203,(anonymous_12)
FN:220,(anonymous_13)
FN:234,(anonymous_14)
FN:243,(anonymous_15)
FN:255,(anonymous_16)
FN:277,(anonymous_17)
FN:291,(anonymous_18)
FN:305,(anonymous_19)
FN:322,(anonymous_20)
FN:337,(anonymous_21)
FN:353,(anonymous_22)
FN:367,(anonymous_23)
FN:383,(anonymous_24)
FN:397,(anonymous_25)
FN:411,(anonymous_26)
FN:426,(anonymous_27)
FN:441,(anonymous_28)
FN:455,(anonymous_29)
FN:471,(anonymous_30)
FN:479,(anonymous_31)
FN:492,(anonymous_32)
FN:504,(anonymous_33)
FN:511,(anonymous_34)
FNF:35
FNH:28
FNDA:1,(anonymous_0)
FNDA:1,(anonymous_1)
FNDA:5,(anonymous_2)
FNDA:4,(anonymous_3)
FNDA:1,(anonymous_4)
FNDA:1,(anonymous_5)
FNDA:10,(anonymous_6)
FNDA:3,(anonymous_7)
FNDA:2,(anonymous_8)
FNDA:1,(anonymous_9)
FNDA:3,(anonymous_10)
FNDA:2,(anonymous_11)
FNDA:1,(anonymous_12)
FNDA:1,(anonymous_13)
FNDA:2,(anonymous_14)
FNDA:1,(anonymous_15)
FNDA:0,(anonymous_16)
FNDA:3,(anonymous_17)
FNDA:2,(anonymous_18)
FNDA:0,(anonymous_19)
FNDA:0,(anonymous_20)
FNDA:3,(anonymous_21)
FNDA:3,(anonymous_22)
FNDA:6,(anonymous_23)
FNDA:3,(anonymous_24)
FNDA:2,(anonymous_25)
FNDA:1,(anonymous_26)
FNDA:0,(anonymous_27)
FNDA:0,(anonymous_28)
FNDA:0,(anonymous_29)
FNDA:8,(anonymous_30)
FNDA:0,(anonymous_31)
FNDA:31,(anonymous_32)
FNDA:2,(anonymous_33)
FNDA:1,(anonymous_34)
DA:15,1
DA:16,1
DA:20,1
DA:27,1
DA:34,1
DA:35,0
DA:38,1
DA:39,1
DA:40,1
DA:41,1
DA:42,1
DA:44,0
DA:45,0
DA:60,5
DA:61,5
DA:68,5
DA:75,4
DA:76,4
DA:78,4
DA:79,4
DA:83,0
DA:84,0
DA:85,0
DA:88,0
DA:95,1
DA:96,1
DA:103,1
DA:104,1
DA:106,1
DA:107,0
DA:110,1
DA:117,10
DA:118,10
DA:132,3
DA:133,3
DA:138,3
DA:145,2
DA:146,2
DA:153,1
DA:154,1
DA:168,3
DA:169,3
DA:175,3
DA:182,2
DA:183,2
DA:185,2
DA:186,2
DA:190,0
DA:191,0
DA:192,0
DA:193,0
DA:196,0
DA:204,1
DA:205,1
DA:214,1
DA:221,1
DA:222,1
DA:224,1
DA:225,1
DA:228,0
DA:235,2
DA:236,2
DA:237,2
DA:244,1
DA:249,1
DA:257,0
DA:258,0
DA:260,0
DA:261,0
DA:264,0
DA:278,3
DA:279,3
DA:285,3
DA:292,2
DA:293,2
DA:295,2
DA:296,2
DA:300,0
DA:301,0
DA:303,0
DA:305,0
DA:306,0
DA:307,0
DA:308,0
DA:309,0
DA:311,0
DA:316,0
DA:323,0
DA:324,0
DA:338,3
DA:339,3
DA:347,3
DA:354,3
DA:355,3
DA:357,3
DA:358,3
DA:361,0
DA:368,6
DA:369,6
DA:370,6
DA:384,3
DA:385,3
DA:391,3
DA:398,2
DA:399,2
DA:401,2
DA:402,2
DA:405,0
DA:412,1
DA:413,1
DA:427,0
DA:428,0
DA:435,0
DA:442,0
DA:443,0
DA:445,0
DA:446,0
DA:449,0
DA:456,0
DA:457,0
DA:458,0
DA:472,8
DA:473,8
DA:480,0
DA:482,0
DA:483,0
DA:486,0
DA:493,31
DA:494,31
DA:497,0
DA:498,0
DA:505,2
DA:512,1
DA:517,1
DA:519,1
LF:135
LH:85
BRDA:34,0,0,0
BRDA:34,0,1,1
BRDA:59,1,0,5
BRDA:78,2,0,4
BRDA:78,2,1,0
BRDA:83,3,0,0
BRDA:83,3,1,0
BRDA:106,4,0,0
BRDA:106,4,1,1
BRDA:131,5,0,3
BRDA:167,6,0,3
BRDA:185,7,0,2
BRDA:185,7,1,0
BRDA:191,8,0,0
BRDA:191,8,1,0
BRDA:203,9,0,1
BRDA:224,10,0,1
BRDA:224,10,1,0
BRDA:260,11,0,0
BRDA:260,11,1,0
BRDA:277,12,0,3
BRDA:291,13,0,1
BRDA:295,14,0,2
BRDA:295,14,1,0
BRDA:303,15,0,0
BRDA:303,15,1,0
BRDA:303,16,0,0
BRDA:303,16,1,0
BRDA:303,16,2,0
BRDA:337,17,0,3
BRDA:357,18,0,3
BRDA:357,18,1,0
BRDA:383,19,0,3
BRDA:401,20,0,2
BRDA:401,20,1,0
BRDA:426,21,0,0
BRDA:445,22,0,0
BRDA:445,22,1,0
BRDA:482,23,0,0
BRDA:482,23,1,0
BRDA:493,24,0,31
BRDA:493,24,1,0
BRF:42
BRH:17
end_of_record
TN:
SF:src/utils/database-migration.js
FN:10,(anonymous_0)
FN:17,(anonymous_1)
FN:23,(anonymous_2)
FN:43,(anonymous_3)
FN:48,(anonymous_4)
FN:65,(anonymous_5)
FN:68,(anonymous_6)
FN:73,(anonymous_7)
FN:74,(anonymous_8)
FN:77,(anonymous_9)
FN:85,(anonymous_10)
FN:118,(anonymous_11)
FN:139,(anonymous_12)
FN:141,(anonymous_13)
FN:181,(anonymous_14)
FN:192,(anonymous_15)
FN:195,(anonymous_16)
FN:199,(anonymous_17)
FN:210,(anonymous_18)
FN:217,(anonymous_19)
FN:218,(anonymous_20)
FN:224,(anonymous_21)
FN:233,(anonymous_22)
FN:234,(anonymous_23)
FN:245,(anonymous_24)
FN:266,(anonymous_25)
FNF:26
FNH:0
FNDA:0,(anonymous_0)
FNDA:0,(anonymous_1)
FNDA:0,(anonymous_2)
FNDA:0,(anonymous_3)
FNDA:0,(anonymous_4)
FNDA:0,(anonymous_5)
FNDA:0,(anonymous_6)
FNDA:0,(anonymous_7)
FNDA:0,(anonymous_8)
FNDA:0,(anonymous_9)
FNDA:0,(anonymous_10)
FNDA:0,(anonymous_11)
FNDA:0,(anonymous_12)
FNDA:0,(anonymous_13)
FNDA:0,(anonymous_14)
FNDA:0,(anonymous_15)
FNDA:0,(anonymous_16)
FNDA:0,(anonymous_17)
FNDA:0,(anonymous_18)
FNDA:0,(anonymous_19)
FNDA:0,(anonymous_20)
FNDA:0,(anonymous_21)
FNDA:0,(anonymous_22)
FNDA:0,(anonymous_23)
FNDA:0,(anonymous_24)
FNDA:0,(anonymous_25)
DA:1,0
DA:2,0
DA:3,0
DA:11,0
DA:12,0
DA:13,0
DA:14,0
DA:18,0
DA:19,0
DA:24,0
DA:26,0
DA:27,0
DA:28,0
DA:30,0
DA:31,0
DA:32,0
DA:33,0
DA:35,0
DA:36,0
DA:40,0
DA:44,0
DA:45,0
DA:48,0
DA:51,0
DA:52,0
DA:54,0
DA:55,0
DA:57,0
DA:61,0
DA:66,0
DA:67,0
DA:68,0
DA:74,0
DA:75,0
DA:77,0
DA:78,0
DA:79,0
DA:80,0
DA:86,0
DA:92,0
DA:93,0
DA:94,0
DA:95,0
DA:98,0
DA:99,0
DA:104,0
DA:105,0
DA:106,0
DA:107,0
DA:110,0
DA:111,0
DA:115,0
DA:119,0
DA:120,0
DA:122,0
DA:125,0
DA:126,0
DA:129,0
DA:130,0
DA:134,0
DA:135,0
DA:137,0
DA:139,0
DA:140,0
DA:141,0
DA:142,0
DA:144,0
DA:145,0
DA:146,0
DA:148,0
DA:149,0
DA:151,0
DA:152,0
DA:153,0
DA:154,0
DA:158,0
DA:159,0
DA:163,0
DA:164,0
DA:165,0
DA:167,0
DA:168,0
DA:171,0
DA:174,0
DA:177,0
DA:178,0
DA:179,0
DA:181,0
DA:182,0
DA:183,0
DA:188,0
DA:189,0
DA:193,0
DA:195,0
DA:196,0
DA:199,0
DA:200,0
DA:201,0
DA:202,0
DA:206,0
DA:211,0
DA:212,0
DA:213,0
DA:217,0
DA:218,0
DA:221,0
DA:225,0
DA:226,0
DA:228,0
DA:233,0
DA:234,0
DA:235,0
DA:236,0
DA:237,0
DA:246,0
DA:247,0
DA:249,0
DA:251,0
DA:252,0
DA:254,0
DA:257,0
DA:258,0
DA:264,0
DA:265,0
DA:266,0
DA:267,0
DA:268,0
DA:269,0
DA:271,0
DA:272,0
DA:277,0
LF:131
LH:0
BRDA:18,0,0,0
BRDA:18,0,1,0
BRDA:23,1,0,0
BRDA:26,2,0,0
BRDA:26,2,1,0
BRDA:44,3,0,0
BRDA:44,3,1,0
BRDA:67,4,0,0
BRDA:67,4,1,0
BRDA:79,5,0,0
BRDA:79,5,1,0
BRDA:92,6,0,0
BRDA:92,6,1,0
BRDA:104,7,0,0
BRDA:104,7,1,0
BRDA:125,8,0,0
BRDA:125,8,1,0
BRDA:129,9,0,0
BRDA:129,9,1,0
BRDA:137,10,0,0
BRDA:137,10,1,0
BRDA:137,11,0,0
BRDA:137,11,1,0
BRDA:140,12,0,0
BRDA:140,12,1,0
BRDA:142,13,0,0
BRDA:142,13,1,0
BRDA:144,14,0,0
BRDA:144,14,1,0
BRDA:151,15,0,0
BRDA:151,15,1,0
BRDA:153,16,0,0
BRDA:153,16,1,0
BRDA:158,17,0,0
BRDA:158,17,1,0
BRDA:158,18,0,0
BRDA:158,18,1,0
BRDA:163,19,0,0
BRDA:163,19,1,0
BRDA:167,20,0,0
BRDA:167,20,1,0
BRDA:182,21,0,0
BRDA:182,21,1,0
BRDA:200,22,0,0
BRDA:200,22,1,0
BRDA:211,23,0,0
BRDA:211,23,1,0
BRDA:225,24,0,0
BRDA:225,24,1,0
BRDA:225,25,0,0
BRDA:225,25,1,0
BRDA:236,26,0,0
BRDA:236,26,1,0
BRDA:264,27,0,0
BRDA:264,27,1,0
BRDA:267,28,0,0
BRDA:267,28,1,0
BRF:57
BRH:0
end_of_record
TN:
SF:src/utils/database-optimizer.js
FN:9,(anonymous_0)
FN:18,(anonymous_1)
FN:88,(anonymous_2)
FN:111,(anonymous_3)
FN:137,(anonymous_4)
FN:220,(anonymous_5)
FN:243,(anonymous_6)
FN:261,(anonymous_7)
FN:273,(anonymous_8)
FN:294,(anonymous_9)
FN:317,(anonymous_10)
FN:337,(anonymous_11)
FN:357,(anonymous_12)
FN:364,(anonymous_13)
FNF:14
FNH:0
FNDA:0,(anonymous_0)
FNDA:0,(anonymous_1)
FNDA:0,(anonymous_2)
FNDA:0,(anonymous_3)
FNDA:0,(anonymous_4)
FNDA:0,(anonymous_5)
FNDA:0,(anonymous_6)
FNDA:0,(anonymous_7)
FNDA:0,(anonymous_8)
FNDA:0,(anonymous_9)
FNDA:0,(anonymous_10)
FNDA:0,(anonymous_11)
FNDA:0,(anonymous_12)
FNDA:0,(anonymous_13)
DA:6,0
DA:10,0
DA:19,0
DA:21,0
DA:22,0
DA:25,0
DA:59,0
DA:60,0
DA:61,0
DA:62,0
DA:64,0
DA:66,0
DA:67,0
DA:72,0
DA:75,0
DA:77,0
DA:80,0
DA:81,0
DA:83,0
DA:89,0
DA:91,0
DA:92,0
DA:94,0
DA:97,0
DA:99,0
DA:100,0
DA:103,0
DA:104,0
DA:106,0
DA:112,0
DA:114,0
DA:115,0
DA:118,0
DA:121,0
DA:124,0
DA:126,0
DA:129,0
DA:130,0
DA:132,0
DA:138,0
DA:140,0
DA:141,0
DA:197,0
DA:198,0
DA:200,0
DA:202,0
DA:204,0
DA:206,0
DA:207,0
DA:212,0
DA:213,0
DA:215,0
DA:221,0
DA:223,0
DA:224,0
DA:233,0
DA:236,0
DA:238,0
DA:244,0
DA:246,0
DA:247,0
DA:260,0
DA:261,0
DA:262,0
DA:266,0
DA:268,0
DA:274,0
DA:276,0
DA:277,0
DA:280,0
DA:281,0
DA:282,0
DA:284,0
DA:287,0
DA:289,0
DA:295,0
DA:297,0
DA:298,0
DA:301,0
DA:315,0
DA:316,0
DA:317,0
DA:318,0
DA:321,0
DA:325,0
DA:336,0
DA:337,0
DA:338,0
DA:341,0
DA:349,0
DA:350,0
DA:352,0
DA:358,0
DA:360,0
DA:361,0
DA:364,0
DA:365,0
DA:366,0
DA:369,0
DA:370,0
DA:373,0
DA:378,0
DA:380,0
LF:103
LH:0
BRDA:66,0,0,0
BRDA:66,0,1,0
BRDA:200,1,0,0
BRDA:200,1,1,0
BRDA:206,2,0,0
BRDA:206,2,1,0
BRDA:315,3,0,0
BRDA:315,3,1,0
BRDA:360,4,0,0
BRDA:360,4,1,0
BRDA:365,5,0,0
BRDA:365,5,1,0
BRDA:369,6,0,0
BRDA:369,6,1,0
BRF:14
BRH:0
end_of_record
TN:
SF:src/utils/errorCodes.js
FN:139,(anonymous_0)
FN:153,(anonymous_1)
FN:170,(anonymous_2)
FN:186,(anonymous_3)
FN:187,(anonymous_4)
FN:195,(anonymous_5)
FNF:6
FNH:2
FNDA:64,(anonymous_0)
FNDA:155,(anonymous_1)
FNDA:0,(anonymous_2)
FNDA:0,(anonymous_3)
FNDA:0,(anonymous_4)
FNDA:0,(anonymous_5)
DA:6,5
DA:139,64
DA:153,155
DA:170,5
DA:186,5
DA:187,0
DA:195,5
DA:196,0
DA:206,0
DA:209,5
LF:10
LH:7
BRDA:139,0,0,0
BRDA:139,1,0,1
BRDA:153,2,0,118
BRDA:153,3,0,155
BRDA:187,4,0,0
BRDA:187,4,1,0
BRDA:206,5,0,0
BRDA:206,5,1,0
BRF:8
BRH:3
end_of_record
TN:
SF:src/utils/recipe-cache.js
FN:9,(anonymous_0)
FN:20,(anonymous_1)
FN:31,(anonymous_2)
FN:47,(anonymous_3)
FN:61,(anonymous_4)
FN:77,(anonymous_5)
FN:92,(anonymous_6)
FN:108,(anonymous_7)
FN:121,(anonymous_8)
FN:136,(anonymous_9)
FN:155,(anonymous_10)
FN:175,(anonymous_11)
FN:187,(anonymous_12)
FN:202,(anonymous_13)
FN:211,(anonymous_14)
FN:211,(anonymous_15)
FN:221,(anonymous_16)
FN:228,(anonymous_17)
FN:238,(anonymous_18)
FN:258,(anonymous_19)
FNF:20
FNH:4
FNDA:4,(anonymous_0)
FNDA:0,(anonymous_1)
FNDA:1,(anonymous_2)
FNDA:0,(anonymous_3)
FNDA:0,(anonymous_4)
FNDA:0,(anonymous_5)
FNDA:181,(anonymous_6)
FNDA:0,(anonymous_7)
FNDA:0,(anonymous_8)
FNDA:0,(anonymous_9)
FNDA:0,(anonymous_10)
FNDA:0,(anonymous_11)
FNDA:0,(anonymous_12)
FNDA:0,(anonymous_13)
FNDA:0,(anonymous_14)
FNDA:0,(anonymous_15)
FNDA:0,(anonymous_16)
FNDA:181,(anonymous_17)
FNDA:0,(anonymous_18)
FNDA:0,(anonymous_19)
DA:6,4
DA:10,4
DA:21,0
DA:22,0
DA:28,0
DA:32,1
DA:33,1
DA:35,1
DA:36,0
DA:38,0
DA:39,0
DA:43,1
DA:48,0
DA:49,0
DA:51,0
DA:58,0
DA:62,0
DA:63,0
DA:64,0
DA:66,0
DA:67,0
DA:68,0
DA:69,0
DA:73,0
DA:78,0
DA:79,0
DA:81,0
DA:89,0
DA:93,181
DA:94,181
DA:95,181
DA:97,181
DA:98,0
DA:99,0
DA:100,0
DA:104,181
DA:109,0
DA:111,0
DA:118,0
DA:122,0
DA:123,0
DA:125,0
DA:126,0
DA:127,0
DA:128,0
DA:132,0
DA:137,0
DA:142,0
DA:144,0
DA:152,0
DA:156,0
DA:161,0
DA:162,0
DA:164,0
DA:165,0
DA:166,0
DA:167,0
DA:171,0
DA:176,0
DA:178,0
DA:184,0
DA:188,0
DA:189,0
DA:191,0
DA:192,0
DA:193,0
DA:194,0
DA:198,0
DA:203,0
DA:211,0
DA:216,0
DA:218,0
DA:224,0
DA:229,181
DA:230,181
DA:239,0
DA:259,0
DA:260,0
DA:265,0
DA:267,0
DA:273,4
DA:275,4
LF:82
LH:15
BRDA:35,0,0,0
BRDA:35,0,1,1
BRDA:38,1,0,0
BRDA:38,1,1,0
BRDA:47,2,0,0
BRDA:61,3,0,0
BRDA:66,4,0,0
BRDA:66,4,1,0
BRDA:68,5,0,0
BRDA:68,5,1,0
BRDA:77,6,0,0
BRDA:77,7,0,0
BRDA:92,8,0,0
BRDA:92,9,0,0
BRDA:97,10,0,0
BRDA:97,10,1,181
BRDA:99,11,0,0
BRDA:99,11,1,0
BRDA:108,12,0,0
BRDA:121,13,0,0
BRDA:125,14,0,0
BRDA:125,14,1,0
BRDA:127,15,0,0
BRDA:127,15,1,0
BRDA:136,16,0,0
BRDA:155,17,0,0
BRDA:164,18,0,0
BRDA:164,18,1,0
BRDA:166,19,0,0
BRDA:166,19,1,0
BRDA:191,20,0,0
BRDA:191,20,1,0
BRDA:193,21,0,0
BRDA:193,21,1,0
BRF:34
BRH:2
end_of_record
TN:
SF:src/utils/youtube-optimizer.js
FN:10,(anonymous_0)
FN:48,(anonymous_1)
FN:54,(anonymous_2)
FN:61,(anonymous_3)
FN:121,(anonymous_4)
FN:181,(anonymous_5)
FN:245,(anonymous_6)
FN:252,(anonymous_7)
FN:277,(anonymous_8)
FN:278,(anonymous_9)
FN:285,(anonymous_10)
FN:302,(anonymous_11)
FN:332,(anonymous_12)
FN:338,(anonymous_13)
FN:360,(anonymous_14)
FNF:15
FNH:0
FNDA:0,(anonymous_0)
FNDA:0,(anonymous_1)
FNDA:0,(anonymous_2)
FNDA:0,(anonymous_3)
FNDA:0,(anonymous_4)
FNDA:0,(anonymous_5)
FNDA:0,(anonymous_6)
FNDA:0,(anonymous_7)
FNDA:0,(anonymous_8)
FNDA:0,(anonymous_9)
FNDA:0,(anonymous_10)
FNDA:0,(anonymous_11)
FNDA:0,(anonymous_12)
FNDA:0,(anonymous_13)
FNDA:0,(anonymous_14)
DA:6,0
DA:7,0
DA:11,0
DA:12,0
DA:15,0
DA:23,0
DA:31,0
DA:38,0
DA:49,0
DA:50,0
DA:51,0
DA:53,0
DA:54,0
DA:57,0
DA:62,0
DA:63,0
DA:65,0
DA:67,0
DA:68,0
DA:69,0
DA:71,0
DA:72,0
DA:73,0
DA:74,0
DA:76,0
DA:81,0
DA:84,0
DA:94,0
DA:96,0
DA:97,0
DA:100,0
DA:103,0
DA:104,0
DA:105,0
DA:108,0
DA:109,0
DA:111,0
DA:114,0
DA:115,0
DA:116,0
DA:122,0
DA:123,0
DA:125,0
DA:127,0
DA:128,0
DA:129,0
DA:131,0
DA:132,0
DA:133,0
DA:134,0
DA:136,0
DA:141,0
DA:144,0
DA:154,0
DA:156,0
DA:157,0
DA:160,0
DA:163,0
DA:164,0
DA:165,0
DA:168,0
DA:169,0
DA:171,0
DA:174,0
DA:175,0
DA:176,0
DA:182,0
DA:183,0
DA:185,0
DA:187,0
DA:188,0
DA:189,0
DA:191,0
DA:192,0
DA:193,0
DA:194,0
DA:196,0
DA:201,0
DA:204,0
DA:207,0
DA:222,0
DA:224,0
DA:227,0
DA:228,0
DA:229,0
DA:232,0
DA:233,0
DA:235,0
DA:238,0
DA:239,0
DA:240,0
DA:246,0
DA:248,0
DA:249,0
DA:252,0
DA:253,0
DA:255,0
DA:258,0
DA:260,0
DA:267,0
DA:268,0
DA:276,0
DA:277,0
DA:278,0
DA:280,0
DA:282,0
DA:284,0
DA:285,0
DA:288,0
DA:296,0
DA:297,0
DA:303,0
DA:304,0
DA:306,0
DA:307,0
DA:310,0
DA:312,0
DA:325,0
DA:326,0
DA:328,0
DA:333,0
DA:339,0
DA:343,0
DA:362,0
DA:363,0
DA:368,0
DA:370,0
LF:127
LH:0
BRDA:53,0,0,0
BRDA:53,0,1,0
BRDA:61,1,0,0
BRDA:67,2,0,0
BRDA:67,2,1,0
BRDA:71,3,0,0
BRDA:71,3,1,0
BRDA:96,4,0,0
BRDA:96,4,1,0
BRDA:96,5,0,0
BRDA:96,5,1,0
BRDA:103,6,0,0
BRDA:103,6,1,0
BRDA:121,7,0,0
BRDA:127,8,0,0
BRDA:127,8,1,0
BRDA:131,9,0,0
BRDA:131,9,1,0
BRDA:156,10,0,0
BRDA:156,10,1,0
BRDA:156,11,0,0
BRDA:156,11,1,0
BRDA:163,12,0,0
BRDA:163,12,1,0
BRDA:181,13,0,0
BRDA:181,14,0,0
BRDA:187,15,0,0
BRDA:187,15,1,0
BRDA:191,16,0,0
BRDA:191,16,1,0
BRDA:224,17,0,0
BRDA:224,17,1,0
BRDA:227,18,0,0
BRDA:227,18,1,0
BRDA:245,19,0,0
BRDA:245,20,0,0
BRDA:284,21,0,0
BRDA:284,21,1,0
BRDA:302,22,0,0
BRDA:306,23,0,0
BRDA:306,23,1,0
BRDA:325,24,0,0
BRDA:325,24,1,0
BRDA:339,25,0,0
BRDA:339,25,1,0
BRDA:360,26,0,0
BRF:46
BRH:0
end_of_record
